[2024-12-21T18:41:25.806+0600] {processor.py:186} INFO - Started process (PID=5938) to work on /home/abr/.local/lib/python3.10/site-packages/airflow/example_dags/plugins/decreasing_priority_weight_strategy.py
[2024-12-21T18:41:25.807+0600] {processor.py:914} INFO - Processing file /home/abr/.local/lib/python3.10/site-packages/airflow/example_dags/plugins/decreasing_priority_weight_strategy.py for tasks to queue
[2024-12-21T18:41:25.810+0600] {logging_mixin.py:190} INFO - [2024-12-21T18:41:25.809+0600] {dagbag.py:588} INFO - Filling up the DagBag from /home/abr/.local/lib/python3.10/site-packages/airflow/example_dags/plugins/decreasing_priority_weight_strategy.py
[2024-12-21T18:41:25.814+0600] {processor.py:927} WARNING - No viable dags retrieved from /home/abr/.local/lib/python3.10/site-packages/airflow/example_dags/plugins/decreasing_priority_weight_strategy.py
[2024-12-21T18:41:25.829+0600] {processor.py:208} INFO - Processing /home/abr/.local/lib/python3.10/site-packages/airflow/example_dags/plugins/decreasing_priority_weight_strategy.py took 0.033 seconds
[2024-12-21T18:42:42.260+0600] {processor.py:186} INFO - Started process (PID=6044) to work on /home/abr/.local/lib/python3.10/site-packages/airflow/example_dags/plugins/decreasing_priority_weight_strategy.py
[2024-12-21T18:42:42.266+0600] {processor.py:914} INFO - Processing file /home/abr/.local/lib/python3.10/site-packages/airflow/example_dags/plugins/decreasing_priority_weight_strategy.py for tasks to queue
[2024-12-21T18:42:42.269+0600] {logging_mixin.py:190} INFO - [2024-12-21T18:42:42.269+0600] {dagbag.py:588} INFO - Filling up the DagBag from /home/abr/.local/lib/python3.10/site-packages/airflow/example_dags/plugins/decreasing_priority_weight_strategy.py
[2024-12-21T18:42:42.273+0600] {processor.py:927} WARNING - No viable dags retrieved from /home/abr/.local/lib/python3.10/site-packages/airflow/example_dags/plugins/decreasing_priority_weight_strategy.py
[2024-12-21T18:42:42.289+0600] {processor.py:208} INFO - Processing /home/abr/.local/lib/python3.10/site-packages/airflow/example_dags/plugins/decreasing_priority_weight_strategy.py took 0.040 seconds
[2024-12-21T18:43:23.098+0600] {processor.py:186} INFO - Started process (PID=6107) to work on /home/abr/.local/lib/python3.10/site-packages/airflow/example_dags/plugins/decreasing_priority_weight_strategy.py
[2024-12-21T18:43:23.105+0600] {processor.py:914} INFO - Processing file /home/abr/.local/lib/python3.10/site-packages/airflow/example_dags/plugins/decreasing_priority_weight_strategy.py for tasks to queue
[2024-12-21T18:43:23.108+0600] {logging_mixin.py:190} INFO - [2024-12-21T18:43:23.107+0600] {dagbag.py:588} INFO - Filling up the DagBag from /home/abr/.local/lib/python3.10/site-packages/airflow/example_dags/plugins/decreasing_priority_weight_strategy.py
[2024-12-21T18:43:23.111+0600] {processor.py:927} WARNING - No viable dags retrieved from /home/abr/.local/lib/python3.10/site-packages/airflow/example_dags/plugins/decreasing_priority_weight_strategy.py
[2024-12-21T18:43:23.128+0600] {processor.py:208} INFO - Processing /home/abr/.local/lib/python3.10/site-packages/airflow/example_dags/plugins/decreasing_priority_weight_strategy.py took 0.039 seconds
[2024-12-21T18:43:59.560+0600] {processor.py:186} INFO - Started process (PID=6167) to work on /home/abr/.local/lib/python3.10/site-packages/airflow/example_dags/plugins/decreasing_priority_weight_strategy.py
[2024-12-21T18:43:59.567+0600] {processor.py:914} INFO - Processing file /home/abr/.local/lib/python3.10/site-packages/airflow/example_dags/plugins/decreasing_priority_weight_strategy.py for tasks to queue
[2024-12-21T18:43:59.570+0600] {logging_mixin.py:190} INFO - [2024-12-21T18:43:59.570+0600] {dagbag.py:588} INFO - Filling up the DagBag from /home/abr/.local/lib/python3.10/site-packages/airflow/example_dags/plugins/decreasing_priority_weight_strategy.py
[2024-12-21T18:43:59.574+0600] {processor.py:927} WARNING - No viable dags retrieved from /home/abr/.local/lib/python3.10/site-packages/airflow/example_dags/plugins/decreasing_priority_weight_strategy.py
[2024-12-21T18:43:59.591+0600] {processor.py:208} INFO - Processing /home/abr/.local/lib/python3.10/site-packages/airflow/example_dags/plugins/decreasing_priority_weight_strategy.py took 0.042 seconds
[2024-12-21T18:44:35.350+0600] {processor.py:186} INFO - Started process (PID=6209) to work on /home/abr/.local/lib/python3.10/site-packages/airflow/example_dags/plugins/decreasing_priority_weight_strategy.py
[2024-12-21T18:44:35.356+0600] {processor.py:914} INFO - Processing file /home/abr/.local/lib/python3.10/site-packages/airflow/example_dags/plugins/decreasing_priority_weight_strategy.py for tasks to queue
[2024-12-21T18:44:35.360+0600] {logging_mixin.py:190} INFO - [2024-12-21T18:44:35.360+0600] {dagbag.py:588} INFO - Filling up the DagBag from /home/abr/.local/lib/python3.10/site-packages/airflow/example_dags/plugins/decreasing_priority_weight_strategy.py
[2024-12-21T18:44:35.365+0600] {processor.py:927} WARNING - No viable dags retrieved from /home/abr/.local/lib/python3.10/site-packages/airflow/example_dags/plugins/decreasing_priority_weight_strategy.py
[2024-12-21T18:44:35.382+0600] {processor.py:208} INFO - Processing /home/abr/.local/lib/python3.10/site-packages/airflow/example_dags/plugins/decreasing_priority_weight_strategy.py took 0.043 seconds
[2024-12-21T18:45:11.015+0600] {processor.py:186} INFO - Started process (PID=6310) to work on /home/abr/.local/lib/python3.10/site-packages/airflow/example_dags/plugins/decreasing_priority_weight_strategy.py
[2024-12-21T18:45:11.022+0600] {processor.py:914} INFO - Processing file /home/abr/.local/lib/python3.10/site-packages/airflow/example_dags/plugins/decreasing_priority_weight_strategy.py for tasks to queue
[2024-12-21T18:45:11.025+0600] {logging_mixin.py:190} INFO - [2024-12-21T18:45:11.025+0600] {dagbag.py:588} INFO - Filling up the DagBag from /home/abr/.local/lib/python3.10/site-packages/airflow/example_dags/plugins/decreasing_priority_weight_strategy.py
[2024-12-21T18:45:11.029+0600] {processor.py:927} WARNING - No viable dags retrieved from /home/abr/.local/lib/python3.10/site-packages/airflow/example_dags/plugins/decreasing_priority_weight_strategy.py
[2024-12-21T18:45:11.046+0600] {processor.py:208} INFO - Processing /home/abr/.local/lib/python3.10/site-packages/airflow/example_dags/plugins/decreasing_priority_weight_strategy.py took 0.041 seconds
[2024-12-21T18:46:16.101+0600] {processor.py:186} INFO - Started process (PID=6453) to work on /home/abr/.local/lib/python3.10/site-packages/airflow/example_dags/plugins/decreasing_priority_weight_strategy.py
[2024-12-21T18:46:16.103+0600] {processor.py:914} INFO - Processing file /home/abr/.local/lib/python3.10/site-packages/airflow/example_dags/plugins/decreasing_priority_weight_strategy.py for tasks to queue
[2024-12-21T18:46:16.106+0600] {logging_mixin.py:190} INFO - [2024-12-21T18:46:16.105+0600] {dagbag.py:588} INFO - Filling up the DagBag from /home/abr/.local/lib/python3.10/site-packages/airflow/example_dags/plugins/decreasing_priority_weight_strategy.py
[2024-12-21T18:46:16.110+0600] {processor.py:927} WARNING - No viable dags retrieved from /home/abr/.local/lib/python3.10/site-packages/airflow/example_dags/plugins/decreasing_priority_weight_strategy.py
[2024-12-21T18:46:16.127+0600] {processor.py:208} INFO - Processing /home/abr/.local/lib/python3.10/site-packages/airflow/example_dags/plugins/decreasing_priority_weight_strategy.py took 0.036 seconds
[2024-12-21T18:47:20.785+0600] {processor.py:186} INFO - Started process (PID=6551) to work on /home/abr/.local/lib/python3.10/site-packages/airflow/example_dags/plugins/decreasing_priority_weight_strategy.py
[2024-12-21T18:47:20.791+0600] {processor.py:914} INFO - Processing file /home/abr/.local/lib/python3.10/site-packages/airflow/example_dags/plugins/decreasing_priority_weight_strategy.py for tasks to queue
[2024-12-21T18:47:20.795+0600] {logging_mixin.py:190} INFO - [2024-12-21T18:47:20.794+0600] {dagbag.py:588} INFO - Filling up the DagBag from /home/abr/.local/lib/python3.10/site-packages/airflow/example_dags/plugins/decreasing_priority_weight_strategy.py
[2024-12-21T18:47:20.799+0600] {processor.py:927} WARNING - No viable dags retrieved from /home/abr/.local/lib/python3.10/site-packages/airflow/example_dags/plugins/decreasing_priority_weight_strategy.py
[2024-12-21T18:47:20.815+0600] {processor.py:208} INFO - Processing /home/abr/.local/lib/python3.10/site-packages/airflow/example_dags/plugins/decreasing_priority_weight_strategy.py took 0.040 seconds
[2024-12-21T18:48:23.780+0600] {processor.py:186} INFO - Started process (PID=6632) to work on /home/abr/.local/lib/python3.10/site-packages/airflow/example_dags/plugins/decreasing_priority_weight_strategy.py
[2024-12-21T18:48:23.787+0600] {processor.py:914} INFO - Processing file /home/abr/.local/lib/python3.10/site-packages/airflow/example_dags/plugins/decreasing_priority_weight_strategy.py for tasks to queue
[2024-12-21T18:48:23.791+0600] {logging_mixin.py:190} INFO - [2024-12-21T18:48:23.790+0600] {dagbag.py:588} INFO - Filling up the DagBag from /home/abr/.local/lib/python3.10/site-packages/airflow/example_dags/plugins/decreasing_priority_weight_strategy.py
[2024-12-21T18:48:23.795+0600] {processor.py:927} WARNING - No viable dags retrieved from /home/abr/.local/lib/python3.10/site-packages/airflow/example_dags/plugins/decreasing_priority_weight_strategy.py
[2024-12-21T18:48:23.811+0600] {processor.py:208} INFO - Processing /home/abr/.local/lib/python3.10/site-packages/airflow/example_dags/plugins/decreasing_priority_weight_strategy.py took 0.042 seconds
[2024-12-21T18:49:25.223+0600] {processor.py:186} INFO - Started process (PID=6714) to work on /home/abr/.local/lib/python3.10/site-packages/airflow/example_dags/plugins/decreasing_priority_weight_strategy.py
[2024-12-21T18:49:25.230+0600] {processor.py:914} INFO - Processing file /home/abr/.local/lib/python3.10/site-packages/airflow/example_dags/plugins/decreasing_priority_weight_strategy.py for tasks to queue
[2024-12-21T18:49:25.234+0600] {logging_mixin.py:190} INFO - [2024-12-21T18:49:25.233+0600] {dagbag.py:588} INFO - Filling up the DagBag from /home/abr/.local/lib/python3.10/site-packages/airflow/example_dags/plugins/decreasing_priority_weight_strategy.py
[2024-12-21T18:49:25.238+0600] {processor.py:927} WARNING - No viable dags retrieved from /home/abr/.local/lib/python3.10/site-packages/airflow/example_dags/plugins/decreasing_priority_weight_strategy.py
[2024-12-21T18:49:25.254+0600] {processor.py:208} INFO - Processing /home/abr/.local/lib/python3.10/site-packages/airflow/example_dags/plugins/decreasing_priority_weight_strategy.py took 0.041 seconds
[2024-12-21T18:50:29.045+0600] {processor.py:186} INFO - Started process (PID=6840) to work on /home/abr/.local/lib/python3.10/site-packages/airflow/example_dags/plugins/decreasing_priority_weight_strategy.py
[2024-12-21T18:50:29.051+0600] {processor.py:914} INFO - Processing file /home/abr/.local/lib/python3.10/site-packages/airflow/example_dags/plugins/decreasing_priority_weight_strategy.py for tasks to queue
[2024-12-21T18:50:29.055+0600] {logging_mixin.py:190} INFO - [2024-12-21T18:50:29.054+0600] {dagbag.py:588} INFO - Filling up the DagBag from /home/abr/.local/lib/python3.10/site-packages/airflow/example_dags/plugins/decreasing_priority_weight_strategy.py
[2024-12-21T18:50:29.059+0600] {processor.py:927} WARNING - No viable dags retrieved from /home/abr/.local/lib/python3.10/site-packages/airflow/example_dags/plugins/decreasing_priority_weight_strategy.py
[2024-12-21T18:50:29.076+0600] {processor.py:208} INFO - Processing /home/abr/.local/lib/python3.10/site-packages/airflow/example_dags/plugins/decreasing_priority_weight_strategy.py took 0.041 seconds
[2024-12-21T18:51:30.771+0600] {processor.py:186} INFO - Started process (PID=6947) to work on /home/abr/.local/lib/python3.10/site-packages/airflow/example_dags/plugins/decreasing_priority_weight_strategy.py
[2024-12-21T18:51:30.777+0600] {processor.py:914} INFO - Processing file /home/abr/.local/lib/python3.10/site-packages/airflow/example_dags/plugins/decreasing_priority_weight_strategy.py for tasks to queue
[2024-12-21T18:51:30.781+0600] {logging_mixin.py:190} INFO - [2024-12-21T18:51:30.780+0600] {dagbag.py:588} INFO - Filling up the DagBag from /home/abr/.local/lib/python3.10/site-packages/airflow/example_dags/plugins/decreasing_priority_weight_strategy.py
[2024-12-21T18:51:30.784+0600] {processor.py:927} WARNING - No viable dags retrieved from /home/abr/.local/lib/python3.10/site-packages/airflow/example_dags/plugins/decreasing_priority_weight_strategy.py
[2024-12-21T18:51:30.801+0600] {processor.py:208} INFO - Processing /home/abr/.local/lib/python3.10/site-packages/airflow/example_dags/plugins/decreasing_priority_weight_strategy.py took 0.041 seconds
[2024-12-21T18:52:37.027+0600] {processor.py:186} INFO - Started process (PID=7048) to work on /home/abr/.local/lib/python3.10/site-packages/airflow/example_dags/plugins/decreasing_priority_weight_strategy.py
[2024-12-21T18:52:37.028+0600] {processor.py:914} INFO - Processing file /home/abr/.local/lib/python3.10/site-packages/airflow/example_dags/plugins/decreasing_priority_weight_strategy.py for tasks to queue
[2024-12-21T18:52:37.031+0600] {logging_mixin.py:190} INFO - [2024-12-21T18:52:37.031+0600] {dagbag.py:588} INFO - Filling up the DagBag from /home/abr/.local/lib/python3.10/site-packages/airflow/example_dags/plugins/decreasing_priority_weight_strategy.py
[2024-12-21T18:52:37.035+0600] {processor.py:927} WARNING - No viable dags retrieved from /home/abr/.local/lib/python3.10/site-packages/airflow/example_dags/plugins/decreasing_priority_weight_strategy.py
[2024-12-21T18:52:37.052+0600] {processor.py:208} INFO - Processing /home/abr/.local/lib/python3.10/site-packages/airflow/example_dags/plugins/decreasing_priority_weight_strategy.py took 0.035 seconds
[2024-12-21T18:53:13.998+0600] {processor.py:186} INFO - Started process (PID=7092) to work on /home/abr/.local/lib/python3.10/site-packages/airflow/example_dags/plugins/decreasing_priority_weight_strategy.py
[2024-12-21T18:53:14.005+0600] {processor.py:914} INFO - Processing file /home/abr/.local/lib/python3.10/site-packages/airflow/example_dags/plugins/decreasing_priority_weight_strategy.py for tasks to queue
[2024-12-21T18:53:14.008+0600] {logging_mixin.py:190} INFO - [2024-12-21T18:53:14.008+0600] {dagbag.py:588} INFO - Filling up the DagBag from /home/abr/.local/lib/python3.10/site-packages/airflow/example_dags/plugins/decreasing_priority_weight_strategy.py
[2024-12-21T18:53:14.012+0600] {processor.py:927} WARNING - No viable dags retrieved from /home/abr/.local/lib/python3.10/site-packages/airflow/example_dags/plugins/decreasing_priority_weight_strategy.py
[2024-12-21T18:53:14.029+0600] {processor.py:208} INFO - Processing /home/abr/.local/lib/python3.10/site-packages/airflow/example_dags/plugins/decreasing_priority_weight_strategy.py took 0.041 seconds
