[2024-12-23T04:48:46.537+0600] {local_task_job_runner.py:123} INFO - ::group::Pre task execution logs
[2024-12-23T04:48:46.553+0600] {taskinstance.py:2613} INFO - Dependencies all met for dep_context=non-requeueable deps ti=<TaskInstance: weather_et_pipeline.extract_weather_data scheduled__2024-12-21T00:00:00+00:00 [queued]>
[2024-12-23T04:48:46.563+0600] {taskinstance.py:2613} INFO - Dependencies all met for dep_context=requeueable deps ti=<TaskInstance: weather_et_pipeline.extract_weather_data scheduled__2024-12-21T00:00:00+00:00 [queued]>
[2024-12-23T04:48:46.563+0600] {taskinstance.py:2866} INFO - Starting attempt 2 of 2
[2024-12-23T04:48:46.581+0600] {taskinstance.py:2889} INFO - Executing <Task(_PythonDecoratedOperator): extract_weather_data> on 2024-12-21 00:00:00+00:00
[2024-12-23T04:48:46.589+0600] {standard_task_runner.py:72} INFO - Started process 53345 to run task
[2024-12-23T04:48:46.594+0600] {standard_task_runner.py:104} INFO - Running: ['airflow', 'tasks', 'run', 'weather_et_pipeline', 'extract_weather_data', 'scheduled__2024-12-21T00:00:00+00:00', '--job-id', '12', '--raw', '--subdir', 'DAGS_FOLDER/weather_etl_pipeline.py', '--cfg-path', '/tmp/tmp_wbiohau']
[2024-12-23T04:48:46.596+0600] {standard_task_runner.py:105} INFO - Job 12: Subtask extract_weather_data
[2024-12-23T04:48:46.653+0600] {task_command.py:467} INFO - Running <TaskInstance: weather_et_pipeline.extract_weather_data scheduled__2024-12-21T00:00:00+00:00 [running]> on host AbrarsPC
[2024-12-23T04:48:46.751+0600] {taskinstance.py:3132} INFO - Exporting env vars: AIRFLOW_CTX_DAG_OWNER='airflow' AIRFLOW_CTX_DAG_ID='weather_et_pipeline' AIRFLOW_CTX_TASK_ID='extract_weather_data' AIRFLOW_CTX_EXECUTION_DATE='2024-12-21T00:00:00+00:00' AIRFLOW_CTX_TRY_NUMBER='2' AIRFLOW_CTX_DAG_RUN_ID='scheduled__2024-12-21T00:00:00+00:00'
[2024-12-23T04:48:46.753+0600] {logging_mixin.py:190} INFO - Task instance is in running state
[2024-12-23T04:48:46.753+0600] {logging_mixin.py:190} INFO -  Previous state of the Task instance: queued
[2024-12-23T04:48:46.754+0600] {logging_mixin.py:190} INFO - Current task name:extract_weather_data state:running start_date:2024-12-22 22:48:46.554002+00:00
[2024-12-23T04:48:46.754+0600] {logging_mixin.py:190} INFO - Dag name:weather_et_pipeline and current dag run status:running
[2024-12-23T04:48:46.754+0600] {taskinstance.py:731} INFO - ::endgroup::
[2024-12-23T04:48:46.764+0600] {base.py:84} INFO - Retrieving connection 'open_meteo_api'
[2024-12-23T04:48:47.839+0600] {python.py:240} INFO - Done. Returned value was: {'latitude': 23.75, 'longitude': 90.375, 'generationtime_ms': 0.06103515625, 'utc_offset_seconds': 0, 'timezone': 'GMT', 'timezone_abbreviation': 'GMT', 'elevation': 19.0, 'current_weather_units': {'time': 'iso8601', 'interval': 'seconds', 'temperature': '°C', 'windspeed': 'km/h', 'winddirection': '°', 'is_day': '', 'weathercode': 'wmo code'}, 'current_weather': {'time': '2024-12-22T22:45', 'interval': 900, 'temperature': 15.7, 'windspeed': 3.3, 'winddirection': 354, 'is_day': 0, 'weathercode': 2}}
[2024-12-23T04:48:47.865+0600] {taskinstance.py:340} INFO - ::group::Post task execution logs
[2024-12-23T04:48:47.866+0600] {taskinstance.py:352} INFO - Marking task as SUCCESS. dag_id=weather_et_pipeline, task_id=extract_weather_data, run_id=scheduled__2024-12-21T00:00:00+00:00, execution_date=20241221T000000, start_date=20241222T224846, end_date=20241222T224847
[2024-12-23T04:48:47.878+0600] {logging_mixin.py:190} INFO - Task instance in success state
[2024-12-23T04:48:47.879+0600] {logging_mixin.py:190} INFO -  Previous state of the Task instance: running
[2024-12-23T04:48:47.879+0600] {logging_mixin.py:190} INFO - Dag name:weather_et_pipeline queued_at:2024-12-22 22:48:42.626012+00:00
[2024-12-23T04:48:47.880+0600] {logging_mixin.py:190} INFO - Task hostname:AbrarsPC operator:_PythonDecoratedOperator
[2024-12-23T04:48:47.890+0600] {local_task_job_runner.py:266} INFO - Task exited with return code 0
[2024-12-23T04:48:47.923+0600] {taskinstance.py:3895} INFO - 1 downstream tasks scheduled from follow-on schedule check
[2024-12-23T04:48:47.926+0600] {local_task_job_runner.py:245} INFO - ::endgroup::
