[2024-12-21T18:42:08.320+0600] {processor.py:186} INFO - Started process (PID=6009) to work on /home/abr/.local/lib/python3.10/site-packages/airflow/example_dags/example_outlet_event_extra.py
[2024-12-21T18:42:08.321+0600] {processor.py:914} INFO - Processing file /home/abr/.local/lib/python3.10/site-packages/airflow/example_dags/example_outlet_event_extra.py for tasks to queue
[2024-12-21T18:42:08.325+0600] {logging_mixin.py:190} INFO - [2024-12-21T18:42:08.325+0600] {dagbag.py:588} INFO - Filling up the DagBag from /home/abr/.local/lib/python3.10/site-packages/airflow/example_dags/example_outlet_event_extra.py
[2024-12-21T18:42:08.349+0600] {processor.py:925} INFO - DAG(s) 'dataset_with_extra_by_context', 'dataset_with_extra_from_classic_operator', 'dataset_with_extra_by_yield' retrieved from /home/abr/.local/lib/python3.10/site-packages/airflow/example_dags/example_outlet_event_extra.py
[2024-12-21T18:42:08.501+0600] {logging_mixin.py:190} INFO - [2024-12-21T18:42:08.500+0600] {override.py:1911} INFO - Created Permission View: can read on DAG:dataset_with_extra_by_context
[2024-12-21T18:42:08.516+0600] {logging_mixin.py:190} INFO - [2024-12-21T18:42:08.516+0600] {override.py:1911} INFO - Created Permission View: can delete on DAG:dataset_with_extra_by_context
[2024-12-21T18:42:08.526+0600] {logging_mixin.py:190} INFO - [2024-12-21T18:42:08.526+0600] {override.py:1911} INFO - Created Permission View: can edit on DAG:dataset_with_extra_by_context
[2024-12-21T18:42:08.539+0600] {logging_mixin.py:190} INFO - [2024-12-21T18:42:08.539+0600] {override.py:1911} INFO - Created Permission View: can read on DAG Run:dataset_with_extra_by_context
[2024-12-21T18:42:08.551+0600] {logging_mixin.py:190} INFO - [2024-12-21T18:42:08.551+0600] {override.py:1911} INFO - Created Permission View: can create on DAG Run:dataset_with_extra_by_context
[2024-12-21T18:42:08.561+0600] {logging_mixin.py:190} INFO - [2024-12-21T18:42:08.561+0600] {override.py:1911} INFO - Created Permission View: can delete on DAG Run:dataset_with_extra_by_context
[2024-12-21T18:42:08.571+0600] {logging_mixin.py:190} INFO - [2024-12-21T18:42:08.571+0600] {override.py:1911} INFO - Created Permission View: menu access on DAG Run:dataset_with_extra_by_context
[2024-12-21T18:42:08.592+0600] {logging_mixin.py:190} INFO - [2024-12-21T18:42:08.592+0600] {override.py:1911} INFO - Created Permission View: can read on DAG:dataset_with_extra_from_classic_operator
[2024-12-21T18:42:08.603+0600] {logging_mixin.py:190} INFO - [2024-12-21T18:42:08.603+0600] {override.py:1911} INFO - Created Permission View: can delete on DAG:dataset_with_extra_from_classic_operator
[2024-12-21T18:42:08.613+0600] {logging_mixin.py:190} INFO - [2024-12-21T18:42:08.613+0600] {override.py:1911} INFO - Created Permission View: can edit on DAG:dataset_with_extra_from_classic_operator
[2024-12-21T18:42:08.626+0600] {logging_mixin.py:190} INFO - [2024-12-21T18:42:08.625+0600] {override.py:1911} INFO - Created Permission View: can read on DAG Run:dataset_with_extra_from_classic_operator
[2024-12-21T18:42:08.638+0600] {logging_mixin.py:190} INFO - [2024-12-21T18:42:08.637+0600] {override.py:1911} INFO - Created Permission View: can create on DAG Run:dataset_with_extra_from_classic_operator
[2024-12-21T18:42:08.648+0600] {logging_mixin.py:190} INFO - [2024-12-21T18:42:08.647+0600] {override.py:1911} INFO - Created Permission View: can delete on DAG Run:dataset_with_extra_from_classic_operator
[2024-12-21T18:42:08.657+0600] {logging_mixin.py:190} INFO - [2024-12-21T18:42:08.657+0600] {override.py:1911} INFO - Created Permission View: menu access on DAG Run:dataset_with_extra_from_classic_operator
[2024-12-21T18:42:08.677+0600] {logging_mixin.py:190} INFO - [2024-12-21T18:42:08.677+0600] {override.py:1911} INFO - Created Permission View: can read on DAG:dataset_with_extra_by_yield
[2024-12-21T18:42:08.687+0600] {logging_mixin.py:190} INFO - [2024-12-21T18:42:08.686+0600] {override.py:1911} INFO - Created Permission View: can delete on DAG:dataset_with_extra_by_yield
[2024-12-21T18:42:08.698+0600] {logging_mixin.py:190} INFO - [2024-12-21T18:42:08.697+0600] {override.py:1911} INFO - Created Permission View: can edit on DAG:dataset_with_extra_by_yield
[2024-12-21T18:42:08.711+0600] {logging_mixin.py:190} INFO - [2024-12-21T18:42:08.711+0600] {override.py:1911} INFO - Created Permission View: can read on DAG Run:dataset_with_extra_by_yield
[2024-12-21T18:42:08.722+0600] {logging_mixin.py:190} INFO - [2024-12-21T18:42:08.721+0600] {override.py:1911} INFO - Created Permission View: can create on DAG Run:dataset_with_extra_by_yield
[2024-12-21T18:42:08.731+0600] {logging_mixin.py:190} INFO - [2024-12-21T18:42:08.731+0600] {override.py:1911} INFO - Created Permission View: can delete on DAG Run:dataset_with_extra_by_yield
[2024-12-21T18:42:08.741+0600] {logging_mixin.py:190} INFO - [2024-12-21T18:42:08.740+0600] {override.py:1911} INFO - Created Permission View: menu access on DAG Run:dataset_with_extra_by_yield
[2024-12-21T18:42:08.741+0600] {logging_mixin.py:190} INFO - [2024-12-21T18:42:08.741+0600] {dag.py:3239} INFO - Sync 3 DAGs
[2024-12-21T18:42:08.758+0600] {logging_mixin.py:190} INFO - [2024-12-21T18:42:08.758+0600] {dag.py:3262} INFO - Creating ORM DAG for dataset_with_extra_by_context
[2024-12-21T18:42:08.759+0600] {logging_mixin.py:190} INFO - [2024-12-21T18:42:08.759+0600] {dag.py:3262} INFO - Creating ORM DAG for dataset_with_extra_by_yield
[2024-12-21T18:42:08.760+0600] {logging_mixin.py:190} INFO - [2024-12-21T18:42:08.760+0600] {dag.py:3262} INFO - Creating ORM DAG for dataset_with_extra_from_classic_operator
[2024-12-21T18:42:08.774+0600] {logging_mixin.py:190} INFO - [2024-12-21T18:42:08.774+0600] {dag.py:4180} INFO - Setting next_dagrun for dataset_with_extra_by_context to 2024-12-20 00:00:00+00:00, run_after=2024-12-21 00:00:00+00:00
[2024-12-21T18:42:08.777+0600] {logging_mixin.py:190} INFO - [2024-12-21T18:42:08.777+0600] {dag.py:4180} INFO - Setting next_dagrun for dataset_with_extra_by_yield to 2024-12-20 00:00:00+00:00, run_after=2024-12-21 00:00:00+00:00
[2024-12-21T18:42:08.780+0600] {logging_mixin.py:190} INFO - [2024-12-21T18:42:08.780+0600] {dag.py:4180} INFO - Setting next_dagrun for dataset_with_extra_from_classic_operator to 2024-12-20 00:00:00+00:00, run_after=2024-12-21 00:00:00+00:00
[2024-12-21T18:42:08.821+0600] {processor.py:208} INFO - Processing /home/abr/.local/lib/python3.10/site-packages/airflow/example_dags/example_outlet_event_extra.py took 0.511 seconds
[2024-12-21T18:43:32.326+0600] {processor.py:186} INFO - Started process (PID=6125) to work on /home/abr/.local/lib/python3.10/site-packages/airflow/example_dags/example_outlet_event_extra.py
[2024-12-21T18:43:32.333+0600] {processor.py:914} INFO - Processing file /home/abr/.local/lib/python3.10/site-packages/airflow/example_dags/example_outlet_event_extra.py for tasks to queue
[2024-12-21T18:43:32.337+0600] {logging_mixin.py:190} INFO - [2024-12-21T18:43:32.337+0600] {dagbag.py:588} INFO - Filling up the DagBag from /home/abr/.local/lib/python3.10/site-packages/airflow/example_dags/example_outlet_event_extra.py
[2024-12-21T18:43:32.361+0600] {processor.py:925} INFO - DAG(s) 'dataset_with_extra_by_context', 'dataset_with_extra_by_yield', 'dataset_with_extra_from_classic_operator' retrieved from /home/abr/.local/lib/python3.10/site-packages/airflow/example_dags/example_outlet_event_extra.py
[2024-12-21T18:43:32.394+0600] {logging_mixin.py:190} INFO - [2024-12-21T18:43:32.394+0600] {dag.py:3239} INFO - Sync 3 DAGs
[2024-12-21T18:43:32.429+0600] {logging_mixin.py:190} INFO - [2024-12-21T18:43:32.429+0600] {dag.py:4180} INFO - Setting next_dagrun for dataset_with_extra_by_context to 2024-12-20 00:00:00+00:00, run_after=2024-12-21 00:00:00+00:00
[2024-12-21T18:43:32.437+0600] {logging_mixin.py:190} INFO - [2024-12-21T18:43:32.437+0600] {dag.py:4180} INFO - Setting next_dagrun for dataset_with_extra_by_yield to 2024-12-20 00:00:00+00:00, run_after=2024-12-21 00:00:00+00:00
[2024-12-21T18:43:32.441+0600] {logging_mixin.py:190} INFO - [2024-12-21T18:43:32.441+0600] {dag.py:4180} INFO - Setting next_dagrun for dataset_with_extra_from_classic_operator to 2024-12-20 00:00:00+00:00, run_after=2024-12-21 00:00:00+00:00
[2024-12-21T18:43:32.480+0600] {processor.py:208} INFO - Processing /home/abr/.local/lib/python3.10/site-packages/airflow/example_dags/example_outlet_event_extra.py took 0.164 seconds
[2024-12-21T18:44:44.652+0600] {processor.py:186} INFO - Started process (PID=6218) to work on /home/abr/.local/lib/python3.10/site-packages/airflow/example_dags/example_outlet_event_extra.py
[2024-12-21T18:44:44.658+0600] {processor.py:914} INFO - Processing file /home/abr/.local/lib/python3.10/site-packages/airflow/example_dags/example_outlet_event_extra.py for tasks to queue
[2024-12-21T18:44:44.662+0600] {logging_mixin.py:190} INFO - [2024-12-21T18:44:44.662+0600] {dagbag.py:588} INFO - Filling up the DagBag from /home/abr/.local/lib/python3.10/site-packages/airflow/example_dags/example_outlet_event_extra.py
[2024-12-21T18:44:44.686+0600] {processor.py:925} INFO - DAG(s) 'dataset_with_extra_by_context', 'dataset_with_extra_from_classic_operator', 'dataset_with_extra_by_yield' retrieved from /home/abr/.local/lib/python3.10/site-packages/airflow/example_dags/example_outlet_event_extra.py
[2024-12-21T18:44:44.720+0600] {logging_mixin.py:190} INFO - [2024-12-21T18:44:44.719+0600] {dag.py:3239} INFO - Sync 3 DAGs
[2024-12-21T18:44:44.754+0600] {logging_mixin.py:190} INFO - [2024-12-21T18:44:44.753+0600] {dag.py:4180} INFO - Setting next_dagrun for dataset_with_extra_by_context to 2024-12-20 00:00:00+00:00, run_after=2024-12-21 00:00:00+00:00
[2024-12-21T18:44:44.761+0600] {logging_mixin.py:190} INFO - [2024-12-21T18:44:44.761+0600] {dag.py:4180} INFO - Setting next_dagrun for dataset_with_extra_by_yield to 2024-12-20 00:00:00+00:00, run_after=2024-12-21 00:00:00+00:00
[2024-12-21T18:44:44.765+0600] {logging_mixin.py:190} INFO - [2024-12-21T18:44:44.765+0600] {dag.py:4180} INFO - Setting next_dagrun for dataset_with_extra_from_classic_operator to 2024-12-20 00:00:00+00:00, run_after=2024-12-21 00:00:00+00:00
[2024-12-21T18:44:44.804+0600] {processor.py:208} INFO - Processing /home/abr/.local/lib/python3.10/site-packages/airflow/example_dags/example_outlet_event_extra.py took 0.163 seconds
[2024-12-21T18:45:49.837+0600] {processor.py:186} INFO - Started process (PID=6380) to work on /home/abr/.local/lib/python3.10/site-packages/airflow/example_dags/example_outlet_event_extra.py
[2024-12-21T18:45:49.844+0600] {processor.py:914} INFO - Processing file /home/abr/.local/lib/python3.10/site-packages/airflow/example_dags/example_outlet_event_extra.py for tasks to queue
[2024-12-21T18:45:49.848+0600] {logging_mixin.py:190} INFO - [2024-12-21T18:45:49.848+0600] {dagbag.py:588} INFO - Filling up the DagBag from /home/abr/.local/lib/python3.10/site-packages/airflow/example_dags/example_outlet_event_extra.py
[2024-12-21T18:45:49.872+0600] {processor.py:925} INFO - DAG(s) 'dataset_with_extra_by_yield', 'dataset_with_extra_by_context', 'dataset_with_extra_from_classic_operator' retrieved from /home/abr/.local/lib/python3.10/site-packages/airflow/example_dags/example_outlet_event_extra.py
[2024-12-21T18:45:49.907+0600] {logging_mixin.py:190} INFO - [2024-12-21T18:45:49.907+0600] {dag.py:3239} INFO - Sync 3 DAGs
[2024-12-21T18:45:49.943+0600] {logging_mixin.py:190} INFO - [2024-12-21T18:45:49.942+0600] {dag.py:4180} INFO - Setting next_dagrun for dataset_with_extra_by_context to 2024-12-20 00:00:00+00:00, run_after=2024-12-21 00:00:00+00:00
[2024-12-21T18:45:49.950+0600] {logging_mixin.py:190} INFO - [2024-12-21T18:45:49.950+0600] {dag.py:4180} INFO - Setting next_dagrun for dataset_with_extra_by_yield to 2024-12-20 00:00:00+00:00, run_after=2024-12-21 00:00:00+00:00
[2024-12-21T18:45:49.954+0600] {logging_mixin.py:190} INFO - [2024-12-21T18:45:49.953+0600] {dag.py:4180} INFO - Setting next_dagrun for dataset_with_extra_from_classic_operator to 2024-12-20 00:00:00+00:00, run_after=2024-12-21 00:00:00+00:00
[2024-12-21T18:45:49.994+0600] {processor.py:208} INFO - Processing /home/abr/.local/lib/python3.10/site-packages/airflow/example_dags/example_outlet_event_extra.py took 0.167 seconds
[2024-12-21T18:46:52.483+0600] {processor.py:186} INFO - Started process (PID=6514) to work on /home/abr/.local/lib/python3.10/site-packages/airflow/example_dags/example_outlet_event_extra.py
[2024-12-21T18:46:52.484+0600] {processor.py:914} INFO - Processing file /home/abr/.local/lib/python3.10/site-packages/airflow/example_dags/example_outlet_event_extra.py for tasks to queue
[2024-12-21T18:46:52.488+0600] {logging_mixin.py:190} INFO - [2024-12-21T18:46:52.488+0600] {dagbag.py:588} INFO - Filling up the DagBag from /home/abr/.local/lib/python3.10/site-packages/airflow/example_dags/example_outlet_event_extra.py
[2024-12-21T18:46:52.512+0600] {processor.py:925} INFO - DAG(s) 'dataset_with_extra_by_context', 'dataset_with_extra_from_classic_operator', 'dataset_with_extra_by_yield' retrieved from /home/abr/.local/lib/python3.10/site-packages/airflow/example_dags/example_outlet_event_extra.py
[2024-12-21T18:46:52.545+0600] {logging_mixin.py:190} INFO - [2024-12-21T18:46:52.544+0600] {dag.py:3239} INFO - Sync 3 DAGs
[2024-12-21T18:46:52.580+0600] {logging_mixin.py:190} INFO - [2024-12-21T18:46:52.579+0600] {dag.py:4180} INFO - Setting next_dagrun for dataset_with_extra_by_context to 2024-12-20 00:00:00+00:00, run_after=2024-12-21 00:00:00+00:00
[2024-12-21T18:46:52.587+0600] {logging_mixin.py:190} INFO - [2024-12-21T18:46:52.587+0600] {dag.py:4180} INFO - Setting next_dagrun for dataset_with_extra_by_yield to 2024-12-20 00:00:00+00:00, run_after=2024-12-21 00:00:00+00:00
[2024-12-21T18:46:52.591+0600] {logging_mixin.py:190} INFO - [2024-12-21T18:46:52.590+0600] {dag.py:4180} INFO - Setting next_dagrun for dataset_with_extra_from_classic_operator to 2024-12-20 00:00:00+00:00, run_after=2024-12-21 00:00:00+00:00
[2024-12-21T18:46:52.630+0600] {processor.py:208} INFO - Processing /home/abr/.local/lib/python3.10/site-packages/airflow/example_dags/example_outlet_event_extra.py took 0.159 seconds
[2024-12-21T18:47:59.784+0600] {processor.py:186} INFO - Started process (PID=6608) to work on /home/abr/.local/lib/python3.10/site-packages/airflow/example_dags/example_outlet_event_extra.py
[2024-12-21T18:47:59.791+0600] {processor.py:914} INFO - Processing file /home/abr/.local/lib/python3.10/site-packages/airflow/example_dags/example_outlet_event_extra.py for tasks to queue
[2024-12-21T18:47:59.794+0600] {logging_mixin.py:190} INFO - [2024-12-21T18:47:59.794+0600] {dagbag.py:588} INFO - Filling up the DagBag from /home/abr/.local/lib/python3.10/site-packages/airflow/example_dags/example_outlet_event_extra.py
[2024-12-21T18:47:59.818+0600] {processor.py:925} INFO - DAG(s) 'dataset_with_extra_from_classic_operator', 'dataset_with_extra_by_context', 'dataset_with_extra_by_yield' retrieved from /home/abr/.local/lib/python3.10/site-packages/airflow/example_dags/example_outlet_event_extra.py
[2024-12-21T18:47:59.850+0600] {logging_mixin.py:190} INFO - [2024-12-21T18:47:59.850+0600] {dag.py:3239} INFO - Sync 3 DAGs
[2024-12-21T18:47:59.885+0600] {logging_mixin.py:190} INFO - [2024-12-21T18:47:59.885+0600] {dag.py:4180} INFO - Setting next_dagrun for dataset_with_extra_by_context to 2024-12-20 00:00:00+00:00, run_after=2024-12-21 00:00:00+00:00
[2024-12-21T18:47:59.893+0600] {logging_mixin.py:190} INFO - [2024-12-21T18:47:59.893+0600] {dag.py:4180} INFO - Setting next_dagrun for dataset_with_extra_by_yield to 2024-12-20 00:00:00+00:00, run_after=2024-12-21 00:00:00+00:00
[2024-12-21T18:47:59.897+0600] {logging_mixin.py:190} INFO - [2024-12-21T18:47:59.897+0600] {dag.py:4180} INFO - Setting next_dagrun for dataset_with_extra_from_classic_operator to 2024-12-20 00:00:00+00:00, run_after=2024-12-21 00:00:00+00:00
[2024-12-21T18:47:59.936+0600] {processor.py:208} INFO - Processing /home/abr/.local/lib/python3.10/site-packages/airflow/example_dags/example_outlet_event_extra.py took 0.162 seconds
[2024-12-21T18:49:01.851+0600] {processor.py:186} INFO - Started process (PID=6692) to work on /home/abr/.local/lib/python3.10/site-packages/airflow/example_dags/example_outlet_event_extra.py
[2024-12-21T18:49:01.858+0600] {processor.py:914} INFO - Processing file /home/abr/.local/lib/python3.10/site-packages/airflow/example_dags/example_outlet_event_extra.py for tasks to queue
[2024-12-21T18:49:01.861+0600] {logging_mixin.py:190} INFO - [2024-12-21T18:49:01.860+0600] {dagbag.py:588} INFO - Filling up the DagBag from /home/abr/.local/lib/python3.10/site-packages/airflow/example_dags/example_outlet_event_extra.py
[2024-12-21T18:49:01.885+0600] {processor.py:925} INFO - DAG(s) 'dataset_with_extra_from_classic_operator', 'dataset_with_extra_by_context', 'dataset_with_extra_by_yield' retrieved from /home/abr/.local/lib/python3.10/site-packages/airflow/example_dags/example_outlet_event_extra.py
[2024-12-21T18:49:01.920+0600] {logging_mixin.py:190} INFO - [2024-12-21T18:49:01.919+0600] {dag.py:3239} INFO - Sync 3 DAGs
[2024-12-21T18:49:01.954+0600] {logging_mixin.py:190} INFO - [2024-12-21T18:49:01.954+0600] {dag.py:4180} INFO - Setting next_dagrun for dataset_with_extra_by_context to 2024-12-20 00:00:00+00:00, run_after=2024-12-21 00:00:00+00:00
[2024-12-21T18:49:01.962+0600] {logging_mixin.py:190} INFO - [2024-12-21T18:49:01.962+0600] {dag.py:4180} INFO - Setting next_dagrun for dataset_with_extra_by_yield to 2024-12-20 00:00:00+00:00, run_after=2024-12-21 00:00:00+00:00
[2024-12-21T18:49:01.966+0600] {logging_mixin.py:190} INFO - [2024-12-21T18:49:01.966+0600] {dag.py:4180} INFO - Setting next_dagrun for dataset_with_extra_from_classic_operator to 2024-12-20 00:00:00+00:00, run_after=2024-12-21 00:00:00+00:00
[2024-12-21T18:49:02.005+0600] {processor.py:208} INFO - Processing /home/abr/.local/lib/python3.10/site-packages/airflow/example_dags/example_outlet_event_extra.py took 0.164 seconds
[2024-12-21T18:50:04.704+0600] {processor.py:186} INFO - Started process (PID=6810) to work on /home/abr/.local/lib/python3.10/site-packages/airflow/example_dags/example_outlet_event_extra.py
[2024-12-21T18:50:04.710+0600] {processor.py:914} INFO - Processing file /home/abr/.local/lib/python3.10/site-packages/airflow/example_dags/example_outlet_event_extra.py for tasks to queue
[2024-12-21T18:50:04.714+0600] {logging_mixin.py:190} INFO - [2024-12-21T18:50:04.713+0600] {dagbag.py:588} INFO - Filling up the DagBag from /home/abr/.local/lib/python3.10/site-packages/airflow/example_dags/example_outlet_event_extra.py
[2024-12-21T18:50:04.738+0600] {processor.py:925} INFO - DAG(s) 'dataset_with_extra_by_context', 'dataset_with_extra_by_yield', 'dataset_with_extra_from_classic_operator' retrieved from /home/abr/.local/lib/python3.10/site-packages/airflow/example_dags/example_outlet_event_extra.py
[2024-12-21T18:50:04.771+0600] {logging_mixin.py:190} INFO - [2024-12-21T18:50:04.771+0600] {dag.py:3239} INFO - Sync 3 DAGs
[2024-12-21T18:50:04.806+0600] {logging_mixin.py:190} INFO - [2024-12-21T18:50:04.806+0600] {dag.py:4180} INFO - Setting next_dagrun for dataset_with_extra_by_context to 2024-12-20 00:00:00+00:00, run_after=2024-12-21 00:00:00+00:00
[2024-12-21T18:50:04.814+0600] {logging_mixin.py:190} INFO - [2024-12-21T18:50:04.814+0600] {dag.py:4180} INFO - Setting next_dagrun for dataset_with_extra_by_yield to 2024-12-20 00:00:00+00:00, run_after=2024-12-21 00:00:00+00:00
[2024-12-21T18:50:04.818+0600] {logging_mixin.py:190} INFO - [2024-12-21T18:50:04.818+0600] {dag.py:4180} INFO - Setting next_dagrun for dataset_with_extra_from_classic_operator to 2024-12-20 00:00:00+00:00, run_after=2024-12-21 00:00:00+00:00
[2024-12-21T18:50:04.851+0600] {processor.py:208} INFO - Processing /home/abr/.local/lib/python3.10/site-packages/airflow/example_dags/example_outlet_event_extra.py took 0.157 seconds
[2024-12-21T18:51:07.372+0600] {processor.py:186} INFO - Started process (PID=6914) to work on /home/abr/.local/lib/python3.10/site-packages/airflow/example_dags/example_outlet_event_extra.py
[2024-12-21T18:51:07.379+0600] {processor.py:914} INFO - Processing file /home/abr/.local/lib/python3.10/site-packages/airflow/example_dags/example_outlet_event_extra.py for tasks to queue
[2024-12-21T18:51:07.382+0600] {logging_mixin.py:190} INFO - [2024-12-21T18:51:07.381+0600] {dagbag.py:588} INFO - Filling up the DagBag from /home/abr/.local/lib/python3.10/site-packages/airflow/example_dags/example_outlet_event_extra.py
[2024-12-21T18:51:07.406+0600] {processor.py:925} INFO - DAG(s) 'dataset_with_extra_by_yield', 'dataset_with_extra_from_classic_operator', 'dataset_with_extra_by_context' retrieved from /home/abr/.local/lib/python3.10/site-packages/airflow/example_dags/example_outlet_event_extra.py
[2024-12-21T18:51:07.441+0600] {logging_mixin.py:190} INFO - [2024-12-21T18:51:07.440+0600] {dag.py:3239} INFO - Sync 3 DAGs
[2024-12-21T18:51:07.476+0600] {logging_mixin.py:190} INFO - [2024-12-21T18:51:07.475+0600] {dag.py:4180} INFO - Setting next_dagrun for dataset_with_extra_by_context to 2024-12-20 00:00:00+00:00, run_after=2024-12-21 00:00:00+00:00
[2024-12-21T18:51:07.484+0600] {logging_mixin.py:190} INFO - [2024-12-21T18:51:07.484+0600] {dag.py:4180} INFO - Setting next_dagrun for dataset_with_extra_by_yield to 2024-12-20 00:00:00+00:00, run_after=2024-12-21 00:00:00+00:00
[2024-12-21T18:51:07.488+0600] {logging_mixin.py:190} INFO - [2024-12-21T18:51:07.488+0600] {dag.py:4180} INFO - Setting next_dagrun for dataset_with_extra_from_classic_operator to 2024-12-20 00:00:00+00:00, run_after=2024-12-21 00:00:00+00:00
[2024-12-21T18:51:07.526+0600] {processor.py:208} INFO - Processing /home/abr/.local/lib/python3.10/site-packages/airflow/example_dags/example_outlet_event_extra.py took 0.164 seconds
[2024-12-21T18:52:08.796+0600] {processor.py:186} INFO - Started process (PID=7012) to work on /home/abr/.local/lib/python3.10/site-packages/airflow/example_dags/example_outlet_event_extra.py
[2024-12-21T18:52:08.803+0600] {processor.py:914} INFO - Processing file /home/abr/.local/lib/python3.10/site-packages/airflow/example_dags/example_outlet_event_extra.py for tasks to queue
[2024-12-21T18:52:08.807+0600] {logging_mixin.py:190} INFO - [2024-12-21T18:52:08.806+0600] {dagbag.py:588} INFO - Filling up the DagBag from /home/abr/.local/lib/python3.10/site-packages/airflow/example_dags/example_outlet_event_extra.py
[2024-12-21T18:52:08.831+0600] {processor.py:925} INFO - DAG(s) 'dataset_with_extra_from_classic_operator', 'dataset_with_extra_by_yield', 'dataset_with_extra_by_context' retrieved from /home/abr/.local/lib/python3.10/site-packages/airflow/example_dags/example_outlet_event_extra.py
[2024-12-21T18:52:08.863+0600] {logging_mixin.py:190} INFO - [2024-12-21T18:52:08.863+0600] {dag.py:3239} INFO - Sync 3 DAGs
[2024-12-21T18:52:08.897+0600] {logging_mixin.py:190} INFO - [2024-12-21T18:52:08.897+0600] {dag.py:4180} INFO - Setting next_dagrun for dataset_with_extra_by_context to 2024-12-20 00:00:00+00:00, run_after=2024-12-21 00:00:00+00:00
[2024-12-21T18:52:08.906+0600] {logging_mixin.py:190} INFO - [2024-12-21T18:52:08.906+0600] {dag.py:4180} INFO - Setting next_dagrun for dataset_with_extra_by_yield to 2024-12-20 00:00:00+00:00, run_after=2024-12-21 00:00:00+00:00
[2024-12-21T18:52:08.910+0600] {logging_mixin.py:190} INFO - [2024-12-21T18:52:08.910+0600] {dag.py:4180} INFO - Setting next_dagrun for dataset_with_extra_from_classic_operator to 2024-12-20 00:00:00+00:00, run_after=2024-12-21 00:00:00+00:00
[2024-12-21T18:52:08.949+0600] {processor.py:208} INFO - Processing /home/abr/.local/lib/python3.10/site-packages/airflow/example_dags/example_outlet_event_extra.py took 0.163 seconds
[2024-12-21T18:53:22.252+0600] {processor.py:186} INFO - Started process (PID=7106) to work on /home/abr/.local/lib/python3.10/site-packages/airflow/example_dags/example_outlet_event_extra.py
[2024-12-21T18:53:22.259+0600] {processor.py:914} INFO - Processing file /home/abr/.local/lib/python3.10/site-packages/airflow/example_dags/example_outlet_event_extra.py for tasks to queue
[2024-12-21T18:53:22.263+0600] {logging_mixin.py:190} INFO - [2024-12-21T18:53:22.262+0600] {dagbag.py:588} INFO - Filling up the DagBag from /home/abr/.local/lib/python3.10/site-packages/airflow/example_dags/example_outlet_event_extra.py
[2024-12-21T18:53:22.286+0600] {processor.py:925} INFO - DAG(s) 'dataset_with_extra_from_classic_operator', 'dataset_with_extra_by_context', 'dataset_with_extra_by_yield' retrieved from /home/abr/.local/lib/python3.10/site-packages/airflow/example_dags/example_outlet_event_extra.py
[2024-12-21T18:53:22.319+0600] {logging_mixin.py:190} INFO - [2024-12-21T18:53:22.319+0600] {dag.py:3239} INFO - Sync 3 DAGs
[2024-12-21T18:53:22.354+0600] {logging_mixin.py:190} INFO - [2024-12-21T18:53:22.354+0600] {dag.py:4180} INFO - Setting next_dagrun for dataset_with_extra_by_context to 2024-12-20 00:00:00+00:00, run_after=2024-12-21 00:00:00+00:00
[2024-12-21T18:53:22.361+0600] {logging_mixin.py:190} INFO - [2024-12-21T18:53:22.361+0600] {dag.py:4180} INFO - Setting next_dagrun for dataset_with_extra_by_yield to 2024-12-20 00:00:00+00:00, run_after=2024-12-21 00:00:00+00:00
[2024-12-21T18:53:22.365+0600] {logging_mixin.py:190} INFO - [2024-12-21T18:53:22.365+0600] {dag.py:4180} INFO - Setting next_dagrun for dataset_with_extra_from_classic_operator to 2024-12-20 00:00:00+00:00, run_after=2024-12-21 00:00:00+00:00
[2024-12-21T18:53:22.404+0600] {processor.py:208} INFO - Processing /home/abr/.local/lib/python3.10/site-packages/airflow/example_dags/example_outlet_event_extra.py took 0.162 seconds
