[2024-12-21T18:42:24.679+0600] {processor.py:186} INFO - Started process (PID=6021) to work on /home/abr/.local/lib/python3.10/site-packages/airflow/example_dags/example_branch_python_dop_operator_3.py
[2024-12-21T18:42:24.680+0600] {processor.py:914} INFO - Processing file /home/abr/.local/lib/python3.10/site-packages/airflow/example_dags/example_branch_python_dop_operator_3.py for tasks to queue
[2024-12-21T18:42:24.683+0600] {logging_mixin.py:190} INFO - [2024-12-21T18:42:24.683+0600] {dagbag.py:588} INFO - Filling up the DagBag from /home/abr/.local/lib/python3.10/site-packages/airflow/example_dags/example_branch_python_dop_operator_3.py
[2024-12-21T18:42:24.701+0600] {processor.py:925} INFO - DAG(s) 'example_branch_dop_operator_v3' retrieved from /home/abr/.local/lib/python3.10/site-packages/airflow/example_dags/example_branch_python_dop_operator_3.py
[2024-12-21T18:42:24.853+0600] {logging_mixin.py:190} INFO - [2024-12-21T18:42:24.852+0600] {override.py:1911} INFO - Created Permission View: can read on DAG:example_branch_dop_operator_v3
[2024-12-21T18:42:24.869+0600] {logging_mixin.py:190} INFO - [2024-12-21T18:42:24.868+0600] {override.py:1911} INFO - Created Permission View: can delete on DAG:example_branch_dop_operator_v3
[2024-12-21T18:42:24.880+0600] {logging_mixin.py:190} INFO - [2024-12-21T18:42:24.879+0600] {override.py:1911} INFO - Created Permission View: can edit on DAG:example_branch_dop_operator_v3
[2024-12-21T18:42:24.893+0600] {logging_mixin.py:190} INFO - [2024-12-21T18:42:24.893+0600] {override.py:1911} INFO - Created Permission View: can read on DAG Run:example_branch_dop_operator_v3
[2024-12-21T18:42:24.903+0600] {logging_mixin.py:190} INFO - [2024-12-21T18:42:24.903+0600] {override.py:1911} INFO - Created Permission View: can create on DAG Run:example_branch_dop_operator_v3
[2024-12-21T18:42:24.913+0600] {logging_mixin.py:190} INFO - [2024-12-21T18:42:24.913+0600] {override.py:1911} INFO - Created Permission View: can delete on DAG Run:example_branch_dop_operator_v3
[2024-12-21T18:42:24.924+0600] {logging_mixin.py:190} INFO - [2024-12-21T18:42:24.923+0600] {override.py:1911} INFO - Created Permission View: menu access on DAG Run:example_branch_dop_operator_v3
[2024-12-21T18:42:24.925+0600] {logging_mixin.py:190} INFO - [2024-12-21T18:42:24.924+0600] {dag.py:3239} INFO - Sync 1 DAGs
[2024-12-21T18:42:24.942+0600] {logging_mixin.py:190} INFO - [2024-12-21T18:42:24.942+0600] {dag.py:3262} INFO - Creating ORM DAG for example_branch_dop_operator_v3
[2024-12-21T18:42:24.962+0600] {logging_mixin.py:190} INFO - [2024-12-21T18:42:24.962+0600] {dag.py:4180} INFO - Setting next_dagrun for example_branch_dop_operator_v3 to 2024-12-21 12:41:00+00:00, run_after=2024-12-21 12:42:00+00:00
[2024-12-21T18:42:24.996+0600] {processor.py:208} INFO - Processing /home/abr/.local/lib/python3.10/site-packages/airflow/example_dags/example_branch_python_dop_operator_3.py took 0.327 seconds
[2024-12-21T18:43:44.703+0600] {processor.py:186} INFO - Started process (PID=6143) to work on /home/abr/.local/lib/python3.10/site-packages/airflow/example_dags/example_branch_python_dop_operator_3.py
[2024-12-21T18:43:44.709+0600] {processor.py:914} INFO - Processing file /home/abr/.local/lib/python3.10/site-packages/airflow/example_dags/example_branch_python_dop_operator_3.py for tasks to queue
[2024-12-21T18:43:44.713+0600] {logging_mixin.py:190} INFO - [2024-12-21T18:43:44.712+0600] {dagbag.py:588} INFO - Filling up the DagBag from /home/abr/.local/lib/python3.10/site-packages/airflow/example_dags/example_branch_python_dop_operator_3.py
[2024-12-21T18:43:44.730+0600] {processor.py:925} INFO - DAG(s) 'example_branch_dop_operator_v3' retrieved from /home/abr/.local/lib/python3.10/site-packages/airflow/example_dags/example_branch_python_dop_operator_3.py
[2024-12-21T18:43:44.755+0600] {logging_mixin.py:190} INFO - [2024-12-21T18:43:44.755+0600] {dag.py:3239} INFO - Sync 1 DAGs
[2024-12-21T18:43:44.793+0600] {logging_mixin.py:190} INFO - [2024-12-21T18:43:44.793+0600] {dag.py:4180} INFO - Setting next_dagrun for example_branch_dop_operator_v3 to 2024-12-21 12:42:00+00:00, run_after=2024-12-21 12:43:00+00:00
[2024-12-21T18:43:44.824+0600] {processor.py:208} INFO - Processing /home/abr/.local/lib/python3.10/site-packages/airflow/example_dags/example_branch_python_dop_operator_3.py took 0.131 seconds
[2024-12-21T18:44:57.376+0600] {processor.py:186} INFO - Started process (PID=6278) to work on /home/abr/.local/lib/python3.10/site-packages/airflow/example_dags/example_branch_python_dop_operator_3.py
[2024-12-21T18:44:57.382+0600] {processor.py:914} INFO - Processing file /home/abr/.local/lib/python3.10/site-packages/airflow/example_dags/example_branch_python_dop_operator_3.py for tasks to queue
[2024-12-21T18:44:57.385+0600] {logging_mixin.py:190} INFO - [2024-12-21T18:44:57.385+0600] {dagbag.py:588} INFO - Filling up the DagBag from /home/abr/.local/lib/python3.10/site-packages/airflow/example_dags/example_branch_python_dop_operator_3.py
[2024-12-21T18:44:57.403+0600] {processor.py:925} INFO - DAG(s) 'example_branch_dop_operator_v3' retrieved from /home/abr/.local/lib/python3.10/site-packages/airflow/example_dags/example_branch_python_dop_operator_3.py
[2024-12-21T18:44:57.428+0600] {logging_mixin.py:190} INFO - [2024-12-21T18:44:57.428+0600] {dag.py:3239} INFO - Sync 1 DAGs
[2024-12-21T18:44:57.465+0600] {logging_mixin.py:190} INFO - [2024-12-21T18:44:57.465+0600] {dag.py:4180} INFO - Setting next_dagrun for example_branch_dop_operator_v3 to 2024-12-21 12:43:00+00:00, run_after=2024-12-21 12:44:00+00:00
[2024-12-21T18:44:57.496+0600] {processor.py:208} INFO - Processing /home/abr/.local/lib/python3.10/site-packages/airflow/example_dags/example_branch_python_dop_operator_3.py took 0.130 seconds
[2024-12-21T18:46:01.670+0600] {processor.py:186} INFO - Started process (PID=6404) to work on /home/abr/.local/lib/python3.10/site-packages/airflow/example_dags/example_branch_python_dop_operator_3.py
[2024-12-21T18:46:01.677+0600] {processor.py:914} INFO - Processing file /home/abr/.local/lib/python3.10/site-packages/airflow/example_dags/example_branch_python_dop_operator_3.py for tasks to queue
[2024-12-21T18:46:01.680+0600] {logging_mixin.py:190} INFO - [2024-12-21T18:46:01.680+0600] {dagbag.py:588} INFO - Filling up the DagBag from /home/abr/.local/lib/python3.10/site-packages/airflow/example_dags/example_branch_python_dop_operator_3.py
[2024-12-21T18:46:01.698+0600] {processor.py:925} INFO - DAG(s) 'example_branch_dop_operator_v3' retrieved from /home/abr/.local/lib/python3.10/site-packages/airflow/example_dags/example_branch_python_dop_operator_3.py
[2024-12-21T18:46:01.723+0600] {logging_mixin.py:190} INFO - [2024-12-21T18:46:01.723+0600] {dag.py:3239} INFO - Sync 1 DAGs
[2024-12-21T18:46:01.762+0600] {logging_mixin.py:190} INFO - [2024-12-21T18:46:01.761+0600] {dag.py:4180} INFO - Setting next_dagrun for example_branch_dop_operator_v3 to 2024-12-21 12:45:00+00:00, run_after=2024-12-21 12:46:00+00:00
[2024-12-21T18:46:01.794+0600] {processor.py:208} INFO - Processing /home/abr/.local/lib/python3.10/site-packages/airflow/example_dags/example_branch_python_dop_operator_3.py took 0.135 seconds
[2024-12-21T18:47:06.715+0600] {processor.py:186} INFO - Started process (PID=6537) to work on /home/abr/.local/lib/python3.10/site-packages/airflow/example_dags/example_branch_python_dop_operator_3.py
[2024-12-21T18:47:06.721+0600] {processor.py:914} INFO - Processing file /home/abr/.local/lib/python3.10/site-packages/airflow/example_dags/example_branch_python_dop_operator_3.py for tasks to queue
[2024-12-21T18:47:06.725+0600] {logging_mixin.py:190} INFO - [2024-12-21T18:47:06.724+0600] {dagbag.py:588} INFO - Filling up the DagBag from /home/abr/.local/lib/python3.10/site-packages/airflow/example_dags/example_branch_python_dop_operator_3.py
[2024-12-21T18:47:06.743+0600] {processor.py:925} INFO - DAG(s) 'example_branch_dop_operator_v3' retrieved from /home/abr/.local/lib/python3.10/site-packages/airflow/example_dags/example_branch_python_dop_operator_3.py
[2024-12-21T18:47:06.769+0600] {logging_mixin.py:190} INFO - [2024-12-21T18:47:06.768+0600] {dag.py:3239} INFO - Sync 1 DAGs
[2024-12-21T18:47:06.808+0600] {logging_mixin.py:190} INFO - [2024-12-21T18:47:06.807+0600] {dag.py:4180} INFO - Setting next_dagrun for example_branch_dop_operator_v3 to 2024-12-21 12:46:00+00:00, run_after=2024-12-21 12:47:00+00:00
[2024-12-21T18:47:06.838+0600] {processor.py:208} INFO - Processing /home/abr/.local/lib/python3.10/site-packages/airflow/example_dags/example_branch_python_dop_operator_3.py took 0.134 seconds
[2024-12-21T18:48:12.177+0600] {processor.py:186} INFO - Started process (PID=6621) to work on /home/abr/.local/lib/python3.10/site-packages/airflow/example_dags/example_branch_python_dop_operator_3.py
[2024-12-21T18:48:12.179+0600] {processor.py:914} INFO - Processing file /home/abr/.local/lib/python3.10/site-packages/airflow/example_dags/example_branch_python_dop_operator_3.py for tasks to queue
[2024-12-21T18:48:12.182+0600] {logging_mixin.py:190} INFO - [2024-12-21T18:48:12.182+0600] {dagbag.py:588} INFO - Filling up the DagBag from /home/abr/.local/lib/python3.10/site-packages/airflow/example_dags/example_branch_python_dop_operator_3.py
[2024-12-21T18:48:12.201+0600] {processor.py:925} INFO - DAG(s) 'example_branch_dop_operator_v3' retrieved from /home/abr/.local/lib/python3.10/site-packages/airflow/example_dags/example_branch_python_dop_operator_3.py
[2024-12-21T18:48:12.227+0600] {logging_mixin.py:190} INFO - [2024-12-21T18:48:12.226+0600] {dag.py:3239} INFO - Sync 1 DAGs
[2024-12-21T18:48:12.265+0600] {logging_mixin.py:190} INFO - [2024-12-21T18:48:12.264+0600] {dag.py:4180} INFO - Setting next_dagrun for example_branch_dop_operator_v3 to 2024-12-21 12:47:00+00:00, run_after=2024-12-21 12:48:00+00:00
[2024-12-21T18:48:12.296+0600] {processor.py:208} INFO - Processing /home/abr/.local/lib/python3.10/site-packages/airflow/example_dags/example_branch_python_dop_operator_3.py took 0.129 seconds
[2024-12-21T18:49:14.973+0600] {processor.py:186} INFO - Started process (PID=6704) to work on /home/abr/.local/lib/python3.10/site-packages/airflow/example_dags/example_branch_python_dop_operator_3.py
[2024-12-21T18:49:14.980+0600] {processor.py:914} INFO - Processing file /home/abr/.local/lib/python3.10/site-packages/airflow/example_dags/example_branch_python_dop_operator_3.py for tasks to queue
[2024-12-21T18:49:14.983+0600] {logging_mixin.py:190} INFO - [2024-12-21T18:49:14.983+0600] {dagbag.py:588} INFO - Filling up the DagBag from /home/abr/.local/lib/python3.10/site-packages/airflow/example_dags/example_branch_python_dop_operator_3.py
[2024-12-21T18:49:15.000+0600] {processor.py:925} INFO - DAG(s) 'example_branch_dop_operator_v3' retrieved from /home/abr/.local/lib/python3.10/site-packages/airflow/example_dags/example_branch_python_dop_operator_3.py
[2024-12-21T18:49:15.026+0600] {logging_mixin.py:190} INFO - [2024-12-21T18:49:15.025+0600] {dag.py:3239} INFO - Sync 1 DAGs
[2024-12-21T18:49:15.064+0600] {logging_mixin.py:190} INFO - [2024-12-21T18:49:15.063+0600] {dag.py:4180} INFO - Setting next_dagrun for example_branch_dop_operator_v3 to 2024-12-21 12:48:00+00:00, run_after=2024-12-21 12:49:00+00:00
[2024-12-21T18:49:15.095+0600] {processor.py:208} INFO - Processing /home/abr/.local/lib/python3.10/site-packages/airflow/example_dags/example_branch_python_dop_operator_3.py took 0.132 seconds
[2024-12-21T18:50:17.553+0600] {processor.py:186} INFO - Started process (PID=6827) to work on /home/abr/.local/lib/python3.10/site-packages/airflow/example_dags/example_branch_python_dop_operator_3.py
[2024-12-21T18:50:17.560+0600] {processor.py:914} INFO - Processing file /home/abr/.local/lib/python3.10/site-packages/airflow/example_dags/example_branch_python_dop_operator_3.py for tasks to queue
[2024-12-21T18:50:17.563+0600] {logging_mixin.py:190} INFO - [2024-12-21T18:50:17.563+0600] {dagbag.py:588} INFO - Filling up the DagBag from /home/abr/.local/lib/python3.10/site-packages/airflow/example_dags/example_branch_python_dop_operator_3.py
[2024-12-21T18:50:17.581+0600] {processor.py:925} INFO - DAG(s) 'example_branch_dop_operator_v3' retrieved from /home/abr/.local/lib/python3.10/site-packages/airflow/example_dags/example_branch_python_dop_operator_3.py
[2024-12-21T18:50:17.606+0600] {logging_mixin.py:190} INFO - [2024-12-21T18:50:17.606+0600] {dag.py:3239} INFO - Sync 1 DAGs
[2024-12-21T18:50:17.646+0600] {logging_mixin.py:190} INFO - [2024-12-21T18:50:17.645+0600] {dag.py:4180} INFO - Setting next_dagrun for example_branch_dop_operator_v3 to 2024-12-21 12:49:00+00:00, run_after=2024-12-21 12:50:00+00:00
[2024-12-21T18:50:17.677+0600] {processor.py:208} INFO - Processing /home/abr/.local/lib/python3.10/site-packages/airflow/example_dags/example_branch_python_dop_operator_3.py took 0.134 seconds
[2024-12-21T18:51:20.323+0600] {processor.py:186} INFO - Started process (PID=6927) to work on /home/abr/.local/lib/python3.10/site-packages/airflow/example_dags/example_branch_python_dop_operator_3.py
[2024-12-21T18:51:20.330+0600] {processor.py:914} INFO - Processing file /home/abr/.local/lib/python3.10/site-packages/airflow/example_dags/example_branch_python_dop_operator_3.py for tasks to queue
[2024-12-21T18:51:20.333+0600] {logging_mixin.py:190} INFO - [2024-12-21T18:51:20.332+0600] {dagbag.py:588} INFO - Filling up the DagBag from /home/abr/.local/lib/python3.10/site-packages/airflow/example_dags/example_branch_python_dop_operator_3.py
[2024-12-21T18:51:20.350+0600] {processor.py:925} INFO - DAG(s) 'example_branch_dop_operator_v3' retrieved from /home/abr/.local/lib/python3.10/site-packages/airflow/example_dags/example_branch_python_dop_operator_3.py
[2024-12-21T18:51:20.376+0600] {logging_mixin.py:190} INFO - [2024-12-21T18:51:20.375+0600] {dag.py:3239} INFO - Sync 1 DAGs
[2024-12-21T18:51:20.416+0600] {logging_mixin.py:190} INFO - [2024-12-21T18:51:20.416+0600] {dag.py:4180} INFO - Setting next_dagrun for example_branch_dop_operator_v3 to 2024-12-21 12:50:00+00:00, run_after=2024-12-21 12:51:00+00:00
[2024-12-21T18:51:20.447+0600] {processor.py:208} INFO - Processing /home/abr/.local/lib/python3.10/site-packages/airflow/example_dags/example_branch_python_dop_operator_3.py took 0.134 seconds
[2024-12-21T18:52:22.749+0600] {processor.py:186} INFO - Started process (PID=7025) to work on /home/abr/.local/lib/python3.10/site-packages/airflow/example_dags/example_branch_python_dop_operator_3.py
[2024-12-21T18:52:22.756+0600] {processor.py:914} INFO - Processing file /home/abr/.local/lib/python3.10/site-packages/airflow/example_dags/example_branch_python_dop_operator_3.py for tasks to queue
[2024-12-21T18:52:22.759+0600] {logging_mixin.py:190} INFO - [2024-12-21T18:52:22.759+0600] {dagbag.py:588} INFO - Filling up the DagBag from /home/abr/.local/lib/python3.10/site-packages/airflow/example_dags/example_branch_python_dop_operator_3.py
[2024-12-21T18:52:22.777+0600] {processor.py:925} INFO - DAG(s) 'example_branch_dop_operator_v3' retrieved from /home/abr/.local/lib/python3.10/site-packages/airflow/example_dags/example_branch_python_dop_operator_3.py
[2024-12-21T18:52:22.803+0600] {logging_mixin.py:190} INFO - [2024-12-21T18:52:22.802+0600] {dag.py:3239} INFO - Sync 1 DAGs
[2024-12-21T18:52:22.841+0600] {logging_mixin.py:190} INFO - [2024-12-21T18:52:22.840+0600] {dag.py:4180} INFO - Setting next_dagrun for example_branch_dop_operator_v3 to 2024-12-21 12:51:00+00:00, run_after=2024-12-21 12:52:00+00:00
[2024-12-21T18:52:22.871+0600] {processor.py:208} INFO - Processing /home/abr/.local/lib/python3.10/site-packages/airflow/example_dags/example_branch_python_dop_operator_3.py took 0.132 seconds
