[2024-12-21T18:42:17.959+0600] {processor.py:186} INFO - Started process (PID=6016) to work on /home/abr/.local/lib/python3.10/site-packages/airflow/example_dags/example_dataset_alias_with_no_taskflow.py
[2024-12-21T18:42:17.960+0600] {processor.py:914} INFO - Processing file /home/abr/.local/lib/python3.10/site-packages/airflow/example_dags/example_dataset_alias_with_no_taskflow.py for tasks to queue
[2024-12-21T18:42:17.964+0600] {logging_mixin.py:190} INFO - [2024-12-21T18:42:17.963+0600] {dagbag.py:588} INFO - Filling up the DagBag from /home/abr/.local/lib/python3.10/site-packages/airflow/example_dags/example_dataset_alias_with_no_taskflow.py
[2024-12-21T18:42:17.992+0600] {processor.py:925} INFO - DAG(s) 'dataset_s3_bucket_consumer_with_no_taskflow', 'dataset_s3_bucket_producer_with_no_taskflow', 'dataset_alias_example_alias_consumer_with_no_taskflow', 'dataset_alias_example_alias_producer_with_no_taskflow' retrieved from /home/abr/.local/lib/python3.10/site-packages/airflow/example_dags/example_dataset_alias_with_no_taskflow.py
[2024-12-21T18:42:18.140+0600] {logging_mixin.py:190} INFO - [2024-12-21T18:42:18.139+0600] {override.py:1911} INFO - Created Permission View: can read on DAG:dataset_s3_bucket_consumer_with_no_taskflow
[2024-12-21T18:42:18.158+0600] {logging_mixin.py:190} INFO - [2024-12-21T18:42:18.157+0600] {override.py:1911} INFO - Created Permission View: can delete on DAG:dataset_s3_bucket_consumer_with_no_taskflow
[2024-12-21T18:42:18.169+0600] {logging_mixin.py:190} INFO - [2024-12-21T18:42:18.169+0600] {override.py:1911} INFO - Created Permission View: can edit on DAG:dataset_s3_bucket_consumer_with_no_taskflow
[2024-12-21T18:42:18.183+0600] {logging_mixin.py:190} INFO - [2024-12-21T18:42:18.183+0600] {override.py:1911} INFO - Created Permission View: can read on DAG Run:dataset_s3_bucket_consumer_with_no_taskflow
[2024-12-21T18:42:18.193+0600] {logging_mixin.py:190} INFO - [2024-12-21T18:42:18.192+0600] {override.py:1911} INFO - Created Permission View: can create on DAG Run:dataset_s3_bucket_consumer_with_no_taskflow
[2024-12-21T18:42:18.202+0600] {logging_mixin.py:190} INFO - [2024-12-21T18:42:18.202+0600] {override.py:1911} INFO - Created Permission View: can delete on DAG Run:dataset_s3_bucket_consumer_with_no_taskflow
[2024-12-21T18:42:18.213+0600] {logging_mixin.py:190} INFO - [2024-12-21T18:42:18.212+0600] {override.py:1911} INFO - Created Permission View: menu access on DAG Run:dataset_s3_bucket_consumer_with_no_taskflow
[2024-12-21T18:42:18.233+0600] {logging_mixin.py:190} INFO - [2024-12-21T18:42:18.233+0600] {override.py:1911} INFO - Created Permission View: can read on DAG:dataset_s3_bucket_producer_with_no_taskflow
[2024-12-21T18:42:18.243+0600] {logging_mixin.py:190} INFO - [2024-12-21T18:42:18.242+0600] {override.py:1911} INFO - Created Permission View: can delete on DAG:dataset_s3_bucket_producer_with_no_taskflow
[2024-12-21T18:42:18.253+0600] {logging_mixin.py:190} INFO - [2024-12-21T18:42:18.252+0600] {override.py:1911} INFO - Created Permission View: can edit on DAG:dataset_s3_bucket_producer_with_no_taskflow
[2024-12-21T18:42:18.266+0600] {logging_mixin.py:190} INFO - [2024-12-21T18:42:18.266+0600] {override.py:1911} INFO - Created Permission View: can read on DAG Run:dataset_s3_bucket_producer_with_no_taskflow
[2024-12-21T18:42:18.275+0600] {logging_mixin.py:190} INFO - [2024-12-21T18:42:18.275+0600] {override.py:1911} INFO - Created Permission View: can create on DAG Run:dataset_s3_bucket_producer_with_no_taskflow
[2024-12-21T18:42:18.285+0600] {logging_mixin.py:190} INFO - [2024-12-21T18:42:18.284+0600] {override.py:1911} INFO - Created Permission View: can delete on DAG Run:dataset_s3_bucket_producer_with_no_taskflow
[2024-12-21T18:42:18.294+0600] {logging_mixin.py:190} INFO - [2024-12-21T18:42:18.294+0600] {override.py:1911} INFO - Created Permission View: menu access on DAG Run:dataset_s3_bucket_producer_with_no_taskflow
[2024-12-21T18:42:18.314+0600] {logging_mixin.py:190} INFO - [2024-12-21T18:42:18.314+0600] {override.py:1911} INFO - Created Permission View: can read on DAG:dataset_alias_example_alias_consumer_with_no_taskflow
[2024-12-21T18:42:18.324+0600] {logging_mixin.py:190} INFO - [2024-12-21T18:42:18.323+0600] {override.py:1911} INFO - Created Permission View: can delete on DAG:dataset_alias_example_alias_consumer_with_no_taskflow
[2024-12-21T18:42:18.334+0600] {logging_mixin.py:190} INFO - [2024-12-21T18:42:18.333+0600] {override.py:1911} INFO - Created Permission View: can edit on DAG:dataset_alias_example_alias_consumer_with_no_taskflow
[2024-12-21T18:42:18.346+0600] {logging_mixin.py:190} INFO - [2024-12-21T18:42:18.345+0600] {override.py:1911} INFO - Created Permission View: can read on DAG Run:dataset_alias_example_alias_consumer_with_no_taskflow
[2024-12-21T18:42:18.355+0600] {logging_mixin.py:190} INFO - [2024-12-21T18:42:18.355+0600] {override.py:1911} INFO - Created Permission View: can create on DAG Run:dataset_alias_example_alias_consumer_with_no_taskflow
[2024-12-21T18:42:18.365+0600] {logging_mixin.py:190} INFO - [2024-12-21T18:42:18.364+0600] {override.py:1911} INFO - Created Permission View: can delete on DAG Run:dataset_alias_example_alias_consumer_with_no_taskflow
[2024-12-21T18:42:18.375+0600] {logging_mixin.py:190} INFO - [2024-12-21T18:42:18.374+0600] {override.py:1911} INFO - Created Permission View: menu access on DAG Run:dataset_alias_example_alias_consumer_with_no_taskflow
[2024-12-21T18:42:18.396+0600] {logging_mixin.py:190} INFO - [2024-12-21T18:42:18.395+0600] {override.py:1911} INFO - Created Permission View: can read on DAG:dataset_alias_example_alias_producer_with_no_taskflow
[2024-12-21T18:42:18.405+0600] {logging_mixin.py:190} INFO - [2024-12-21T18:42:18.405+0600] {override.py:1911} INFO - Created Permission View: can delete on DAG:dataset_alias_example_alias_producer_with_no_taskflow
[2024-12-21T18:42:18.415+0600] {logging_mixin.py:190} INFO - [2024-12-21T18:42:18.414+0600] {override.py:1911} INFO - Created Permission View: can edit on DAG:dataset_alias_example_alias_producer_with_no_taskflow
[2024-12-21T18:42:18.428+0600] {logging_mixin.py:190} INFO - [2024-12-21T18:42:18.428+0600] {override.py:1911} INFO - Created Permission View: can read on DAG Run:dataset_alias_example_alias_producer_with_no_taskflow
[2024-12-21T18:42:18.438+0600] {logging_mixin.py:190} INFO - [2024-12-21T18:42:18.437+0600] {override.py:1911} INFO - Created Permission View: can create on DAG Run:dataset_alias_example_alias_producer_with_no_taskflow
[2024-12-21T18:42:18.447+0600] {logging_mixin.py:190} INFO - [2024-12-21T18:42:18.447+0600] {override.py:1911} INFO - Created Permission View: can delete on DAG Run:dataset_alias_example_alias_producer_with_no_taskflow
[2024-12-21T18:42:18.456+0600] {logging_mixin.py:190} INFO - [2024-12-21T18:42:18.456+0600] {override.py:1911} INFO - Created Permission View: menu access on DAG Run:dataset_alias_example_alias_producer_with_no_taskflow
[2024-12-21T18:42:18.457+0600] {logging_mixin.py:190} INFO - [2024-12-21T18:42:18.457+0600] {dag.py:3239} INFO - Sync 4 DAGs
[2024-12-21T18:42:18.475+0600] {logging_mixin.py:190} INFO - [2024-12-21T18:42:18.474+0600] {dag.py:3262} INFO - Creating ORM DAG for dataset_alias_example_alias_consumer_with_no_taskflow
[2024-12-21T18:42:18.476+0600] {logging_mixin.py:190} INFO - [2024-12-21T18:42:18.475+0600] {dag.py:3262} INFO - Creating ORM DAG for dataset_s3_bucket_consumer_with_no_taskflow
[2024-12-21T18:42:18.476+0600] {logging_mixin.py:190} INFO - [2024-12-21T18:42:18.476+0600] {dag.py:3262} INFO - Creating ORM DAG for dataset_alias_example_alias_producer_with_no_taskflow
[2024-12-21T18:42:18.477+0600] {logging_mixin.py:190} INFO - [2024-12-21T18:42:18.477+0600] {dag.py:3262} INFO - Creating ORM DAG for dataset_s3_bucket_producer_with_no_taskflow
[2024-12-21T18:42:18.489+0600] {logging_mixin.py:190} INFO - [2024-12-21T18:42:18.489+0600] {dag.py:4180} INFO - Setting next_dagrun for dataset_alias_example_alias_consumer_with_no_taskflow to None, run_after=None
[2024-12-21T18:42:18.490+0600] {logging_mixin.py:190} INFO - [2024-12-21T18:42:18.490+0600] {dag.py:4180} INFO - Setting next_dagrun for dataset_alias_example_alias_producer_with_no_taskflow to None, run_after=None
[2024-12-21T18:42:18.491+0600] {logging_mixin.py:190} INFO - [2024-12-21T18:42:18.491+0600] {dag.py:4180} INFO - Setting next_dagrun for dataset_s3_bucket_consumer_with_no_taskflow to None, run_after=None
[2024-12-21T18:42:18.492+0600] {logging_mixin.py:190} INFO - [2024-12-21T18:42:18.492+0600] {dag.py:4180} INFO - Setting next_dagrun for dataset_s3_bucket_producer_with_no_taskflow to None, run_after=None
[2024-12-21T18:42:18.540+0600] {processor.py:208} INFO - Processing /home/abr/.local/lib/python3.10/site-packages/airflow/example_dags/example_dataset_alias_with_no_taskflow.py took 0.591 seconds
[2024-12-21T18:43:39.637+0600] {processor.py:186} INFO - Started process (PID=6132) to work on /home/abr/.local/lib/python3.10/site-packages/airflow/example_dags/example_dataset_alias_with_no_taskflow.py
[2024-12-21T18:43:39.644+0600] {processor.py:914} INFO - Processing file /home/abr/.local/lib/python3.10/site-packages/airflow/example_dags/example_dataset_alias_with_no_taskflow.py for tasks to queue
[2024-12-21T18:43:39.647+0600] {logging_mixin.py:190} INFO - [2024-12-21T18:43:39.646+0600] {dagbag.py:588} INFO - Filling up the DagBag from /home/abr/.local/lib/python3.10/site-packages/airflow/example_dags/example_dataset_alias_with_no_taskflow.py
[2024-12-21T18:43:39.682+0600] {processor.py:925} INFO - DAG(s) 'dataset_s3_bucket_producer_with_no_taskflow', 'dataset_alias_example_alias_producer_with_no_taskflow', 'dataset_s3_bucket_consumer_with_no_taskflow', 'dataset_alias_example_alias_consumer_with_no_taskflow' retrieved from /home/abr/.local/lib/python3.10/site-packages/airflow/example_dags/example_dataset_alias_with_no_taskflow.py
[2024-12-21T18:43:39.717+0600] {logging_mixin.py:190} INFO - [2024-12-21T18:43:39.717+0600] {dag.py:3239} INFO - Sync 4 DAGs
[2024-12-21T18:43:39.748+0600] {logging_mixin.py:190} INFO - [2024-12-21T18:43:39.747+0600] {dag.py:4180} INFO - Setting next_dagrun for dataset_alias_example_alias_consumer_with_no_taskflow to None, run_after=None
[2024-12-21T18:43:39.751+0600] {logging_mixin.py:190} INFO - [2024-12-21T18:43:39.751+0600] {dag.py:4180} INFO - Setting next_dagrun for dataset_alias_example_alias_producer_with_no_taskflow to None, run_after=None
[2024-12-21T18:43:39.753+0600] {logging_mixin.py:190} INFO - [2024-12-21T18:43:39.752+0600] {dag.py:4180} INFO - Setting next_dagrun for dataset_s3_bucket_consumer_with_no_taskflow to None, run_after=None
[2024-12-21T18:43:39.754+0600] {logging_mixin.py:190} INFO - [2024-12-21T18:43:39.754+0600] {dag.py:4180} INFO - Setting next_dagrun for dataset_s3_bucket_producer_with_no_taskflow to None, run_after=None
[2024-12-21T18:43:39.796+0600] {processor.py:208} INFO - Processing /home/abr/.local/lib/python3.10/site-packages/airflow/example_dags/example_dataset_alias_with_no_taskflow.py took 0.168 seconds
[2024-12-21T18:44:52.549+0600] {processor.py:186} INFO - Started process (PID=6264) to work on /home/abr/.local/lib/python3.10/site-packages/airflow/example_dags/example_dataset_alias_with_no_taskflow.py
[2024-12-21T18:44:52.556+0600] {processor.py:914} INFO - Processing file /home/abr/.local/lib/python3.10/site-packages/airflow/example_dags/example_dataset_alias_with_no_taskflow.py for tasks to queue
[2024-12-21T18:44:52.559+0600] {logging_mixin.py:190} INFO - [2024-12-21T18:44:52.558+0600] {dagbag.py:588} INFO - Filling up the DagBag from /home/abr/.local/lib/python3.10/site-packages/airflow/example_dags/example_dataset_alias_with_no_taskflow.py
[2024-12-21T18:44:52.594+0600] {processor.py:925} INFO - DAG(s) 'dataset_s3_bucket_producer_with_no_taskflow', 'dataset_alias_example_alias_consumer_with_no_taskflow', 'dataset_alias_example_alias_producer_with_no_taskflow', 'dataset_s3_bucket_consumer_with_no_taskflow' retrieved from /home/abr/.local/lib/python3.10/site-packages/airflow/example_dags/example_dataset_alias_with_no_taskflow.py
[2024-12-21T18:44:52.630+0600] {logging_mixin.py:190} INFO - [2024-12-21T18:44:52.630+0600] {dag.py:3239} INFO - Sync 4 DAGs
[2024-12-21T18:44:52.660+0600] {logging_mixin.py:190} INFO - [2024-12-21T18:44:52.660+0600] {dag.py:4180} INFO - Setting next_dagrun for dataset_alias_example_alias_consumer_with_no_taskflow to None, run_after=None
[2024-12-21T18:44:52.664+0600] {logging_mixin.py:190} INFO - [2024-12-21T18:44:52.664+0600] {dag.py:4180} INFO - Setting next_dagrun for dataset_alias_example_alias_producer_with_no_taskflow to None, run_after=None
[2024-12-21T18:44:52.666+0600] {logging_mixin.py:190} INFO - [2024-12-21T18:44:52.665+0600] {dag.py:4180} INFO - Setting next_dagrun for dataset_s3_bucket_consumer_with_no_taskflow to None, run_after=None
[2024-12-21T18:44:52.667+0600] {logging_mixin.py:190} INFO - [2024-12-21T18:44:52.667+0600] {dag.py:4180} INFO - Setting next_dagrun for dataset_s3_bucket_producer_with_no_taskflow to None, run_after=None
[2024-12-21T18:44:52.708+0600] {processor.py:208} INFO - Processing /home/abr/.local/lib/python3.10/site-packages/airflow/example_dags/example_dataset_alias_with_no_taskflow.py took 0.169 seconds
[2024-12-21T18:45:56.819+0600] {processor.py:186} INFO - Started process (PID=6388) to work on /home/abr/.local/lib/python3.10/site-packages/airflow/example_dags/example_dataset_alias_with_no_taskflow.py
[2024-12-21T18:45:56.826+0600] {processor.py:914} INFO - Processing file /home/abr/.local/lib/python3.10/site-packages/airflow/example_dags/example_dataset_alias_with_no_taskflow.py for tasks to queue
[2024-12-21T18:45:56.829+0600] {logging_mixin.py:190} INFO - [2024-12-21T18:45:56.829+0600] {dagbag.py:588} INFO - Filling up the DagBag from /home/abr/.local/lib/python3.10/site-packages/airflow/example_dags/example_dataset_alias_with_no_taskflow.py
[2024-12-21T18:45:56.865+0600] {processor.py:925} INFO - DAG(s) 'dataset_s3_bucket_consumer_with_no_taskflow', 'dataset_alias_example_alias_producer_with_no_taskflow', 'dataset_alias_example_alias_consumer_with_no_taskflow', 'dataset_s3_bucket_producer_with_no_taskflow' retrieved from /home/abr/.local/lib/python3.10/site-packages/airflow/example_dags/example_dataset_alias_with_no_taskflow.py
[2024-12-21T18:45:56.901+0600] {logging_mixin.py:190} INFO - [2024-12-21T18:45:56.901+0600] {dag.py:3239} INFO - Sync 4 DAGs
[2024-12-21T18:45:56.932+0600] {logging_mixin.py:190} INFO - [2024-12-21T18:45:56.931+0600] {dag.py:4180} INFO - Setting next_dagrun for dataset_alias_example_alias_consumer_with_no_taskflow to None, run_after=None
[2024-12-21T18:45:56.936+0600] {logging_mixin.py:190} INFO - [2024-12-21T18:45:56.935+0600] {dag.py:4180} INFO - Setting next_dagrun for dataset_alias_example_alias_producer_with_no_taskflow to None, run_after=None
[2024-12-21T18:45:56.937+0600] {logging_mixin.py:190} INFO - [2024-12-21T18:45:56.937+0600] {dag.py:4180} INFO - Setting next_dagrun for dataset_s3_bucket_consumer_with_no_taskflow to None, run_after=None
[2024-12-21T18:45:56.939+0600] {logging_mixin.py:190} INFO - [2024-12-21T18:45:56.938+0600] {dag.py:4180} INFO - Setting next_dagrun for dataset_s3_bucket_producer_with_no_taskflow to None, run_after=None
[2024-12-21T18:45:56.973+0600] {processor.py:208} INFO - Processing /home/abr/.local/lib/python3.10/site-packages/airflow/example_dags/example_dataset_alias_with_no_taskflow.py took 0.165 seconds
[2024-12-21T18:47:00.396+0600] {processor.py:186} INFO - Started process (PID=6532) to work on /home/abr/.local/lib/python3.10/site-packages/airflow/example_dags/example_dataset_alias_with_no_taskflow.py
[2024-12-21T18:47:00.402+0600] {processor.py:914} INFO - Processing file /home/abr/.local/lib/python3.10/site-packages/airflow/example_dags/example_dataset_alias_with_no_taskflow.py for tasks to queue
[2024-12-21T18:47:00.405+0600] {logging_mixin.py:190} INFO - [2024-12-21T18:47:00.405+0600] {dagbag.py:588} INFO - Filling up the DagBag from /home/abr/.local/lib/python3.10/site-packages/airflow/example_dags/example_dataset_alias_with_no_taskflow.py
[2024-12-21T18:47:00.441+0600] {processor.py:925} INFO - DAG(s) 'dataset_alias_example_alias_producer_with_no_taskflow', 'dataset_s3_bucket_producer_with_no_taskflow', 'dataset_alias_example_alias_consumer_with_no_taskflow', 'dataset_s3_bucket_consumer_with_no_taskflow' retrieved from /home/abr/.local/lib/python3.10/site-packages/airflow/example_dags/example_dataset_alias_with_no_taskflow.py
[2024-12-21T18:47:00.477+0600] {logging_mixin.py:190} INFO - [2024-12-21T18:47:00.477+0600] {dag.py:3239} INFO - Sync 4 DAGs
[2024-12-21T18:47:00.509+0600] {logging_mixin.py:190} INFO - [2024-12-21T18:47:00.508+0600] {dag.py:4180} INFO - Setting next_dagrun for dataset_alias_example_alias_consumer_with_no_taskflow to None, run_after=None
[2024-12-21T18:47:00.513+0600] {logging_mixin.py:190} INFO - [2024-12-21T18:47:00.512+0600] {dag.py:4180} INFO - Setting next_dagrun for dataset_alias_example_alias_producer_with_no_taskflow to None, run_after=None
[2024-12-21T18:47:00.514+0600] {logging_mixin.py:190} INFO - [2024-12-21T18:47:00.514+0600] {dag.py:4180} INFO - Setting next_dagrun for dataset_s3_bucket_consumer_with_no_taskflow to None, run_after=None
[2024-12-21T18:47:00.516+0600] {logging_mixin.py:190} INFO - [2024-12-21T18:47:00.516+0600] {dag.py:4180} INFO - Setting next_dagrun for dataset_s3_bucket_producer_with_no_taskflow to None, run_after=None
[2024-12-21T18:47:00.557+0600] {processor.py:208} INFO - Processing /home/abr/.local/lib/python3.10/site-packages/airflow/example_dags/example_dataset_alias_with_no_taskflow.py took 0.172 seconds
[2024-12-21T18:48:06.900+0600] {processor.py:186} INFO - Started process (PID=6615) to work on /home/abr/.local/lib/python3.10/site-packages/airflow/example_dags/example_dataset_alias_with_no_taskflow.py
[2024-12-21T18:48:06.906+0600] {processor.py:914} INFO - Processing file /home/abr/.local/lib/python3.10/site-packages/airflow/example_dags/example_dataset_alias_with_no_taskflow.py for tasks to queue
[2024-12-21T18:48:06.910+0600] {logging_mixin.py:190} INFO - [2024-12-21T18:48:06.909+0600] {dagbag.py:588} INFO - Filling up the DagBag from /home/abr/.local/lib/python3.10/site-packages/airflow/example_dags/example_dataset_alias_with_no_taskflow.py
[2024-12-21T18:48:06.945+0600] {processor.py:925} INFO - DAG(s) 'dataset_alias_example_alias_producer_with_no_taskflow', 'dataset_alias_example_alias_consumer_with_no_taskflow', 'dataset_s3_bucket_producer_with_no_taskflow', 'dataset_s3_bucket_consumer_with_no_taskflow' retrieved from /home/abr/.local/lib/python3.10/site-packages/airflow/example_dags/example_dataset_alias_with_no_taskflow.py
[2024-12-21T18:48:06.980+0600] {logging_mixin.py:190} INFO - [2024-12-21T18:48:06.980+0600] {dag.py:3239} INFO - Sync 4 DAGs
[2024-12-21T18:48:07.010+0600] {logging_mixin.py:190} INFO - [2024-12-21T18:48:07.010+0600] {dag.py:4180} INFO - Setting next_dagrun for dataset_alias_example_alias_consumer_with_no_taskflow to None, run_after=None
[2024-12-21T18:48:07.015+0600] {logging_mixin.py:190} INFO - [2024-12-21T18:48:07.014+0600] {dag.py:4180} INFO - Setting next_dagrun for dataset_alias_example_alias_producer_with_no_taskflow to None, run_after=None
[2024-12-21T18:48:07.016+0600] {logging_mixin.py:190} INFO - [2024-12-21T18:48:07.016+0600] {dag.py:4180} INFO - Setting next_dagrun for dataset_s3_bucket_consumer_with_no_taskflow to None, run_after=None
[2024-12-21T18:48:07.018+0600] {logging_mixin.py:190} INFO - [2024-12-21T18:48:07.017+0600] {dag.py:4180} INFO - Setting next_dagrun for dataset_s3_bucket_producer_with_no_taskflow to None, run_after=None
[2024-12-21T18:48:07.058+0600] {processor.py:208} INFO - Processing /home/abr/.local/lib/python3.10/site-packages/airflow/example_dags/example_dataset_alias_with_no_taskflow.py took 0.169 seconds
[2024-12-21T18:49:09.768+0600] {processor.py:186} INFO - Started process (PID=6699) to work on /home/abr/.local/lib/python3.10/site-packages/airflow/example_dags/example_dataset_alias_with_no_taskflow.py
[2024-12-21T18:49:09.775+0600] {processor.py:914} INFO - Processing file /home/abr/.local/lib/python3.10/site-packages/airflow/example_dags/example_dataset_alias_with_no_taskflow.py for tasks to queue
[2024-12-21T18:49:09.778+0600] {logging_mixin.py:190} INFO - [2024-12-21T18:49:09.777+0600] {dagbag.py:588} INFO - Filling up the DagBag from /home/abr/.local/lib/python3.10/site-packages/airflow/example_dags/example_dataset_alias_with_no_taskflow.py
[2024-12-21T18:49:09.814+0600] {processor.py:925} INFO - DAG(s) 'dataset_s3_bucket_consumer_with_no_taskflow', 'dataset_alias_example_alias_producer_with_no_taskflow', 'dataset_alias_example_alias_consumer_with_no_taskflow', 'dataset_s3_bucket_producer_with_no_taskflow' retrieved from /home/abr/.local/lib/python3.10/site-packages/airflow/example_dags/example_dataset_alias_with_no_taskflow.py
[2024-12-21T18:49:09.848+0600] {logging_mixin.py:190} INFO - [2024-12-21T18:49:09.848+0600] {dag.py:3239} INFO - Sync 4 DAGs
[2024-12-21T18:49:09.880+0600] {logging_mixin.py:190} INFO - [2024-12-21T18:49:09.879+0600] {dag.py:4180} INFO - Setting next_dagrun for dataset_alias_example_alias_consumer_with_no_taskflow to None, run_after=None
[2024-12-21T18:49:09.883+0600] {logging_mixin.py:190} INFO - [2024-12-21T18:49:09.883+0600] {dag.py:4180} INFO - Setting next_dagrun for dataset_alias_example_alias_producer_with_no_taskflow to None, run_after=None
[2024-12-21T18:49:09.885+0600] {logging_mixin.py:190} INFO - [2024-12-21T18:49:09.885+0600] {dag.py:4180} INFO - Setting next_dagrun for dataset_s3_bucket_consumer_with_no_taskflow to None, run_after=None
[2024-12-21T18:49:09.886+0600] {logging_mixin.py:190} INFO - [2024-12-21T18:49:09.886+0600] {dag.py:4180} INFO - Setting next_dagrun for dataset_s3_bucket_producer_with_no_taskflow to None, run_after=None
[2024-12-21T18:49:09.928+0600] {processor.py:208} INFO - Processing /home/abr/.local/lib/python3.10/site-packages/airflow/example_dags/example_dataset_alias_with_no_taskflow.py took 0.170 seconds
[2024-12-21T18:50:12.276+0600] {processor.py:186} INFO - Started process (PID=6817) to work on /home/abr/.local/lib/python3.10/site-packages/airflow/example_dags/example_dataset_alias_with_no_taskflow.py
[2024-12-21T18:50:12.283+0600] {processor.py:914} INFO - Processing file /home/abr/.local/lib/python3.10/site-packages/airflow/example_dags/example_dataset_alias_with_no_taskflow.py for tasks to queue
[2024-12-21T18:50:12.286+0600] {logging_mixin.py:190} INFO - [2024-12-21T18:50:12.285+0600] {dagbag.py:588} INFO - Filling up the DagBag from /home/abr/.local/lib/python3.10/site-packages/airflow/example_dags/example_dataset_alias_with_no_taskflow.py
[2024-12-21T18:50:12.322+0600] {processor.py:925} INFO - DAG(s) 'dataset_alias_example_alias_consumer_with_no_taskflow', 'dataset_alias_example_alias_producer_with_no_taskflow', 'dataset_s3_bucket_producer_with_no_taskflow', 'dataset_s3_bucket_consumer_with_no_taskflow' retrieved from /home/abr/.local/lib/python3.10/site-packages/airflow/example_dags/example_dataset_alias_with_no_taskflow.py
[2024-12-21T18:50:12.357+0600] {logging_mixin.py:190} INFO - [2024-12-21T18:50:12.356+0600] {dag.py:3239} INFO - Sync 4 DAGs
[2024-12-21T18:50:12.388+0600] {logging_mixin.py:190} INFO - [2024-12-21T18:50:12.388+0600] {dag.py:4180} INFO - Setting next_dagrun for dataset_alias_example_alias_consumer_with_no_taskflow to None, run_after=None
[2024-12-21T18:50:12.392+0600] {logging_mixin.py:190} INFO - [2024-12-21T18:50:12.392+0600] {dag.py:4180} INFO - Setting next_dagrun for dataset_alias_example_alias_producer_with_no_taskflow to None, run_after=None
[2024-12-21T18:50:12.394+0600] {logging_mixin.py:190} INFO - [2024-12-21T18:50:12.394+0600] {dag.py:4180} INFO - Setting next_dagrun for dataset_s3_bucket_consumer_with_no_taskflow to None, run_after=None
[2024-12-21T18:50:12.396+0600] {logging_mixin.py:190} INFO - [2024-12-21T18:50:12.395+0600] {dag.py:4180} INFO - Setting next_dagrun for dataset_s3_bucket_producer_with_no_taskflow to None, run_after=None
[2024-12-21T18:50:12.437+0600] {processor.py:208} INFO - Processing /home/abr/.local/lib/python3.10/site-packages/airflow/example_dags/example_dataset_alias_with_no_taskflow.py took 0.172 seconds
[2024-12-21T18:51:15.045+0600] {processor.py:186} INFO - Started process (PID=6921) to work on /home/abr/.local/lib/python3.10/site-packages/airflow/example_dags/example_dataset_alias_with_no_taskflow.py
[2024-12-21T18:51:15.051+0600] {processor.py:914} INFO - Processing file /home/abr/.local/lib/python3.10/site-packages/airflow/example_dags/example_dataset_alias_with_no_taskflow.py for tasks to queue
[2024-12-21T18:51:15.056+0600] {logging_mixin.py:190} INFO - [2024-12-21T18:51:15.055+0600] {dagbag.py:588} INFO - Filling up the DagBag from /home/abr/.local/lib/python3.10/site-packages/airflow/example_dags/example_dataset_alias_with_no_taskflow.py
[2024-12-21T18:51:15.094+0600] {processor.py:925} INFO - DAG(s) 'dataset_s3_bucket_consumer_with_no_taskflow', 'dataset_alias_example_alias_producer_with_no_taskflow', 'dataset_s3_bucket_producer_with_no_taskflow', 'dataset_alias_example_alias_consumer_with_no_taskflow' retrieved from /home/abr/.local/lib/python3.10/site-packages/airflow/example_dags/example_dataset_alias_with_no_taskflow.py
[2024-12-21T18:51:15.128+0600] {logging_mixin.py:190} INFO - [2024-12-21T18:51:15.128+0600] {dag.py:3239} INFO - Sync 4 DAGs
[2024-12-21T18:51:15.160+0600] {logging_mixin.py:190} INFO - [2024-12-21T18:51:15.160+0600] {dag.py:4180} INFO - Setting next_dagrun for dataset_alias_example_alias_consumer_with_no_taskflow to None, run_after=None
[2024-12-21T18:51:15.164+0600] {logging_mixin.py:190} INFO - [2024-12-21T18:51:15.163+0600] {dag.py:4180} INFO - Setting next_dagrun for dataset_alias_example_alias_producer_with_no_taskflow to None, run_after=None
[2024-12-21T18:51:15.166+0600] {logging_mixin.py:190} INFO - [2024-12-21T18:51:15.165+0600] {dag.py:4180} INFO - Setting next_dagrun for dataset_s3_bucket_consumer_with_no_taskflow to None, run_after=None
[2024-12-21T18:51:15.167+0600] {logging_mixin.py:190} INFO - [2024-12-21T18:51:15.167+0600] {dag.py:4180} INFO - Setting next_dagrun for dataset_s3_bucket_producer_with_no_taskflow to None, run_after=None
[2024-12-21T18:51:15.207+0600] {processor.py:208} INFO - Processing /home/abr/.local/lib/python3.10/site-packages/airflow/example_dags/example_dataset_alias_with_no_taskflow.py took 0.173 seconds
[2024-12-21T18:52:16.536+0600] {processor.py:186} INFO - Started process (PID=7020) to work on /home/abr/.local/lib/python3.10/site-packages/airflow/example_dags/example_dataset_alias_with_no_taskflow.py
[2024-12-21T18:52:16.542+0600] {processor.py:914} INFO - Processing file /home/abr/.local/lib/python3.10/site-packages/airflow/example_dags/example_dataset_alias_with_no_taskflow.py for tasks to queue
[2024-12-21T18:52:16.546+0600] {logging_mixin.py:190} INFO - [2024-12-21T18:52:16.545+0600] {dagbag.py:588} INFO - Filling up the DagBag from /home/abr/.local/lib/python3.10/site-packages/airflow/example_dags/example_dataset_alias_with_no_taskflow.py
[2024-12-21T18:52:16.581+0600] {processor.py:925} INFO - DAG(s) 'dataset_alias_example_alias_consumer_with_no_taskflow', 'dataset_s3_bucket_producer_with_no_taskflow', 'dataset_alias_example_alias_producer_with_no_taskflow', 'dataset_s3_bucket_consumer_with_no_taskflow' retrieved from /home/abr/.local/lib/python3.10/site-packages/airflow/example_dags/example_dataset_alias_with_no_taskflow.py
[2024-12-21T18:52:16.617+0600] {logging_mixin.py:190} INFO - [2024-12-21T18:52:16.616+0600] {dag.py:3239} INFO - Sync 4 DAGs
[2024-12-21T18:52:16.648+0600] {logging_mixin.py:190} INFO - [2024-12-21T18:52:16.648+0600] {dag.py:4180} INFO - Setting next_dagrun for dataset_alias_example_alias_consumer_with_no_taskflow to None, run_after=None
[2024-12-21T18:52:16.652+0600] {logging_mixin.py:190} INFO - [2024-12-21T18:52:16.651+0600] {dag.py:4180} INFO - Setting next_dagrun for dataset_alias_example_alias_producer_with_no_taskflow to None, run_after=None
[2024-12-21T18:52:16.653+0600] {logging_mixin.py:190} INFO - [2024-12-21T18:52:16.653+0600] {dag.py:4180} INFO - Setting next_dagrun for dataset_s3_bucket_consumer_with_no_taskflow to None, run_after=None
[2024-12-21T18:52:16.655+0600] {logging_mixin.py:190} INFO - [2024-12-21T18:52:16.655+0600] {dag.py:4180} INFO - Setting next_dagrun for dataset_s3_bucket_producer_with_no_taskflow to None, run_after=None
[2024-12-21T18:52:16.695+0600] {processor.py:208} INFO - Processing /home/abr/.local/lib/python3.10/site-packages/airflow/example_dags/example_dataset_alias_with_no_taskflow.py took 0.169 seconds
