[2024-12-21T18:42:30.541+0600] {processor.py:186} INFO - Started process (PID=6035) to work on /home/abr/.local/lib/python3.10/site-packages/airflow/example_dags/example_branch_operator_decorator.py
[2024-12-21T18:42:30.542+0600] {processor.py:914} INFO - Processing file /home/abr/.local/lib/python3.10/site-packages/airflow/example_dags/example_branch_operator_decorator.py for tasks to queue
[2024-12-21T18:42:30.546+0600] {logging_mixin.py:190} INFO - [2024-12-21T18:42:30.545+0600] {dagbag.py:588} INFO - Filling up the DagBag from /home/abr/.local/lib/python3.10/site-packages/airflow/example_dags/example_branch_operator_decorator.py
[2024-12-21T18:42:30.584+0600] {processor.py:925} INFO - DAG(s) 'example_branch_python_operator_decorator' retrieved from /home/abr/.local/lib/python3.10/site-packages/airflow/example_dags/example_branch_operator_decorator.py
[2024-12-21T18:42:30.752+0600] {logging_mixin.py:190} INFO - [2024-12-21T18:42:30.751+0600] {override.py:1911} INFO - Created Permission View: can read on DAG:example_branch_python_operator_decorator
[2024-12-21T18:42:30.767+0600] {logging_mixin.py:190} INFO - [2024-12-21T18:42:30.767+0600] {override.py:1911} INFO - Created Permission View: can delete on DAG:example_branch_python_operator_decorator
[2024-12-21T18:42:30.778+0600] {logging_mixin.py:190} INFO - [2024-12-21T18:42:30.778+0600] {override.py:1911} INFO - Created Permission View: can edit on DAG:example_branch_python_operator_decorator
[2024-12-21T18:42:30.792+0600] {logging_mixin.py:190} INFO - [2024-12-21T18:42:30.791+0600] {override.py:1911} INFO - Created Permission View: can read on DAG Run:example_branch_python_operator_decorator
[2024-12-21T18:42:30.802+0600] {logging_mixin.py:190} INFO - [2024-12-21T18:42:30.801+0600] {override.py:1911} INFO - Created Permission View: can create on DAG Run:example_branch_python_operator_decorator
[2024-12-21T18:42:30.811+0600] {logging_mixin.py:190} INFO - [2024-12-21T18:42:30.811+0600] {override.py:1911} INFO - Created Permission View: can delete on DAG Run:example_branch_python_operator_decorator
[2024-12-21T18:42:30.821+0600] {logging_mixin.py:190} INFO - [2024-12-21T18:42:30.821+0600] {override.py:1911} INFO - Created Permission View: menu access on DAG Run:example_branch_python_operator_decorator
[2024-12-21T18:42:30.822+0600] {logging_mixin.py:190} INFO - [2024-12-21T18:42:30.821+0600] {dag.py:3239} INFO - Sync 1 DAGs
[2024-12-21T18:42:30.840+0600] {logging_mixin.py:190} INFO - [2024-12-21T18:42:30.839+0600] {dag.py:3262} INFO - Creating ORM DAG for example_branch_python_operator_decorator
[2024-12-21T18:42:30.854+0600] {logging_mixin.py:190} INFO - [2024-12-21T18:42:30.854+0600] {dag.py:4180} INFO - Setting next_dagrun for example_branch_python_operator_decorator to 2024-12-20 00:00:00+00:00, run_after=2024-12-21 00:00:00+00:00
[2024-12-21T18:42:30.888+0600] {processor.py:208} INFO - Processing /home/abr/.local/lib/python3.10/site-packages/airflow/example_dags/example_branch_operator_decorator.py took 0.358 seconds
[2024-12-21T18:43:49.523+0600] {processor.py:186} INFO - Started process (PID=6147) to work on /home/abr/.local/lib/python3.10/site-packages/airflow/example_dags/example_branch_operator_decorator.py
[2024-12-21T18:43:49.529+0600] {processor.py:914} INFO - Processing file /home/abr/.local/lib/python3.10/site-packages/airflow/example_dags/example_branch_operator_decorator.py for tasks to queue
[2024-12-21T18:43:49.532+0600] {logging_mixin.py:190} INFO - [2024-12-21T18:43:49.532+0600] {dagbag.py:588} INFO - Filling up the DagBag from /home/abr/.local/lib/python3.10/site-packages/airflow/example_dags/example_branch_operator_decorator.py
[2024-12-21T18:43:49.569+0600] {processor.py:925} INFO - DAG(s) 'example_branch_python_operator_decorator' retrieved from /home/abr/.local/lib/python3.10/site-packages/airflow/example_dags/example_branch_operator_decorator.py
[2024-12-21T18:43:49.608+0600] {logging_mixin.py:190} INFO - [2024-12-21T18:43:49.607+0600] {dag.py:3239} INFO - Sync 1 DAGs
[2024-12-21T18:43:49.639+0600] {logging_mixin.py:190} INFO - [2024-12-21T18:43:49.639+0600] {dag.py:4180} INFO - Setting next_dagrun for example_branch_python_operator_decorator to 2024-12-20 00:00:00+00:00, run_after=2024-12-21 00:00:00+00:00
[2024-12-21T18:43:49.674+0600] {processor.py:208} INFO - Processing /home/abr/.local/lib/python3.10/site-packages/airflow/example_dags/example_branch_operator_decorator.py took 0.162 seconds
[2024-12-21T18:45:01.721+0600] {processor.py:186} INFO - Started process (PID=6301) to work on /home/abr/.local/lib/python3.10/site-packages/airflow/example_dags/example_branch_operator_decorator.py
[2024-12-21T18:45:01.728+0600] {processor.py:914} INFO - Processing file /home/abr/.local/lib/python3.10/site-packages/airflow/example_dags/example_branch_operator_decorator.py for tasks to queue
[2024-12-21T18:45:01.731+0600] {logging_mixin.py:190} INFO - [2024-12-21T18:45:01.730+0600] {dagbag.py:588} INFO - Filling up the DagBag from /home/abr/.local/lib/python3.10/site-packages/airflow/example_dags/example_branch_operator_decorator.py
[2024-12-21T18:45:01.770+0600] {processor.py:925} INFO - DAG(s) 'example_branch_python_operator_decorator' retrieved from /home/abr/.local/lib/python3.10/site-packages/airflow/example_dags/example_branch_operator_decorator.py
[2024-12-21T18:45:01.808+0600] {logging_mixin.py:190} INFO - [2024-12-21T18:45:01.808+0600] {dag.py:3239} INFO - Sync 1 DAGs
[2024-12-21T18:45:01.840+0600] {logging_mixin.py:190} INFO - [2024-12-21T18:45:01.840+0600] {dag.py:4180} INFO - Setting next_dagrun for example_branch_python_operator_decorator to 2024-12-20 00:00:00+00:00, run_after=2024-12-21 00:00:00+00:00
[2024-12-21T18:45:01.871+0600] {processor.py:208} INFO - Processing /home/abr/.local/lib/python3.10/site-packages/airflow/example_dags/example_branch_operator_decorator.py took 0.160 seconds
[2024-12-21T18:46:06.829+0600] {processor.py:186} INFO - Started process (PID=6408) to work on /home/abr/.local/lib/python3.10/site-packages/airflow/example_dags/example_branch_operator_decorator.py
[2024-12-21T18:46:06.835+0600] {processor.py:914} INFO - Processing file /home/abr/.local/lib/python3.10/site-packages/airflow/example_dags/example_branch_operator_decorator.py for tasks to queue
[2024-12-21T18:46:06.838+0600] {logging_mixin.py:190} INFO - [2024-12-21T18:46:06.838+0600] {dagbag.py:588} INFO - Filling up the DagBag from /home/abr/.local/lib/python3.10/site-packages/airflow/example_dags/example_branch_operator_decorator.py
[2024-12-21T18:46:06.875+0600] {processor.py:925} INFO - DAG(s) 'example_branch_python_operator_decorator' retrieved from /home/abr/.local/lib/python3.10/site-packages/airflow/example_dags/example_branch_operator_decorator.py
[2024-12-21T18:46:06.915+0600] {logging_mixin.py:190} INFO - [2024-12-21T18:46:06.915+0600] {dag.py:3239} INFO - Sync 1 DAGs
[2024-12-21T18:46:06.948+0600] {logging_mixin.py:190} INFO - [2024-12-21T18:46:06.948+0600] {dag.py:4180} INFO - Setting next_dagrun for example_branch_python_operator_decorator to 2024-12-20 00:00:00+00:00, run_after=2024-12-21 00:00:00+00:00
[2024-12-21T18:46:06.984+0600] {processor.py:208} INFO - Processing /home/abr/.local/lib/python3.10/site-packages/airflow/example_dags/example_branch_operator_decorator.py took 0.165 seconds
[2024-12-21T18:47:11.451+0600] {processor.py:186} INFO - Started process (PID=6542) to work on /home/abr/.local/lib/python3.10/site-packages/airflow/example_dags/example_branch_operator_decorator.py
[2024-12-21T18:47:11.457+0600] {processor.py:914} INFO - Processing file /home/abr/.local/lib/python3.10/site-packages/airflow/example_dags/example_branch_operator_decorator.py for tasks to queue
[2024-12-21T18:47:11.461+0600] {logging_mixin.py:190} INFO - [2024-12-21T18:47:11.460+0600] {dagbag.py:588} INFO - Filling up the DagBag from /home/abr/.local/lib/python3.10/site-packages/airflow/example_dags/example_branch_operator_decorator.py
[2024-12-21T18:47:11.498+0600] {processor.py:925} INFO - DAG(s) 'example_branch_python_operator_decorator' retrieved from /home/abr/.local/lib/python3.10/site-packages/airflow/example_dags/example_branch_operator_decorator.py
[2024-12-21T18:47:11.536+0600] {logging_mixin.py:190} INFO - [2024-12-21T18:47:11.536+0600] {dag.py:3239} INFO - Sync 1 DAGs
[2024-12-21T18:47:11.568+0600] {logging_mixin.py:190} INFO - [2024-12-21T18:47:11.568+0600] {dag.py:4180} INFO - Setting next_dagrun for example_branch_python_operator_decorator to 2024-12-20 00:00:00+00:00, run_after=2024-12-21 00:00:00+00:00
[2024-12-21T18:47:11.603+0600] {processor.py:208} INFO - Processing /home/abr/.local/lib/python3.10/site-packages/airflow/example_dags/example_branch_operator_decorator.py took 0.162 seconds
[2024-12-21T18:48:16.178+0600] {processor.py:186} INFO - Started process (PID=6625) to work on /home/abr/.local/lib/python3.10/site-packages/airflow/example_dags/example_branch_operator_decorator.py
[2024-12-21T18:48:16.179+0600] {processor.py:914} INFO - Processing file /home/abr/.local/lib/python3.10/site-packages/airflow/example_dags/example_branch_operator_decorator.py for tasks to queue
[2024-12-21T18:48:16.183+0600] {logging_mixin.py:190} INFO - [2024-12-21T18:48:16.182+0600] {dagbag.py:588} INFO - Filling up the DagBag from /home/abr/.local/lib/python3.10/site-packages/airflow/example_dags/example_branch_operator_decorator.py
[2024-12-21T18:48:16.221+0600] {processor.py:925} INFO - DAG(s) 'example_branch_python_operator_decorator' retrieved from /home/abr/.local/lib/python3.10/site-packages/airflow/example_dags/example_branch_operator_decorator.py
[2024-12-21T18:48:16.260+0600] {logging_mixin.py:190} INFO - [2024-12-21T18:48:16.259+0600] {dag.py:3239} INFO - Sync 1 DAGs
[2024-12-21T18:48:16.293+0600] {logging_mixin.py:190} INFO - [2024-12-21T18:48:16.292+0600] {dag.py:4180} INFO - Setting next_dagrun for example_branch_python_operator_decorator to 2024-12-20 00:00:00+00:00, run_after=2024-12-21 00:00:00+00:00
[2024-12-21T18:48:16.330+0600] {processor.py:208} INFO - Processing /home/abr/.local/lib/python3.10/site-packages/airflow/example_dags/example_branch_operator_decorator.py took 0.163 seconds
[2024-12-21T18:49:20.127+0600] {processor.py:186} INFO - Started process (PID=6708) to work on /home/abr/.local/lib/python3.10/site-packages/airflow/example_dags/example_branch_operator_decorator.py
[2024-12-21T18:49:20.133+0600] {processor.py:914} INFO - Processing file /home/abr/.local/lib/python3.10/site-packages/airflow/example_dags/example_branch_operator_decorator.py for tasks to queue
[2024-12-21T18:49:20.136+0600] {logging_mixin.py:190} INFO - [2024-12-21T18:49:20.136+0600] {dagbag.py:588} INFO - Filling up the DagBag from /home/abr/.local/lib/python3.10/site-packages/airflow/example_dags/example_branch_operator_decorator.py
[2024-12-21T18:49:20.174+0600] {processor.py:925} INFO - DAG(s) 'example_branch_python_operator_decorator' retrieved from /home/abr/.local/lib/python3.10/site-packages/airflow/example_dags/example_branch_operator_decorator.py
[2024-12-21T18:49:20.213+0600] {logging_mixin.py:190} INFO - [2024-12-21T18:49:20.213+0600] {dag.py:3239} INFO - Sync 1 DAGs
[2024-12-21T18:49:20.246+0600] {logging_mixin.py:190} INFO - [2024-12-21T18:49:20.246+0600] {dag.py:4180} INFO - Setting next_dagrun for example_branch_python_operator_decorator to 2024-12-20 00:00:00+00:00, run_after=2024-12-21 00:00:00+00:00
[2024-12-21T18:49:20.282+0600] {processor.py:208} INFO - Processing /home/abr/.local/lib/python3.10/site-packages/airflow/example_dags/example_branch_operator_decorator.py took 0.166 seconds
[2024-12-21T18:50:22.711+0600] {processor.py:186} INFO - Started process (PID=6833) to work on /home/abr/.local/lib/python3.10/site-packages/airflow/example_dags/example_branch_operator_decorator.py
[2024-12-21T18:50:22.718+0600] {processor.py:914} INFO - Processing file /home/abr/.local/lib/python3.10/site-packages/airflow/example_dags/example_branch_operator_decorator.py for tasks to queue
[2024-12-21T18:50:22.721+0600] {logging_mixin.py:190} INFO - [2024-12-21T18:50:22.720+0600] {dagbag.py:588} INFO - Filling up the DagBag from /home/abr/.local/lib/python3.10/site-packages/airflow/example_dags/example_branch_operator_decorator.py
[2024-12-21T18:50:22.758+0600] {processor.py:925} INFO - DAG(s) 'example_branch_python_operator_decorator' retrieved from /home/abr/.local/lib/python3.10/site-packages/airflow/example_dags/example_branch_operator_decorator.py
[2024-12-21T18:50:22.796+0600] {logging_mixin.py:190} INFO - [2024-12-21T18:50:22.796+0600] {dag.py:3239} INFO - Sync 1 DAGs
[2024-12-21T18:50:22.828+0600] {logging_mixin.py:190} INFO - [2024-12-21T18:50:22.828+0600] {dag.py:4180} INFO - Setting next_dagrun for example_branch_python_operator_decorator to 2024-12-20 00:00:00+00:00, run_after=2024-12-21 00:00:00+00:00
[2024-12-21T18:50:22.864+0600] {processor.py:208} INFO - Processing /home/abr/.local/lib/python3.10/site-packages/airflow/example_dags/example_branch_operator_decorator.py took 0.163 seconds
[2024-12-21T18:51:24.323+0600] {processor.py:186} INFO - Started process (PID=6931) to work on /home/abr/.local/lib/python3.10/site-packages/airflow/example_dags/example_branch_operator_decorator.py
[2024-12-21T18:51:24.330+0600] {processor.py:914} INFO - Processing file /home/abr/.local/lib/python3.10/site-packages/airflow/example_dags/example_branch_operator_decorator.py for tasks to queue
[2024-12-21T18:51:24.333+0600] {logging_mixin.py:190} INFO - [2024-12-21T18:51:24.333+0600] {dagbag.py:588} INFO - Filling up the DagBag from /home/abr/.local/lib/python3.10/site-packages/airflow/example_dags/example_branch_operator_decorator.py
[2024-12-21T18:51:24.372+0600] {processor.py:925} INFO - DAG(s) 'example_branch_python_operator_decorator' retrieved from /home/abr/.local/lib/python3.10/site-packages/airflow/example_dags/example_branch_operator_decorator.py
[2024-12-21T18:51:24.411+0600] {logging_mixin.py:190} INFO - [2024-12-21T18:51:24.410+0600] {dag.py:3239} INFO - Sync 1 DAGs
[2024-12-21T18:51:24.443+0600] {logging_mixin.py:190} INFO - [2024-12-21T18:51:24.443+0600] {dag.py:4180} INFO - Setting next_dagrun for example_branch_python_operator_decorator to 2024-12-20 00:00:00+00:00, run_after=2024-12-21 00:00:00+00:00
[2024-12-21T18:51:24.477+0600] {processor.py:208} INFO - Processing /home/abr/.local/lib/python3.10/site-packages/airflow/example_dags/example_branch_operator_decorator.py took 0.165 seconds
[2024-12-21T18:52:26.750+0600] {processor.py:186} INFO - Started process (PID=7029) to work on /home/abr/.local/lib/python3.10/site-packages/airflow/example_dags/example_branch_operator_decorator.py
[2024-12-21T18:52:26.757+0600] {processor.py:914} INFO - Processing file /home/abr/.local/lib/python3.10/site-packages/airflow/example_dags/example_branch_operator_decorator.py for tasks to queue
[2024-12-21T18:52:26.760+0600] {logging_mixin.py:190} INFO - [2024-12-21T18:52:26.760+0600] {dagbag.py:588} INFO - Filling up the DagBag from /home/abr/.local/lib/python3.10/site-packages/airflow/example_dags/example_branch_operator_decorator.py
[2024-12-21T18:52:26.799+0600] {processor.py:925} INFO - DAG(s) 'example_branch_python_operator_decorator' retrieved from /home/abr/.local/lib/python3.10/site-packages/airflow/example_dags/example_branch_operator_decorator.py
[2024-12-21T18:52:26.839+0600] {logging_mixin.py:190} INFO - [2024-12-21T18:52:26.839+0600] {dag.py:3239} INFO - Sync 1 DAGs
[2024-12-21T18:52:26.871+0600] {logging_mixin.py:190} INFO - [2024-12-21T18:52:26.871+0600] {dag.py:4180} INFO - Setting next_dagrun for example_branch_python_operator_decorator to 2024-12-20 00:00:00+00:00, run_after=2024-12-21 00:00:00+00:00
[2024-12-21T18:52:26.906+0600] {processor.py:208} INFO - Processing /home/abr/.local/lib/python3.10/site-packages/airflow/example_dags/example_branch_operator_decorator.py took 0.167 seconds
