[2024-12-21T18:42:21.031+0600] {processor.py:186} INFO - Started process (PID=6018) to work on /home/abr/.local/lib/python3.10/site-packages/airflow/example_dags/example_dynamic_task_mapping_with_no_taskflow_operators.py
[2024-12-21T18:42:21.033+0600] {processor.py:914} INFO - Processing file /home/abr/.local/lib/python3.10/site-packages/airflow/example_dags/example_dynamic_task_mapping_with_no_taskflow_operators.py for tasks to queue
[2024-12-21T18:42:21.036+0600] {logging_mixin.py:190} INFO - [2024-12-21T18:42:21.035+0600] {dagbag.py:588} INFO - Filling up the DagBag from /home/abr/.local/lib/python3.10/site-packages/airflow/example_dags/example_dynamic_task_mapping_with_no_taskflow_operators.py
[2024-12-21T18:42:21.050+0600] {processor.py:925} INFO - DAG(s) 'example_dynamic_task_mapping_with_no_taskflow_operators' retrieved from /home/abr/.local/lib/python3.10/site-packages/airflow/example_dags/example_dynamic_task_mapping_with_no_taskflow_operators.py
[2024-12-21T18:42:21.208+0600] {logging_mixin.py:190} INFO - [2024-12-21T18:42:21.205+0600] {override.py:1911} INFO - Created Permission View: can read on DAG:example_dynamic_task_mapping_with_no_taskflow_operators
[2024-12-21T18:42:21.223+0600] {logging_mixin.py:190} INFO - [2024-12-21T18:42:21.223+0600] {override.py:1911} INFO - Created Permission View: can delete on DAG:example_dynamic_task_mapping_with_no_taskflow_operators
[2024-12-21T18:42:21.234+0600] {logging_mixin.py:190} INFO - [2024-12-21T18:42:21.233+0600] {override.py:1911} INFO - Created Permission View: can edit on DAG:example_dynamic_task_mapping_with_no_taskflow_operators
[2024-12-21T18:42:21.247+0600] {logging_mixin.py:190} INFO - [2024-12-21T18:42:21.247+0600] {override.py:1911} INFO - Created Permission View: can read on DAG Run:example_dynamic_task_mapping_with_no_taskflow_operators
[2024-12-21T18:42:21.257+0600] {logging_mixin.py:190} INFO - [2024-12-21T18:42:21.257+0600] {override.py:1911} INFO - Created Permission View: can create on DAG Run:example_dynamic_task_mapping_with_no_taskflow_operators
[2024-12-21T18:42:21.268+0600] {logging_mixin.py:190} INFO - [2024-12-21T18:42:21.267+0600] {override.py:1911} INFO - Created Permission View: can delete on DAG Run:example_dynamic_task_mapping_with_no_taskflow_operators
[2024-12-21T18:42:21.277+0600] {logging_mixin.py:190} INFO - [2024-12-21T18:42:21.276+0600] {override.py:1911} INFO - Created Permission View: menu access on DAG Run:example_dynamic_task_mapping_with_no_taskflow_operators
[2024-12-21T18:42:21.277+0600] {logging_mixin.py:190} INFO - [2024-12-21T18:42:21.277+0600] {dag.py:3239} INFO - Sync 1 DAGs
[2024-12-21T18:42:21.295+0600] {logging_mixin.py:190} INFO - [2024-12-21T18:42:21.295+0600] {dag.py:3262} INFO - Creating ORM DAG for example_dynamic_task_mapping_with_no_taskflow_operators
[2024-12-21T18:42:21.296+0600] {logging_mixin.py:190} INFO - [2024-12-21T18:42:21.296+0600] {dag.py:4180} INFO - Setting next_dagrun for example_dynamic_task_mapping_with_no_taskflow_operators to None, run_after=None
[2024-12-21T18:42:21.327+0600] {processor.py:208} INFO - Processing /home/abr/.local/lib/python3.10/site-packages/airflow/example_dags/example_dynamic_task_mapping_with_no_taskflow_operators.py took 0.305 seconds
[2024-12-21T18:43:41.620+0600] {processor.py:186} INFO - Started process (PID=6134) to work on /home/abr/.local/lib/python3.10/site-packages/airflow/example_dags/example_dynamic_task_mapping_with_no_taskflow_operators.py
[2024-12-21T18:43:41.627+0600] {processor.py:914} INFO - Processing file /home/abr/.local/lib/python3.10/site-packages/airflow/example_dags/example_dynamic_task_mapping_with_no_taskflow_operators.py for tasks to queue
[2024-12-21T18:43:41.630+0600] {logging_mixin.py:190} INFO - [2024-12-21T18:43:41.629+0600] {dagbag.py:588} INFO - Filling up the DagBag from /home/abr/.local/lib/python3.10/site-packages/airflow/example_dags/example_dynamic_task_mapping_with_no_taskflow_operators.py
[2024-12-21T18:43:41.643+0600] {processor.py:925} INFO - DAG(s) 'example_dynamic_task_mapping_with_no_taskflow_operators' retrieved from /home/abr/.local/lib/python3.10/site-packages/airflow/example_dags/example_dynamic_task_mapping_with_no_taskflow_operators.py
[2024-12-21T18:43:41.669+0600] {logging_mixin.py:190} INFO - [2024-12-21T18:43:41.668+0600] {dag.py:3239} INFO - Sync 1 DAGs
[2024-12-21T18:43:41.689+0600] {logging_mixin.py:190} INFO - [2024-12-21T18:43:41.688+0600] {dag.py:4180} INFO - Setting next_dagrun for example_dynamic_task_mapping_with_no_taskflow_operators to None, run_after=None
[2024-12-21T18:43:41.721+0600] {processor.py:208} INFO - Processing /home/abr/.local/lib/python3.10/site-packages/airflow/example_dags/example_dynamic_task_mapping_with_no_taskflow_operators.py took 0.111 seconds
[2024-12-21T18:44:54.576+0600] {processor.py:186} INFO - Started process (PID=6266) to work on /home/abr/.local/lib/python3.10/site-packages/airflow/example_dags/example_dynamic_task_mapping_with_no_taskflow_operators.py
[2024-12-21T18:44:54.583+0600] {processor.py:914} INFO - Processing file /home/abr/.local/lib/python3.10/site-packages/airflow/example_dags/example_dynamic_task_mapping_with_no_taskflow_operators.py for tasks to queue
[2024-12-21T18:44:54.586+0600] {logging_mixin.py:190} INFO - [2024-12-21T18:44:54.585+0600] {dagbag.py:588} INFO - Filling up the DagBag from /home/abr/.local/lib/python3.10/site-packages/airflow/example_dags/example_dynamic_task_mapping_with_no_taskflow_operators.py
[2024-12-21T18:44:54.600+0600] {processor.py:925} INFO - DAG(s) 'example_dynamic_task_mapping_with_no_taskflow_operators' retrieved from /home/abr/.local/lib/python3.10/site-packages/airflow/example_dags/example_dynamic_task_mapping_with_no_taskflow_operators.py
[2024-12-21T18:44:54.625+0600] {logging_mixin.py:190} INFO - [2024-12-21T18:44:54.624+0600] {dag.py:3239} INFO - Sync 1 DAGs
[2024-12-21T18:44:54.644+0600] {logging_mixin.py:190} INFO - [2024-12-21T18:44:54.644+0600] {dag.py:4180} INFO - Setting next_dagrun for example_dynamic_task_mapping_with_no_taskflow_operators to None, run_after=None
[2024-12-21T18:44:54.675+0600] {processor.py:208} INFO - Processing /home/abr/.local/lib/python3.10/site-packages/airflow/example_dags/example_dynamic_task_mapping_with_no_taskflow_operators.py took 0.110 seconds
[2024-12-21T18:45:58.845+0600] {processor.py:186} INFO - Started process (PID=6396) to work on /home/abr/.local/lib/python3.10/site-packages/airflow/example_dags/example_dynamic_task_mapping_with_no_taskflow_operators.py
[2024-12-21T18:45:58.852+0600] {processor.py:914} INFO - Processing file /home/abr/.local/lib/python3.10/site-packages/airflow/example_dags/example_dynamic_task_mapping_with_no_taskflow_operators.py for tasks to queue
[2024-12-21T18:45:58.855+0600] {logging_mixin.py:190} INFO - [2024-12-21T18:45:58.854+0600] {dagbag.py:588} INFO - Filling up the DagBag from /home/abr/.local/lib/python3.10/site-packages/airflow/example_dags/example_dynamic_task_mapping_with_no_taskflow_operators.py
[2024-12-21T18:45:58.869+0600] {processor.py:925} INFO - DAG(s) 'example_dynamic_task_mapping_with_no_taskflow_operators' retrieved from /home/abr/.local/lib/python3.10/site-packages/airflow/example_dags/example_dynamic_task_mapping_with_no_taskflow_operators.py
[2024-12-21T18:45:58.893+0600] {logging_mixin.py:190} INFO - [2024-12-21T18:45:58.893+0600] {dag.py:3239} INFO - Sync 1 DAGs
[2024-12-21T18:45:58.913+0600] {logging_mixin.py:190} INFO - [2024-12-21T18:45:58.913+0600] {dag.py:4180} INFO - Setting next_dagrun for example_dynamic_task_mapping_with_no_taskflow_operators to None, run_after=None
[2024-12-21T18:45:58.943+0600] {processor.py:208} INFO - Processing /home/abr/.local/lib/python3.10/site-packages/airflow/example_dags/example_dynamic_task_mapping_with_no_taskflow_operators.py took 0.107 seconds
[2024-12-21T18:47:02.915+0600] {processor.py:186} INFO - Started process (PID=6534) to work on /home/abr/.local/lib/python3.10/site-packages/airflow/example_dags/example_dynamic_task_mapping_with_no_taskflow_operators.py
[2024-12-21T18:47:02.921+0600] {processor.py:914} INFO - Processing file /home/abr/.local/lib/python3.10/site-packages/airflow/example_dags/example_dynamic_task_mapping_with_no_taskflow_operators.py for tasks to queue
[2024-12-21T18:47:02.925+0600] {logging_mixin.py:190} INFO - [2024-12-21T18:47:02.924+0600] {dagbag.py:588} INFO - Filling up the DagBag from /home/abr/.local/lib/python3.10/site-packages/airflow/example_dags/example_dynamic_task_mapping_with_no_taskflow_operators.py
[2024-12-21T18:47:02.938+0600] {processor.py:925} INFO - DAG(s) 'example_dynamic_task_mapping_with_no_taskflow_operators' retrieved from /home/abr/.local/lib/python3.10/site-packages/airflow/example_dags/example_dynamic_task_mapping_with_no_taskflow_operators.py
[2024-12-21T18:47:02.962+0600] {logging_mixin.py:190} INFO - [2024-12-21T18:47:02.961+0600] {dag.py:3239} INFO - Sync 1 DAGs
[2024-12-21T18:47:02.983+0600] {logging_mixin.py:190} INFO - [2024-12-21T18:47:02.982+0600] {dag.py:4180} INFO - Setting next_dagrun for example_dynamic_task_mapping_with_no_taskflow_operators to None, run_after=None
[2024-12-21T18:47:03.013+0600] {processor.py:208} INFO - Processing /home/abr/.local/lib/python3.10/site-packages/airflow/example_dags/example_dynamic_task_mapping_with_no_taskflow_operators.py took 0.108 seconds
[2024-12-21T18:48:09.419+0600] {processor.py:186} INFO - Started process (PID=6618) to work on /home/abr/.local/lib/python3.10/site-packages/airflow/example_dags/example_dynamic_task_mapping_with_no_taskflow_operators.py
[2024-12-21T18:48:09.425+0600] {processor.py:914} INFO - Processing file /home/abr/.local/lib/python3.10/site-packages/airflow/example_dags/example_dynamic_task_mapping_with_no_taskflow_operators.py for tasks to queue
[2024-12-21T18:48:09.429+0600] {logging_mixin.py:190} INFO - [2024-12-21T18:48:09.428+0600] {dagbag.py:588} INFO - Filling up the DagBag from /home/abr/.local/lib/python3.10/site-packages/airflow/example_dags/example_dynamic_task_mapping_with_no_taskflow_operators.py
[2024-12-21T18:48:09.442+0600] {processor.py:925} INFO - DAG(s) 'example_dynamic_task_mapping_with_no_taskflow_operators' retrieved from /home/abr/.local/lib/python3.10/site-packages/airflow/example_dags/example_dynamic_task_mapping_with_no_taskflow_operators.py
[2024-12-21T18:48:09.467+0600] {logging_mixin.py:190} INFO - [2024-12-21T18:48:09.467+0600] {dag.py:3239} INFO - Sync 1 DAGs
[2024-12-21T18:48:09.490+0600] {logging_mixin.py:190} INFO - [2024-12-21T18:48:09.489+0600] {dag.py:4180} INFO - Setting next_dagrun for example_dynamic_task_mapping_with_no_taskflow_operators to None, run_after=None
[2024-12-21T18:48:09.522+0600] {processor.py:208} INFO - Processing /home/abr/.local/lib/python3.10/site-packages/airflow/example_dags/example_dynamic_task_mapping_with_no_taskflow_operators.py took 0.113 seconds
[2024-12-21T18:49:12.116+0600] {processor.py:186} INFO - Started process (PID=6701) to work on /home/abr/.local/lib/python3.10/site-packages/airflow/example_dags/example_dynamic_task_mapping_with_no_taskflow_operators.py
[2024-12-21T18:49:12.122+0600] {processor.py:914} INFO - Processing file /home/abr/.local/lib/python3.10/site-packages/airflow/example_dags/example_dynamic_task_mapping_with_no_taskflow_operators.py for tasks to queue
[2024-12-21T18:49:12.125+0600] {logging_mixin.py:190} INFO - [2024-12-21T18:49:12.125+0600] {dagbag.py:588} INFO - Filling up the DagBag from /home/abr/.local/lib/python3.10/site-packages/airflow/example_dags/example_dynamic_task_mapping_with_no_taskflow_operators.py
[2024-12-21T18:49:12.139+0600] {processor.py:925} INFO - DAG(s) 'example_dynamic_task_mapping_with_no_taskflow_operators' retrieved from /home/abr/.local/lib/python3.10/site-packages/airflow/example_dags/example_dynamic_task_mapping_with_no_taskflow_operators.py
[2024-12-21T18:49:12.163+0600] {logging_mixin.py:190} INFO - [2024-12-21T18:49:12.163+0600] {dag.py:3239} INFO - Sync 1 DAGs
[2024-12-21T18:49:12.185+0600] {logging_mixin.py:190} INFO - [2024-12-21T18:49:12.185+0600] {dag.py:4180} INFO - Setting next_dagrun for example_dynamic_task_mapping_with_no_taskflow_operators to None, run_after=None
[2024-12-21T18:49:12.217+0600] {processor.py:208} INFO - Processing /home/abr/.local/lib/python3.10/site-packages/airflow/example_dags/example_dynamic_task_mapping_with_no_taskflow_operators.py took 0.112 seconds
[2024-12-21T18:50:14.714+0600] {processor.py:186} INFO - Started process (PID=6819) to work on /home/abr/.local/lib/python3.10/site-packages/airflow/example_dags/example_dynamic_task_mapping_with_no_taskflow_operators.py
[2024-12-21T18:50:14.721+0600] {processor.py:914} INFO - Processing file /home/abr/.local/lib/python3.10/site-packages/airflow/example_dags/example_dynamic_task_mapping_with_no_taskflow_operators.py for tasks to queue
[2024-12-21T18:50:14.724+0600] {logging_mixin.py:190} INFO - [2024-12-21T18:50:14.724+0600] {dagbag.py:588} INFO - Filling up the DagBag from /home/abr/.local/lib/python3.10/site-packages/airflow/example_dags/example_dynamic_task_mapping_with_no_taskflow_operators.py
[2024-12-21T18:50:14.738+0600] {processor.py:925} INFO - DAG(s) 'example_dynamic_task_mapping_with_no_taskflow_operators' retrieved from /home/abr/.local/lib/python3.10/site-packages/airflow/example_dags/example_dynamic_task_mapping_with_no_taskflow_operators.py
[2024-12-21T18:50:14.761+0600] {logging_mixin.py:190} INFO - [2024-12-21T18:50:14.761+0600] {dag.py:3239} INFO - Sync 1 DAGs
[2024-12-21T18:50:14.784+0600] {logging_mixin.py:190} INFO - [2024-12-21T18:50:14.784+0600] {dag.py:4180} INFO - Setting next_dagrun for example_dynamic_task_mapping_with_no_taskflow_operators to None, run_after=None
[2024-12-21T18:50:14.816+0600] {processor.py:208} INFO - Processing /home/abr/.local/lib/python3.10/site-packages/airflow/example_dags/example_dynamic_task_mapping_with_no_taskflow_operators.py took 0.112 seconds
[2024-12-21T18:51:16.942+0600] {processor.py:186} INFO - Started process (PID=6924) to work on /home/abr/.local/lib/python3.10/site-packages/airflow/example_dags/example_dynamic_task_mapping_with_no_taskflow_operators.py
[2024-12-21T18:51:16.948+0600] {processor.py:914} INFO - Processing file /home/abr/.local/lib/python3.10/site-packages/airflow/example_dags/example_dynamic_task_mapping_with_no_taskflow_operators.py for tasks to queue
[2024-12-21T18:51:16.952+0600] {logging_mixin.py:190} INFO - [2024-12-21T18:51:16.951+0600] {dagbag.py:588} INFO - Filling up the DagBag from /home/abr/.local/lib/python3.10/site-packages/airflow/example_dags/example_dynamic_task_mapping_with_no_taskflow_operators.py
[2024-12-21T18:51:16.965+0600] {processor.py:925} INFO - DAG(s) 'example_dynamic_task_mapping_with_no_taskflow_operators' retrieved from /home/abr/.local/lib/python3.10/site-packages/airflow/example_dags/example_dynamic_task_mapping_with_no_taskflow_operators.py
[2024-12-21T18:51:16.989+0600] {logging_mixin.py:190} INFO - [2024-12-21T18:51:16.989+0600] {dag.py:3239} INFO - Sync 1 DAGs
[2024-12-21T18:51:17.010+0600] {logging_mixin.py:190} INFO - [2024-12-21T18:51:17.010+0600] {dag.py:4180} INFO - Setting next_dagrun for example_dynamic_task_mapping_with_no_taskflow_operators to None, run_after=None
[2024-12-21T18:51:17.041+0600] {processor.py:208} INFO - Processing /home/abr/.local/lib/python3.10/site-packages/airflow/example_dags/example_dynamic_task_mapping_with_no_taskflow_operators.py took 0.110 seconds
[2024-12-21T18:52:19.066+0600] {processor.py:186} INFO - Started process (PID=7022) to work on /home/abr/.local/lib/python3.10/site-packages/airflow/example_dags/example_dynamic_task_mapping_with_no_taskflow_operators.py
[2024-12-21T18:52:19.068+0600] {processor.py:914} INFO - Processing file /home/abr/.local/lib/python3.10/site-packages/airflow/example_dags/example_dynamic_task_mapping_with_no_taskflow_operators.py for tasks to queue
[2024-12-21T18:52:19.071+0600] {logging_mixin.py:190} INFO - [2024-12-21T18:52:19.070+0600] {dagbag.py:588} INFO - Filling up the DagBag from /home/abr/.local/lib/python3.10/site-packages/airflow/example_dags/example_dynamic_task_mapping_with_no_taskflow_operators.py
[2024-12-21T18:52:19.084+0600] {processor.py:925} INFO - DAG(s) 'example_dynamic_task_mapping_with_no_taskflow_operators' retrieved from /home/abr/.local/lib/python3.10/site-packages/airflow/example_dags/example_dynamic_task_mapping_with_no_taskflow_operators.py
[2024-12-21T18:52:19.109+0600] {logging_mixin.py:190} INFO - [2024-12-21T18:52:19.108+0600] {dag.py:3239} INFO - Sync 1 DAGs
[2024-12-21T18:52:19.129+0600] {logging_mixin.py:190} INFO - [2024-12-21T18:52:19.129+0600] {dag.py:4180} INFO - Setting next_dagrun for example_dynamic_task_mapping_with_no_taskflow_operators to None, run_after=None
[2024-12-21T18:52:19.159+0600] {processor.py:208} INFO - Processing /home/abr/.local/lib/python3.10/site-packages/airflow/example_dags/example_dynamic_task_mapping_with_no_taskflow_operators.py took 0.103 seconds
