[2024-12-21T18:42:05.208+0600] {processor.py:186} INFO - Started process (PID=6006) to work on /home/abr/.local/lib/python3.10/site-packages/airflow/example_dags/example_local_kubernetes_executor.py
[2024-12-21T18:42:05.210+0600] {processor.py:914} INFO - Processing file /home/abr/.local/lib/python3.10/site-packages/airflow/example_dags/example_local_kubernetes_executor.py for tasks to queue
[2024-12-21T18:42:05.213+0600] {logging_mixin.py:190} INFO - [2024-12-21T18:42:05.212+0600] {dagbag.py:588} INFO - Filling up the DagBag from /home/abr/.local/lib/python3.10/site-packages/airflow/example_dags/example_local_kubernetes_executor.py
[2024-12-21T18:42:05.218+0600] {logging_mixin.py:190} INFO - [2024-12-21T18:42:05.217+0600] {example_local_kubernetes_executor.py:40} WARNING - Could not import DAGs in example_local_kubernetes_executor.py
Traceback (most recent call last):
  File "/home/abr/.local/lib/python3.10/site-packages/airflow/example_dags/example_local_kubernetes_executor.py", line 38, in <module>
    from kubernetes.client import models as k8s
ModuleNotFoundError: No module named 'kubernetes'
[2024-12-21T18:42:05.219+0600] {logging_mixin.py:190} INFO - [2024-12-21T18:42:05.218+0600] {example_local_kubernetes_executor.py:41} WARNING - Install Kubernetes dependencies with: pip install apache-airflow[cncf.kubernetes]
[2024-12-21T18:42:05.219+0600] {processor.py:927} WARNING - No viable dags retrieved from /home/abr/.local/lib/python3.10/site-packages/airflow/example_dags/example_local_kubernetes_executor.py
[2024-12-21T18:42:05.235+0600] {processor.py:208} INFO - Processing /home/abr/.local/lib/python3.10/site-packages/airflow/example_dags/example_local_kubernetes_executor.py took 0.037 seconds
[2024-12-21T18:43:17.969+0600] {processor.py:186} INFO - Started process (PID=6100) to work on /home/abr/.local/lib/python3.10/site-packages/airflow/example_dags/example_local_kubernetes_executor.py
[2024-12-21T18:43:17.976+0600] {processor.py:914} INFO - Processing file /home/abr/.local/lib/python3.10/site-packages/airflow/example_dags/example_local_kubernetes_executor.py for tasks to queue
[2024-12-21T18:43:17.979+0600] {logging_mixin.py:190} INFO - [2024-12-21T18:43:17.978+0600] {dagbag.py:588} INFO - Filling up the DagBag from /home/abr/.local/lib/python3.10/site-packages/airflow/example_dags/example_local_kubernetes_executor.py
[2024-12-21T18:43:17.984+0600] {logging_mixin.py:190} INFO - [2024-12-21T18:43:17.983+0600] {example_local_kubernetes_executor.py:40} WARNING - Could not import DAGs in example_local_kubernetes_executor.py
Traceback (most recent call last):
  File "/home/abr/.local/lib/python3.10/site-packages/airflow/example_dags/example_local_kubernetes_executor.py", line 38, in <module>
    from kubernetes.client import models as k8s
ModuleNotFoundError: No module named 'kubernetes'
[2024-12-21T18:43:17.985+0600] {logging_mixin.py:190} INFO - [2024-12-21T18:43:17.985+0600] {example_local_kubernetes_executor.py:41} WARNING - Install Kubernetes dependencies with: pip install apache-airflow[cncf.kubernetes]
[2024-12-21T18:43:17.985+0600] {processor.py:927} WARNING - No viable dags retrieved from /home/abr/.local/lib/python3.10/site-packages/airflow/example_dags/example_local_kubernetes_executor.py
[2024-12-21T18:43:18.002+0600] {processor.py:208} INFO - Processing /home/abr/.local/lib/python3.10/site-packages/airflow/example_dags/example_local_kubernetes_executor.py took 0.044 seconds
[2024-12-21T18:44:27.851+0600] {processor.py:186} INFO - Started process (PID=6192) to work on /home/abr/.local/lib/python3.10/site-packages/airflow/example_dags/example_local_kubernetes_executor.py
[2024-12-21T18:44:27.858+0600] {processor.py:914} INFO - Processing file /home/abr/.local/lib/python3.10/site-packages/airflow/example_dags/example_local_kubernetes_executor.py for tasks to queue
[2024-12-21T18:44:27.861+0600] {logging_mixin.py:190} INFO - [2024-12-21T18:44:27.860+0600] {dagbag.py:588} INFO - Filling up the DagBag from /home/abr/.local/lib/python3.10/site-packages/airflow/example_dags/example_local_kubernetes_executor.py
[2024-12-21T18:44:27.866+0600] {logging_mixin.py:190} INFO - [2024-12-21T18:44:27.865+0600] {example_local_kubernetes_executor.py:40} WARNING - Could not import DAGs in example_local_kubernetes_executor.py
Traceback (most recent call last):
  File "/home/abr/.local/lib/python3.10/site-packages/airflow/example_dags/example_local_kubernetes_executor.py", line 38, in <module>
    from kubernetes.client import models as k8s
ModuleNotFoundError: No module named 'kubernetes'
[2024-12-21T18:44:27.866+0600] {logging_mixin.py:190} INFO - [2024-12-21T18:44:27.866+0600] {example_local_kubernetes_executor.py:41} WARNING - Install Kubernetes dependencies with: pip install apache-airflow[cncf.kubernetes]
[2024-12-21T18:44:27.867+0600] {processor.py:927} WARNING - No viable dags retrieved from /home/abr/.local/lib/python3.10/site-packages/airflow/example_dags/example_local_kubernetes_executor.py
[2024-12-21T18:44:27.883+0600] {processor.py:208} INFO - Processing /home/abr/.local/lib/python3.10/site-packages/airflow/example_dags/example_local_kubernetes_executor.py took 0.041 seconds
[2024-12-21T18:45:36.857+0600] {processor.py:186} INFO - Started process (PID=6351) to work on /home/abr/.local/lib/python3.10/site-packages/airflow/example_dags/example_local_kubernetes_executor.py
[2024-12-21T18:45:36.864+0600] {processor.py:914} INFO - Processing file /home/abr/.local/lib/python3.10/site-packages/airflow/example_dags/example_local_kubernetes_executor.py for tasks to queue
[2024-12-21T18:45:36.867+0600] {logging_mixin.py:190} INFO - [2024-12-21T18:45:36.867+0600] {dagbag.py:588} INFO - Filling up the DagBag from /home/abr/.local/lib/python3.10/site-packages/airflow/example_dags/example_local_kubernetes_executor.py
[2024-12-21T18:45:36.873+0600] {logging_mixin.py:190} INFO - [2024-12-21T18:45:36.872+0600] {example_local_kubernetes_executor.py:40} WARNING - Could not import DAGs in example_local_kubernetes_executor.py
Traceback (most recent call last):
  File "/home/abr/.local/lib/python3.10/site-packages/airflow/example_dags/example_local_kubernetes_executor.py", line 38, in <module>
    from kubernetes.client import models as k8s
ModuleNotFoundError: No module named 'kubernetes'
[2024-12-21T18:45:36.873+0600] {logging_mixin.py:190} INFO - [2024-12-21T18:45:36.873+0600] {example_local_kubernetes_executor.py:41} WARNING - Install Kubernetes dependencies with: pip install apache-airflow[cncf.kubernetes]
[2024-12-21T18:45:36.874+0600] {processor.py:927} WARNING - No viable dags retrieved from /home/abr/.local/lib/python3.10/site-packages/airflow/example_dags/example_local_kubernetes_executor.py
[2024-12-21T18:45:36.890+0600] {processor.py:208} INFO - Processing /home/abr/.local/lib/python3.10/site-packages/airflow/example_dags/example_local_kubernetes_executor.py took 0.043 seconds
[2024-12-21T18:46:41.141+0600] {processor.py:186} INFO - Started process (PID=6503) to work on /home/abr/.local/lib/python3.10/site-packages/airflow/example_dags/example_local_kubernetes_executor.py
[2024-12-21T18:46:41.148+0600] {processor.py:914} INFO - Processing file /home/abr/.local/lib/python3.10/site-packages/airflow/example_dags/example_local_kubernetes_executor.py for tasks to queue
[2024-12-21T18:46:41.151+0600] {logging_mixin.py:190} INFO - [2024-12-21T18:46:41.151+0600] {dagbag.py:588} INFO - Filling up the DagBag from /home/abr/.local/lib/python3.10/site-packages/airflow/example_dags/example_local_kubernetes_executor.py
[2024-12-21T18:46:41.156+0600] {logging_mixin.py:190} INFO - [2024-12-21T18:46:41.156+0600] {example_local_kubernetes_executor.py:40} WARNING - Could not import DAGs in example_local_kubernetes_executor.py
Traceback (most recent call last):
  File "/home/abr/.local/lib/python3.10/site-packages/airflow/example_dags/example_local_kubernetes_executor.py", line 38, in <module>
    from kubernetes.client import models as k8s
ModuleNotFoundError: No module named 'kubernetes'
[2024-12-21T18:46:41.157+0600] {logging_mixin.py:190} INFO - [2024-12-21T18:46:41.157+0600] {example_local_kubernetes_executor.py:41} WARNING - Install Kubernetes dependencies with: pip install apache-airflow[cncf.kubernetes]
[2024-12-21T18:46:41.157+0600] {processor.py:927} WARNING - No viable dags retrieved from /home/abr/.local/lib/python3.10/site-packages/airflow/example_dags/example_local_kubernetes_executor.py
[2024-12-21T18:46:41.175+0600] {processor.py:208} INFO - Processing /home/abr/.local/lib/python3.10/site-packages/airflow/example_dags/example_local_kubernetes_executor.py took 0.044 seconds
[2024-12-21T18:47:47.052+0600] {processor.py:186} INFO - Started process (PID=6585) to work on /home/abr/.local/lib/python3.10/site-packages/airflow/example_dags/example_local_kubernetes_executor.py
[2024-12-21T18:47:47.059+0600] {processor.py:914} INFO - Processing file /home/abr/.local/lib/python3.10/site-packages/airflow/example_dags/example_local_kubernetes_executor.py for tasks to queue
[2024-12-21T18:47:47.062+0600] {logging_mixin.py:190} INFO - [2024-12-21T18:47:47.062+0600] {dagbag.py:588} INFO - Filling up the DagBag from /home/abr/.local/lib/python3.10/site-packages/airflow/example_dags/example_local_kubernetes_executor.py
[2024-12-21T18:47:47.068+0600] {logging_mixin.py:190} INFO - [2024-12-21T18:47:47.067+0600] {example_local_kubernetes_executor.py:40} WARNING - Could not import DAGs in example_local_kubernetes_executor.py
Traceback (most recent call last):
  File "/home/abr/.local/lib/python3.10/site-packages/airflow/example_dags/example_local_kubernetes_executor.py", line 38, in <module>
    from kubernetes.client import models as k8s
ModuleNotFoundError: No module named 'kubernetes'
[2024-12-21T18:47:47.068+0600] {logging_mixin.py:190} INFO - [2024-12-21T18:47:47.068+0600] {example_local_kubernetes_executor.py:41} WARNING - Install Kubernetes dependencies with: pip install apache-airflow[cncf.kubernetes]
[2024-12-21T18:47:47.069+0600] {processor.py:927} WARNING - No viable dags retrieved from /home/abr/.local/lib/python3.10/site-packages/airflow/example_dags/example_local_kubernetes_executor.py
[2024-12-21T18:47:47.085+0600] {processor.py:208} INFO - Processing /home/abr/.local/lib/python3.10/site-packages/airflow/example_dags/example_local_kubernetes_executor.py took 0.045 seconds
[2024-12-21T18:48:50.055+0600] {processor.py:186} INFO - Started process (PID=6668) to work on /home/abr/.local/lib/python3.10/site-packages/airflow/example_dags/example_local_kubernetes_executor.py
[2024-12-21T18:48:50.062+0600] {processor.py:914} INFO - Processing file /home/abr/.local/lib/python3.10/site-packages/airflow/example_dags/example_local_kubernetes_executor.py for tasks to queue
[2024-12-21T18:48:50.065+0600] {logging_mixin.py:190} INFO - [2024-12-21T18:48:50.065+0600] {dagbag.py:588} INFO - Filling up the DagBag from /home/abr/.local/lib/python3.10/site-packages/airflow/example_dags/example_local_kubernetes_executor.py
[2024-12-21T18:48:50.071+0600] {logging_mixin.py:190} INFO - [2024-12-21T18:48:50.070+0600] {example_local_kubernetes_executor.py:40} WARNING - Could not import DAGs in example_local_kubernetes_executor.py
Traceback (most recent call last):
  File "/home/abr/.local/lib/python3.10/site-packages/airflow/example_dags/example_local_kubernetes_executor.py", line 38, in <module>
    from kubernetes.client import models as k8s
ModuleNotFoundError: No module named 'kubernetes'
[2024-12-21T18:48:50.071+0600] {logging_mixin.py:190} INFO - [2024-12-21T18:48:50.071+0600] {example_local_kubernetes_executor.py:41} WARNING - Install Kubernetes dependencies with: pip install apache-airflow[cncf.kubernetes]
[2024-12-21T18:48:50.072+0600] {processor.py:927} WARNING - No viable dags retrieved from /home/abr/.local/lib/python3.10/site-packages/airflow/example_dags/example_local_kubernetes_executor.py
[2024-12-21T18:48:50.088+0600] {processor.py:208} INFO - Processing /home/abr/.local/lib/python3.10/site-packages/airflow/example_dags/example_local_kubernetes_executor.py took 0.043 seconds
[2024-12-21T18:49:52.431+0600] {processor.py:186} INFO - Started process (PID=6787) to work on /home/abr/.local/lib/python3.10/site-packages/airflow/example_dags/example_local_kubernetes_executor.py
[2024-12-21T18:49:52.433+0600] {processor.py:914} INFO - Processing file /home/abr/.local/lib/python3.10/site-packages/airflow/example_dags/example_local_kubernetes_executor.py for tasks to queue
[2024-12-21T18:49:52.436+0600] {logging_mixin.py:190} INFO - [2024-12-21T18:49:52.436+0600] {dagbag.py:588} INFO - Filling up the DagBag from /home/abr/.local/lib/python3.10/site-packages/airflow/example_dags/example_local_kubernetes_executor.py
[2024-12-21T18:49:52.442+0600] {logging_mixin.py:190} INFO - [2024-12-21T18:49:52.441+0600] {example_local_kubernetes_executor.py:40} WARNING - Could not import DAGs in example_local_kubernetes_executor.py
Traceback (most recent call last):
  File "/home/abr/.local/lib/python3.10/site-packages/airflow/example_dags/example_local_kubernetes_executor.py", line 38, in <module>
    from kubernetes.client import models as k8s
ModuleNotFoundError: No module named 'kubernetes'
[2024-12-21T18:49:52.442+0600] {logging_mixin.py:190} INFO - [2024-12-21T18:49:52.442+0600] {example_local_kubernetes_executor.py:41} WARNING - Install Kubernetes dependencies with: pip install apache-airflow[cncf.kubernetes]
[2024-12-21T18:49:52.443+0600] {processor.py:927} WARNING - No viable dags retrieved from /home/abr/.local/lib/python3.10/site-packages/airflow/example_dags/example_local_kubernetes_executor.py
[2024-12-21T18:49:52.459+0600] {processor.py:208} INFO - Processing /home/abr/.local/lib/python3.10/site-packages/airflow/example_dags/example_local_kubernetes_executor.py took 0.037 seconds
[2024-12-21T18:50:55.849+0600] {processor.py:186} INFO - Started process (PID=6891) to work on /home/abr/.local/lib/python3.10/site-packages/airflow/example_dags/example_local_kubernetes_executor.py
[2024-12-21T18:50:55.856+0600] {processor.py:914} INFO - Processing file /home/abr/.local/lib/python3.10/site-packages/airflow/example_dags/example_local_kubernetes_executor.py for tasks to queue
[2024-12-21T18:50:55.859+0600] {logging_mixin.py:190} INFO - [2024-12-21T18:50:55.858+0600] {dagbag.py:588} INFO - Filling up the DagBag from /home/abr/.local/lib/python3.10/site-packages/airflow/example_dags/example_local_kubernetes_executor.py
[2024-12-21T18:50:55.865+0600] {logging_mixin.py:190} INFO - [2024-12-21T18:50:55.864+0600] {example_local_kubernetes_executor.py:40} WARNING - Could not import DAGs in example_local_kubernetes_executor.py
Traceback (most recent call last):
  File "/home/abr/.local/lib/python3.10/site-packages/airflow/example_dags/example_local_kubernetes_executor.py", line 38, in <module>
    from kubernetes.client import models as k8s
ModuleNotFoundError: No module named 'kubernetes'
[2024-12-21T18:50:55.865+0600] {logging_mixin.py:190} INFO - [2024-12-21T18:50:55.865+0600] {example_local_kubernetes_executor.py:41} WARNING - Install Kubernetes dependencies with: pip install apache-airflow[cncf.kubernetes]
[2024-12-21T18:50:55.866+0600] {processor.py:927} WARNING - No viable dags retrieved from /home/abr/.local/lib/python3.10/site-packages/airflow/example_dags/example_local_kubernetes_executor.py
[2024-12-21T18:50:55.882+0600] {processor.py:208} INFO - Processing /home/abr/.local/lib/python3.10/site-packages/airflow/example_dags/example_local_kubernetes_executor.py took 0.043 seconds
[2024-12-21T18:51:56.107+0600] {processor.py:186} INFO - Started process (PID=6988) to work on /home/abr/.local/lib/python3.10/site-packages/airflow/example_dags/example_local_kubernetes_executor.py
[2024-12-21T18:51:56.114+0600] {processor.py:914} INFO - Processing file /home/abr/.local/lib/python3.10/site-packages/airflow/example_dags/example_local_kubernetes_executor.py for tasks to queue
[2024-12-21T18:51:56.117+0600] {logging_mixin.py:190} INFO - [2024-12-21T18:51:56.117+0600] {dagbag.py:588} INFO - Filling up the DagBag from /home/abr/.local/lib/python3.10/site-packages/airflow/example_dags/example_local_kubernetes_executor.py
[2024-12-21T18:51:56.123+0600] {logging_mixin.py:190} INFO - [2024-12-21T18:51:56.122+0600] {example_local_kubernetes_executor.py:40} WARNING - Could not import DAGs in example_local_kubernetes_executor.py
Traceback (most recent call last):
  File "/home/abr/.local/lib/python3.10/site-packages/airflow/example_dags/example_local_kubernetes_executor.py", line 38, in <module>
    from kubernetes.client import models as k8s
ModuleNotFoundError: No module named 'kubernetes'
[2024-12-21T18:51:56.123+0600] {logging_mixin.py:190} INFO - [2024-12-21T18:51:56.123+0600] {example_local_kubernetes_executor.py:41} WARNING - Install Kubernetes dependencies with: pip install apache-airflow[cncf.kubernetes]
[2024-12-21T18:51:56.124+0600] {processor.py:927} WARNING - No viable dags retrieved from /home/abr/.local/lib/python3.10/site-packages/airflow/example_dags/example_local_kubernetes_executor.py
[2024-12-21T18:51:56.140+0600] {processor.py:208} INFO - Processing /home/abr/.local/lib/python3.10/site-packages/airflow/example_dags/example_local_kubernetes_executor.py took 0.043 seconds
[2024-12-21T18:53:07.321+0600] {processor.py:186} INFO - Started process (PID=7085) to work on /home/abr/.local/lib/python3.10/site-packages/airflow/example_dags/example_local_kubernetes_executor.py
[2024-12-21T18:53:07.327+0600] {processor.py:914} INFO - Processing file /home/abr/.local/lib/python3.10/site-packages/airflow/example_dags/example_local_kubernetes_executor.py for tasks to queue
[2024-12-21T18:53:07.331+0600] {logging_mixin.py:190} INFO - [2024-12-21T18:53:07.330+0600] {dagbag.py:588} INFO - Filling up the DagBag from /home/abr/.local/lib/python3.10/site-packages/airflow/example_dags/example_local_kubernetes_executor.py
[2024-12-21T18:53:07.336+0600] {logging_mixin.py:190} INFO - [2024-12-21T18:53:07.335+0600] {example_local_kubernetes_executor.py:40} WARNING - Could not import DAGs in example_local_kubernetes_executor.py
Traceback (most recent call last):
  File "/home/abr/.local/lib/python3.10/site-packages/airflow/example_dags/example_local_kubernetes_executor.py", line 38, in <module>
    from kubernetes.client import models as k8s
ModuleNotFoundError: No module named 'kubernetes'
[2024-12-21T18:53:07.336+0600] {logging_mixin.py:190} INFO - [2024-12-21T18:53:07.336+0600] {example_local_kubernetes_executor.py:41} WARNING - Install Kubernetes dependencies with: pip install apache-airflow[cncf.kubernetes]
[2024-12-21T18:53:07.337+0600] {processor.py:927} WARNING - No viable dags retrieved from /home/abr/.local/lib/python3.10/site-packages/airflow/example_dags/example_local_kubernetes_executor.py
[2024-12-21T18:53:07.353+0600] {processor.py:208} INFO - Processing /home/abr/.local/lib/python3.10/site-packages/airflow/example_dags/example_local_kubernetes_executor.py took 0.043 seconds
