[2024-12-21T18:42:33.080+0600] {processor.py:186} INFO - Started process (PID=6037) to work on /home/abr/.local/lib/python3.10/site-packages/airflow/example_dags/example_branch_datetime_operator.py
[2024-12-21T18:42:33.082+0600] {processor.py:914} INFO - Processing file /home/abr/.local/lib/python3.10/site-packages/airflow/example_dags/example_branch_datetime_operator.py for tasks to queue
[2024-12-21T18:42:33.085+0600] {logging_mixin.py:190} INFO - [2024-12-21T18:42:33.084+0600] {dagbag.py:588} INFO - Filling up the DagBag from /home/abr/.local/lib/python3.10/site-packages/airflow/example_dags/example_branch_datetime_operator.py
[2024-12-21T18:42:33.106+0600] {processor.py:925} INFO - DAG(s) 'example_branch_datetime_operator_2', 'example_branch_datetime_operator_3', 'example_branch_datetime_operator' retrieved from /home/abr/.local/lib/python3.10/site-packages/airflow/example_dags/example_branch_datetime_operator.py
[2024-12-21T18:42:33.261+0600] {logging_mixin.py:190} INFO - [2024-12-21T18:42:33.260+0600] {override.py:1911} INFO - Created Permission View: can read on DAG:example_branch_datetime_operator_2
[2024-12-21T18:42:33.277+0600] {logging_mixin.py:190} INFO - [2024-12-21T18:42:33.276+0600] {override.py:1911} INFO - Created Permission View: can delete on DAG:example_branch_datetime_operator_2
[2024-12-21T18:42:33.287+0600] {logging_mixin.py:190} INFO - [2024-12-21T18:42:33.287+0600] {override.py:1911} INFO - Created Permission View: can edit on DAG:example_branch_datetime_operator_2
[2024-12-21T18:42:33.300+0600] {logging_mixin.py:190} INFO - [2024-12-21T18:42:33.300+0600] {override.py:1911} INFO - Created Permission View: can read on DAG Run:example_branch_datetime_operator_2
[2024-12-21T18:42:33.310+0600] {logging_mixin.py:190} INFO - [2024-12-21T18:42:33.309+0600] {override.py:1911} INFO - Created Permission View: can create on DAG Run:example_branch_datetime_operator_2
[2024-12-21T18:42:33.319+0600] {logging_mixin.py:190} INFO - [2024-12-21T18:42:33.319+0600] {override.py:1911} INFO - Created Permission View: can delete on DAG Run:example_branch_datetime_operator_2
[2024-12-21T18:42:33.329+0600] {logging_mixin.py:190} INFO - [2024-12-21T18:42:33.328+0600] {override.py:1911} INFO - Created Permission View: menu access on DAG Run:example_branch_datetime_operator_2
[2024-12-21T18:42:33.350+0600] {logging_mixin.py:190} INFO - [2024-12-21T18:42:33.350+0600] {override.py:1911} INFO - Created Permission View: can read on DAG:example_branch_datetime_operator_3
[2024-12-21T18:42:33.361+0600] {logging_mixin.py:190} INFO - [2024-12-21T18:42:33.360+0600] {override.py:1911} INFO - Created Permission View: can delete on DAG:example_branch_datetime_operator_3
[2024-12-21T18:42:33.371+0600] {logging_mixin.py:190} INFO - [2024-12-21T18:42:33.370+0600] {override.py:1911} INFO - Created Permission View: can edit on DAG:example_branch_datetime_operator_3
[2024-12-21T18:42:33.385+0600] {logging_mixin.py:190} INFO - [2024-12-21T18:42:33.385+0600] {override.py:1911} INFO - Created Permission View: can read on DAG Run:example_branch_datetime_operator_3
[2024-12-21T18:42:33.395+0600] {logging_mixin.py:190} INFO - [2024-12-21T18:42:33.394+0600] {override.py:1911} INFO - Created Permission View: can create on DAG Run:example_branch_datetime_operator_3
[2024-12-21T18:42:33.404+0600] {logging_mixin.py:190} INFO - [2024-12-21T18:42:33.404+0600] {override.py:1911} INFO - Created Permission View: can delete on DAG Run:example_branch_datetime_operator_3
[2024-12-21T18:42:33.415+0600] {logging_mixin.py:190} INFO - [2024-12-21T18:42:33.414+0600] {override.py:1911} INFO - Created Permission View: menu access on DAG Run:example_branch_datetime_operator_3
[2024-12-21T18:42:33.435+0600] {logging_mixin.py:190} INFO - [2024-12-21T18:42:33.435+0600] {override.py:1911} INFO - Created Permission View: can read on DAG:example_branch_datetime_operator
[2024-12-21T18:42:33.445+0600] {logging_mixin.py:190} INFO - [2024-12-21T18:42:33.445+0600] {override.py:1911} INFO - Created Permission View: can delete on DAG:example_branch_datetime_operator
[2024-12-21T18:42:33.455+0600] {logging_mixin.py:190} INFO - [2024-12-21T18:42:33.454+0600] {override.py:1911} INFO - Created Permission View: can edit on DAG:example_branch_datetime_operator
[2024-12-21T18:42:33.467+0600] {logging_mixin.py:190} INFO - [2024-12-21T18:42:33.466+0600] {override.py:1911} INFO - Created Permission View: can read on DAG Run:example_branch_datetime_operator
[2024-12-21T18:42:33.476+0600] {logging_mixin.py:190} INFO - [2024-12-21T18:42:33.476+0600] {override.py:1911} INFO - Created Permission View: can create on DAG Run:example_branch_datetime_operator
[2024-12-21T18:42:33.486+0600] {logging_mixin.py:190} INFO - [2024-12-21T18:42:33.486+0600] {override.py:1911} INFO - Created Permission View: can delete on DAG Run:example_branch_datetime_operator
[2024-12-21T18:42:33.496+0600] {logging_mixin.py:190} INFO - [2024-12-21T18:42:33.495+0600] {override.py:1911} INFO - Created Permission View: menu access on DAG Run:example_branch_datetime_operator
[2024-12-21T18:42:33.497+0600] {logging_mixin.py:190} INFO - [2024-12-21T18:42:33.496+0600] {dag.py:3239} INFO - Sync 3 DAGs
[2024-12-21T18:42:33.515+0600] {logging_mixin.py:190} INFO - [2024-12-21T18:42:33.514+0600] {dag.py:3262} INFO - Creating ORM DAG for example_branch_datetime_operator_2
[2024-12-21T18:42:33.516+0600] {logging_mixin.py:190} INFO - [2024-12-21T18:42:33.516+0600] {dag.py:3262} INFO - Creating ORM DAG for example_branch_datetime_operator_3
[2024-12-21T18:42:33.517+0600] {logging_mixin.py:190} INFO - [2024-12-21T18:42:33.516+0600] {dag.py:3262} INFO - Creating ORM DAG for example_branch_datetime_operator
[2024-12-21T18:42:33.531+0600] {logging_mixin.py:190} INFO - [2024-12-21T18:42:33.531+0600] {dag.py:4180} INFO - Setting next_dagrun for example_branch_datetime_operator to 2024-12-20 00:00:00+00:00, run_after=2024-12-21 00:00:00+00:00
[2024-12-21T18:42:33.534+0600] {logging_mixin.py:190} INFO - [2024-12-21T18:42:33.534+0600] {dag.py:4180} INFO - Setting next_dagrun for example_branch_datetime_operator_2 to 2024-12-20 00:00:00+00:00, run_after=2024-12-21 00:00:00+00:00
[2024-12-21T18:42:33.537+0600] {logging_mixin.py:190} INFO - [2024-12-21T18:42:33.537+0600] {dag.py:4180} INFO - Setting next_dagrun for example_branch_datetime_operator_3 to 2024-12-20 00:00:00+00:00, run_after=2024-12-21 00:00:00+00:00
[2024-12-21T18:42:33.576+0600] {processor.py:208} INFO - Processing /home/abr/.local/lib/python3.10/site-packages/airflow/example_dags/example_branch_datetime_operator.py took 0.506 seconds
[2024-12-21T18:43:52.064+0600] {processor.py:186} INFO - Started process (PID=6149) to work on /home/abr/.local/lib/python3.10/site-packages/airflow/example_dags/example_branch_datetime_operator.py
[2024-12-21T18:43:52.071+0600] {processor.py:914} INFO - Processing file /home/abr/.local/lib/python3.10/site-packages/airflow/example_dags/example_branch_datetime_operator.py for tasks to queue
[2024-12-21T18:43:52.074+0600] {logging_mixin.py:190} INFO - [2024-12-21T18:43:52.074+0600] {dagbag.py:588} INFO - Filling up the DagBag from /home/abr/.local/lib/python3.10/site-packages/airflow/example_dags/example_branch_datetime_operator.py
[2024-12-21T18:43:52.096+0600] {processor.py:925} INFO - DAG(s) 'example_branch_datetime_operator_2', 'example_branch_datetime_operator_3', 'example_branch_datetime_operator' retrieved from /home/abr/.local/lib/python3.10/site-packages/airflow/example_dags/example_branch_datetime_operator.py
[2024-12-21T18:43:52.132+0600] {logging_mixin.py:190} INFO - [2024-12-21T18:43:52.132+0600] {dag.py:3239} INFO - Sync 3 DAGs
[2024-12-21T18:43:52.166+0600] {logging_mixin.py:190} INFO - [2024-12-21T18:43:52.166+0600] {dag.py:4180} INFO - Setting next_dagrun for example_branch_datetime_operator to 2024-12-20 00:00:00+00:00, run_after=2024-12-21 00:00:00+00:00
[2024-12-21T18:43:52.173+0600] {logging_mixin.py:190} INFO - [2024-12-21T18:43:52.173+0600] {dag.py:4180} INFO - Setting next_dagrun for example_branch_datetime_operator_2 to 2024-12-20 00:00:00+00:00, run_after=2024-12-21 00:00:00+00:00
[2024-12-21T18:43:52.178+0600] {logging_mixin.py:190} INFO - [2024-12-21T18:43:52.177+0600] {dag.py:4180} INFO - Setting next_dagrun for example_branch_datetime_operator_3 to 2024-12-20 00:00:00+00:00, run_after=2024-12-21 00:00:00+00:00
[2024-12-21T18:43:52.211+0600] {processor.py:208} INFO - Processing /home/abr/.local/lib/python3.10/site-packages/airflow/example_dags/example_branch_datetime_operator.py took 0.157 seconds
[2024-12-21T18:45:04.258+0600] {processor.py:186} INFO - Started process (PID=6303) to work on /home/abr/.local/lib/python3.10/site-packages/airflow/example_dags/example_branch_datetime_operator.py
[2024-12-21T18:45:04.260+0600] {processor.py:914} INFO - Processing file /home/abr/.local/lib/python3.10/site-packages/airflow/example_dags/example_branch_datetime_operator.py for tasks to queue
[2024-12-21T18:45:04.264+0600] {logging_mixin.py:190} INFO - [2024-12-21T18:45:04.263+0600] {dagbag.py:588} INFO - Filling up the DagBag from /home/abr/.local/lib/python3.10/site-packages/airflow/example_dags/example_branch_datetime_operator.py
[2024-12-21T18:45:04.285+0600] {processor.py:925} INFO - DAG(s) 'example_branch_datetime_operator', 'example_branch_datetime_operator_2', 'example_branch_datetime_operator_3' retrieved from /home/abr/.local/lib/python3.10/site-packages/airflow/example_dags/example_branch_datetime_operator.py
[2024-12-21T18:45:04.321+0600] {logging_mixin.py:190} INFO - [2024-12-21T18:45:04.320+0600] {dag.py:3239} INFO - Sync 3 DAGs
[2024-12-21T18:45:04.354+0600] {logging_mixin.py:190} INFO - [2024-12-21T18:45:04.354+0600] {dag.py:4180} INFO - Setting next_dagrun for example_branch_datetime_operator to 2024-12-20 00:00:00+00:00, run_after=2024-12-21 00:00:00+00:00
[2024-12-21T18:45:04.362+0600] {logging_mixin.py:190} INFO - [2024-12-21T18:45:04.362+0600] {dag.py:4180} INFO - Setting next_dagrun for example_branch_datetime_operator_2 to 2024-12-20 00:00:00+00:00, run_after=2024-12-21 00:00:00+00:00
[2024-12-21T18:45:04.366+0600] {logging_mixin.py:190} INFO - [2024-12-21T18:45:04.366+0600] {dag.py:4180} INFO - Setting next_dagrun for example_branch_datetime_operator_3 to 2024-12-20 00:00:00+00:00, run_after=2024-12-21 00:00:00+00:00
[2024-12-21T18:45:04.398+0600] {processor.py:208} INFO - Processing /home/abr/.local/lib/python3.10/site-packages/airflow/example_dags/example_branch_datetime_operator.py took 0.150 seconds
[2024-12-21T18:46:09.107+0600] {processor.py:186} INFO - Started process (PID=6410) to work on /home/abr/.local/lib/python3.10/site-packages/airflow/example_dags/example_branch_datetime_operator.py
[2024-12-21T18:46:09.109+0600] {processor.py:914} INFO - Processing file /home/abr/.local/lib/python3.10/site-packages/airflow/example_dags/example_branch_datetime_operator.py for tasks to queue
[2024-12-21T18:46:09.112+0600] {logging_mixin.py:190} INFO - [2024-12-21T18:46:09.111+0600] {dagbag.py:588} INFO - Filling up the DagBag from /home/abr/.local/lib/python3.10/site-packages/airflow/example_dags/example_branch_datetime_operator.py
[2024-12-21T18:46:09.133+0600] {processor.py:925} INFO - DAG(s) 'example_branch_datetime_operator_3', 'example_branch_datetime_operator', 'example_branch_datetime_operator_2' retrieved from /home/abr/.local/lib/python3.10/site-packages/airflow/example_dags/example_branch_datetime_operator.py
[2024-12-21T18:46:09.169+0600] {logging_mixin.py:190} INFO - [2024-12-21T18:46:09.169+0600] {dag.py:3239} INFO - Sync 3 DAGs
[2024-12-21T18:46:09.203+0600] {logging_mixin.py:190} INFO - [2024-12-21T18:46:09.203+0600] {dag.py:4180} INFO - Setting next_dagrun for example_branch_datetime_operator to 2024-12-20 00:00:00+00:00, run_after=2024-12-21 00:00:00+00:00
[2024-12-21T18:46:09.211+0600] {logging_mixin.py:190} INFO - [2024-12-21T18:46:09.210+0600] {dag.py:4180} INFO - Setting next_dagrun for example_branch_datetime_operator_2 to 2024-12-20 00:00:00+00:00, run_after=2024-12-21 00:00:00+00:00
[2024-12-21T18:46:09.214+0600] {logging_mixin.py:190} INFO - [2024-12-21T18:46:09.214+0600] {dag.py:4180} INFO - Setting next_dagrun for example_branch_datetime_operator_3 to 2024-12-20 00:00:00+00:00, run_after=2024-12-21 00:00:00+00:00
[2024-12-21T18:46:09.247+0600] {processor.py:208} INFO - Processing /home/abr/.local/lib/python3.10/site-packages/airflow/example_dags/example_branch_datetime_operator.py took 0.150 seconds
[2024-12-21T18:47:13.353+0600] {processor.py:186} INFO - Started process (PID=6544) to work on /home/abr/.local/lib/python3.10/site-packages/airflow/example_dags/example_branch_datetime_operator.py
[2024-12-21T18:47:13.360+0600] {processor.py:914} INFO - Processing file /home/abr/.local/lib/python3.10/site-packages/airflow/example_dags/example_branch_datetime_operator.py for tasks to queue
[2024-12-21T18:47:13.363+0600] {logging_mixin.py:190} INFO - [2024-12-21T18:47:13.363+0600] {dagbag.py:588} INFO - Filling up the DagBag from /home/abr/.local/lib/python3.10/site-packages/airflow/example_dags/example_branch_datetime_operator.py
[2024-12-21T18:47:13.385+0600] {processor.py:925} INFO - DAG(s) 'example_branch_datetime_operator_3', 'example_branch_datetime_operator_2', 'example_branch_datetime_operator' retrieved from /home/abr/.local/lib/python3.10/site-packages/airflow/example_dags/example_branch_datetime_operator.py
[2024-12-21T18:47:13.420+0600] {logging_mixin.py:190} INFO - [2024-12-21T18:47:13.420+0600] {dag.py:3239} INFO - Sync 3 DAGs
[2024-12-21T18:47:13.453+0600] {logging_mixin.py:190} INFO - [2024-12-21T18:47:13.453+0600] {dag.py:4180} INFO - Setting next_dagrun for example_branch_datetime_operator to 2024-12-20 00:00:00+00:00, run_after=2024-12-21 00:00:00+00:00
[2024-12-21T18:47:13.461+0600] {logging_mixin.py:190} INFO - [2024-12-21T18:47:13.460+0600] {dag.py:4180} INFO - Setting next_dagrun for example_branch_datetime_operator_2 to 2024-12-20 00:00:00+00:00, run_after=2024-12-21 00:00:00+00:00
[2024-12-21T18:47:13.465+0600] {logging_mixin.py:190} INFO - [2024-12-21T18:47:13.464+0600] {dag.py:4180} INFO - Setting next_dagrun for example_branch_datetime_operator_3 to 2024-12-20 00:00:00+00:00, run_after=2024-12-21 00:00:00+00:00
[2024-12-21T18:47:13.498+0600] {processor.py:208} INFO - Processing /home/abr/.local/lib/python3.10/site-packages/airflow/example_dags/example_branch_datetime_operator.py took 0.155 seconds
[2024-12-21T18:48:18.711+0600] {processor.py:186} INFO - Started process (PID=6627) to work on /home/abr/.local/lib/python3.10/site-packages/airflow/example_dags/example_branch_datetime_operator.py
[2024-12-21T18:48:18.718+0600] {processor.py:914} INFO - Processing file /home/abr/.local/lib/python3.10/site-packages/airflow/example_dags/example_branch_datetime_operator.py for tasks to queue
[2024-12-21T18:48:18.721+0600] {logging_mixin.py:190} INFO - [2024-12-21T18:48:18.720+0600] {dagbag.py:588} INFO - Filling up the DagBag from /home/abr/.local/lib/python3.10/site-packages/airflow/example_dags/example_branch_datetime_operator.py
[2024-12-21T18:48:18.743+0600] {processor.py:925} INFO - DAG(s) 'example_branch_datetime_operator', 'example_branch_datetime_operator_2', 'example_branch_datetime_operator_3' retrieved from /home/abr/.local/lib/python3.10/site-packages/airflow/example_dags/example_branch_datetime_operator.py
[2024-12-21T18:48:18.779+0600] {logging_mixin.py:190} INFO - [2024-12-21T18:48:18.778+0600] {dag.py:3239} INFO - Sync 3 DAGs
[2024-12-21T18:48:18.812+0600] {logging_mixin.py:190} INFO - [2024-12-21T18:48:18.812+0600] {dag.py:4180} INFO - Setting next_dagrun for example_branch_datetime_operator to 2024-12-20 00:00:00+00:00, run_after=2024-12-21 00:00:00+00:00
[2024-12-21T18:48:18.820+0600] {logging_mixin.py:190} INFO - [2024-12-21T18:48:18.819+0600] {dag.py:4180} INFO - Setting next_dagrun for example_branch_datetime_operator_2 to 2024-12-20 00:00:00+00:00, run_after=2024-12-21 00:00:00+00:00
[2024-12-21T18:48:18.823+0600] {logging_mixin.py:190} INFO - [2024-12-21T18:48:18.823+0600] {dag.py:4180} INFO - Setting next_dagrun for example_branch_datetime_operator_3 to 2024-12-20 00:00:00+00:00, run_after=2024-12-21 00:00:00+00:00
[2024-12-21T18:48:18.857+0600] {processor.py:208} INFO - Processing /home/abr/.local/lib/python3.10/site-packages/airflow/example_dags/example_branch_datetime_operator.py took 0.156 seconds
[2024-12-21T18:49:21.725+0600] {processor.py:186} INFO - Started process (PID=6710) to work on /home/abr/.local/lib/python3.10/site-packages/airflow/example_dags/example_branch_datetime_operator.py
[2024-12-21T18:49:21.731+0600] {processor.py:914} INFO - Processing file /home/abr/.local/lib/python3.10/site-packages/airflow/example_dags/example_branch_datetime_operator.py for tasks to queue
[2024-12-21T18:49:21.735+0600] {logging_mixin.py:190} INFO - [2024-12-21T18:49:21.734+0600] {dagbag.py:588} INFO - Filling up the DagBag from /home/abr/.local/lib/python3.10/site-packages/airflow/example_dags/example_branch_datetime_operator.py
[2024-12-21T18:49:21.755+0600] {processor.py:925} INFO - DAG(s) 'example_branch_datetime_operator', 'example_branch_datetime_operator_2', 'example_branch_datetime_operator_3' retrieved from /home/abr/.local/lib/python3.10/site-packages/airflow/example_dags/example_branch_datetime_operator.py
[2024-12-21T18:49:21.790+0600] {logging_mixin.py:190} INFO - [2024-12-21T18:49:21.789+0600] {dag.py:3239} INFO - Sync 3 DAGs
[2024-12-21T18:49:21.823+0600] {logging_mixin.py:190} INFO - [2024-12-21T18:49:21.822+0600] {dag.py:4180} INFO - Setting next_dagrun for example_branch_datetime_operator to 2024-12-20 00:00:00+00:00, run_after=2024-12-21 00:00:00+00:00
[2024-12-21T18:49:21.830+0600] {logging_mixin.py:190} INFO - [2024-12-21T18:49:21.830+0600] {dag.py:4180} INFO - Setting next_dagrun for example_branch_datetime_operator_2 to 2024-12-20 00:00:00+00:00, run_after=2024-12-21 00:00:00+00:00
[2024-12-21T18:49:21.834+0600] {logging_mixin.py:190} INFO - [2024-12-21T18:49:21.834+0600] {dag.py:4180} INFO - Setting next_dagrun for example_branch_datetime_operator_3 to 2024-12-20 00:00:00+00:00, run_after=2024-12-21 00:00:00+00:00
[2024-12-21T18:49:21.861+0600] {processor.py:208} INFO - Processing /home/abr/.local/lib/python3.10/site-packages/airflow/example_dags/example_branch_datetime_operator.py took 0.146 seconds
[2024-12-21T18:50:23.801+0600] {processor.py:186} INFO - Started process (PID=6835) to work on /home/abr/.local/lib/python3.10/site-packages/airflow/example_dags/example_branch_datetime_operator.py
[2024-12-21T18:50:23.807+0600] {processor.py:914} INFO - Processing file /home/abr/.local/lib/python3.10/site-packages/airflow/example_dags/example_branch_datetime_operator.py for tasks to queue
[2024-12-21T18:50:23.811+0600] {logging_mixin.py:190} INFO - [2024-12-21T18:50:23.810+0600] {dagbag.py:588} INFO - Filling up the DagBag from /home/abr/.local/lib/python3.10/site-packages/airflow/example_dags/example_branch_datetime_operator.py
[2024-12-21T18:50:23.832+0600] {processor.py:925} INFO - DAG(s) 'example_branch_datetime_operator_3', 'example_branch_datetime_operator', 'example_branch_datetime_operator_2' retrieved from /home/abr/.local/lib/python3.10/site-packages/airflow/example_dags/example_branch_datetime_operator.py
[2024-12-21T18:50:23.867+0600] {logging_mixin.py:190} INFO - [2024-12-21T18:50:23.867+0600] {dag.py:3239} INFO - Sync 3 DAGs
[2024-12-21T18:50:23.900+0600] {logging_mixin.py:190} INFO - [2024-12-21T18:50:23.900+0600] {dag.py:4180} INFO - Setting next_dagrun for example_branch_datetime_operator to 2024-12-20 00:00:00+00:00, run_after=2024-12-21 00:00:00+00:00
[2024-12-21T18:50:23.907+0600] {logging_mixin.py:190} INFO - [2024-12-21T18:50:23.907+0600] {dag.py:4180} INFO - Setting next_dagrun for example_branch_datetime_operator_2 to 2024-12-20 00:00:00+00:00, run_after=2024-12-21 00:00:00+00:00
[2024-12-21T18:50:23.911+0600] {logging_mixin.py:190} INFO - [2024-12-21T18:50:23.911+0600] {dag.py:4180} INFO - Setting next_dagrun for example_branch_datetime_operator_3 to 2024-12-20 00:00:00+00:00, run_after=2024-12-21 00:00:00+00:00
[2024-12-21T18:50:23.945+0600] {processor.py:208} INFO - Processing /home/abr/.local/lib/python3.10/site-packages/airflow/example_dags/example_branch_datetime_operator.py took 0.156 seconds
[2024-12-21T18:51:26.580+0600] {processor.py:186} INFO - Started process (PID=6933) to work on /home/abr/.local/lib/python3.10/site-packages/airflow/example_dags/example_branch_datetime_operator.py
[2024-12-21T18:51:26.586+0600] {processor.py:914} INFO - Processing file /home/abr/.local/lib/python3.10/site-packages/airflow/example_dags/example_branch_datetime_operator.py for tasks to queue
[2024-12-21T18:51:26.590+0600] {logging_mixin.py:190} INFO - [2024-12-21T18:51:26.589+0600] {dagbag.py:588} INFO - Filling up the DagBag from /home/abr/.local/lib/python3.10/site-packages/airflow/example_dags/example_branch_datetime_operator.py
[2024-12-21T18:51:26.611+0600] {processor.py:925} INFO - DAG(s) 'example_branch_datetime_operator_2', 'example_branch_datetime_operator', 'example_branch_datetime_operator_3' retrieved from /home/abr/.local/lib/python3.10/site-packages/airflow/example_dags/example_branch_datetime_operator.py
[2024-12-21T18:51:26.646+0600] {logging_mixin.py:190} INFO - [2024-12-21T18:51:26.646+0600] {dag.py:3239} INFO - Sync 3 DAGs
[2024-12-21T18:51:26.679+0600] {logging_mixin.py:190} INFO - [2024-12-21T18:51:26.679+0600] {dag.py:4180} INFO - Setting next_dagrun for example_branch_datetime_operator to 2024-12-20 00:00:00+00:00, run_after=2024-12-21 00:00:00+00:00
[2024-12-21T18:51:26.686+0600] {logging_mixin.py:190} INFO - [2024-12-21T18:51:26.686+0600] {dag.py:4180} INFO - Setting next_dagrun for example_branch_datetime_operator_2 to 2024-12-20 00:00:00+00:00, run_after=2024-12-21 00:00:00+00:00
[2024-12-21T18:51:26.690+0600] {logging_mixin.py:190} INFO - [2024-12-21T18:51:26.690+0600] {dag.py:4180} INFO - Setting next_dagrun for example_branch_datetime_operator_3 to 2024-12-20 00:00:00+00:00, run_after=2024-12-21 00:00:00+00:00
[2024-12-21T18:51:26.724+0600] {processor.py:208} INFO - Processing /home/abr/.local/lib/python3.10/site-packages/airflow/example_dags/example_branch_datetime_operator.py took 0.154 seconds
[2024-12-21T18:52:29.287+0600] {processor.py:186} INFO - Started process (PID=7031) to work on /home/abr/.local/lib/python3.10/site-packages/airflow/example_dags/example_branch_datetime_operator.py
[2024-12-21T18:52:29.293+0600] {processor.py:914} INFO - Processing file /home/abr/.local/lib/python3.10/site-packages/airflow/example_dags/example_branch_datetime_operator.py for tasks to queue
[2024-12-21T18:52:29.297+0600] {logging_mixin.py:190} INFO - [2024-12-21T18:52:29.296+0600] {dagbag.py:588} INFO - Filling up the DagBag from /home/abr/.local/lib/python3.10/site-packages/airflow/example_dags/example_branch_datetime_operator.py
[2024-12-21T18:52:29.318+0600] {processor.py:925} INFO - DAG(s) 'example_branch_datetime_operator_3', 'example_branch_datetime_operator_2', 'example_branch_datetime_operator' retrieved from /home/abr/.local/lib/python3.10/site-packages/airflow/example_dags/example_branch_datetime_operator.py
[2024-12-21T18:52:29.353+0600] {logging_mixin.py:190} INFO - [2024-12-21T18:52:29.353+0600] {dag.py:3239} INFO - Sync 3 DAGs
[2024-12-21T18:52:29.388+0600] {logging_mixin.py:190} INFO - [2024-12-21T18:52:29.388+0600] {dag.py:4180} INFO - Setting next_dagrun for example_branch_datetime_operator to 2024-12-20 00:00:00+00:00, run_after=2024-12-21 00:00:00+00:00
[2024-12-21T18:52:29.396+0600] {logging_mixin.py:190} INFO - [2024-12-21T18:52:29.396+0600] {dag.py:4180} INFO - Setting next_dagrun for example_branch_datetime_operator_2 to 2024-12-20 00:00:00+00:00, run_after=2024-12-21 00:00:00+00:00
[2024-12-21T18:52:29.400+0600] {logging_mixin.py:190} INFO - [2024-12-21T18:52:29.399+0600] {dag.py:4180} INFO - Setting next_dagrun for example_branch_datetime_operator_3 to 2024-12-20 00:00:00+00:00, run_after=2024-12-21 00:00:00+00:00
[2024-12-21T18:52:29.432+0600] {processor.py:208} INFO - Processing /home/abr/.local/lib/python3.10/site-packages/airflow/example_dags/example_branch_datetime_operator.py took 0.156 seconds
