[2024-12-21T18:42:15.675+0600] {processor.py:186} INFO - Started process (PID=6015) to work on /home/abr/.local/lib/python3.10/site-packages/airflow/example_dags/example_datasets.py
[2024-12-21T18:42:15.676+0600] {processor.py:914} INFO - Processing file /home/abr/.local/lib/python3.10/site-packages/airflow/example_dags/example_datasets.py for tasks to queue
[2024-12-21T18:42:15.679+0600] {logging_mixin.py:190} INFO - [2024-12-21T18:42:15.679+0600] {dagbag.py:588} INFO - Filling up the DagBag from /home/abr/.local/lib/python3.10/site-packages/airflow/example_dags/example_datasets.py
[2024-12-21T18:42:15.705+0600] {processor.py:925} INFO - DAG(s) 'dataset_consumes_1_never_scheduled', 'dataset_consumes_1', 'consume_1_or_2_with_dataset_expressions', 'dataset_consumes_1_and_2', 'conditional_dataset_and_time_based_timetable', 'dataset_produces_1', 'dataset_produces_2', 'consume_1_or_both_2_and_3_with_dataset_expressions', 'consume_1_and_2_with_dataset_expressions', 'dataset_consumes_unknown_never_scheduled' retrieved from /home/abr/.local/lib/python3.10/site-packages/airflow/example_dags/example_datasets.py
[2024-12-21T18:42:15.857+0600] {logging_mixin.py:190} INFO - [2024-12-21T18:42:15.856+0600] {override.py:1911} INFO - Created Permission View: can read on DAG:dataset_consumes_1_never_scheduled
[2024-12-21T18:42:15.873+0600] {logging_mixin.py:190} INFO - [2024-12-21T18:42:15.872+0600] {override.py:1911} INFO - Created Permission View: can delete on DAG:dataset_consumes_1_never_scheduled
[2024-12-21T18:42:15.883+0600] {logging_mixin.py:190} INFO - [2024-12-21T18:42:15.882+0600] {override.py:1911} INFO - Created Permission View: can edit on DAG:dataset_consumes_1_never_scheduled
[2024-12-21T18:42:15.897+0600] {logging_mixin.py:190} INFO - [2024-12-21T18:42:15.897+0600] {override.py:1911} INFO - Created Permission View: can read on DAG Run:dataset_consumes_1_never_scheduled
[2024-12-21T18:42:15.909+0600] {logging_mixin.py:190} INFO - [2024-12-21T18:42:15.908+0600] {override.py:1911} INFO - Created Permission View: can create on DAG Run:dataset_consumes_1_never_scheduled
[2024-12-21T18:42:15.920+0600] {logging_mixin.py:190} INFO - [2024-12-21T18:42:15.919+0600] {override.py:1911} INFO - Created Permission View: can delete on DAG Run:dataset_consumes_1_never_scheduled
[2024-12-21T18:42:15.930+0600] {logging_mixin.py:190} INFO - [2024-12-21T18:42:15.929+0600] {override.py:1911} INFO - Created Permission View: menu access on DAG Run:dataset_consumes_1_never_scheduled
[2024-12-21T18:42:15.951+0600] {logging_mixin.py:190} INFO - [2024-12-21T18:42:15.950+0600] {override.py:1911} INFO - Created Permission View: can read on DAG:dataset_consumes_1
[2024-12-21T18:42:15.961+0600] {logging_mixin.py:190} INFO - [2024-12-21T18:42:15.960+0600] {override.py:1911} INFO - Created Permission View: can delete on DAG:dataset_consumes_1
[2024-12-21T18:42:15.971+0600] {logging_mixin.py:190} INFO - [2024-12-21T18:42:15.971+0600] {override.py:1911} INFO - Created Permission View: can edit on DAG:dataset_consumes_1
[2024-12-21T18:42:15.984+0600] {logging_mixin.py:190} INFO - [2024-12-21T18:42:15.983+0600] {override.py:1911} INFO - Created Permission View: can read on DAG Run:dataset_consumes_1
[2024-12-21T18:42:15.993+0600] {logging_mixin.py:190} INFO - [2024-12-21T18:42:15.992+0600] {override.py:1911} INFO - Created Permission View: can create on DAG Run:dataset_consumes_1
[2024-12-21T18:42:16.002+0600] {logging_mixin.py:190} INFO - [2024-12-21T18:42:16.002+0600] {override.py:1911} INFO - Created Permission View: can delete on DAG Run:dataset_consumes_1
[2024-12-21T18:42:16.013+0600] {logging_mixin.py:190} INFO - [2024-12-21T18:42:16.012+0600] {override.py:1911} INFO - Created Permission View: menu access on DAG Run:dataset_consumes_1
[2024-12-21T18:42:16.033+0600] {logging_mixin.py:190} INFO - [2024-12-21T18:42:16.033+0600] {override.py:1911} INFO - Created Permission View: can read on DAG:consume_1_or_2_with_dataset_expressions
[2024-12-21T18:42:16.043+0600] {logging_mixin.py:190} INFO - [2024-12-21T18:42:16.043+0600] {override.py:1911} INFO - Created Permission View: can delete on DAG:consume_1_or_2_with_dataset_expressions
[2024-12-21T18:42:16.054+0600] {logging_mixin.py:190} INFO - [2024-12-21T18:42:16.053+0600] {override.py:1911} INFO - Created Permission View: can edit on DAG:consume_1_or_2_with_dataset_expressions
[2024-12-21T18:42:16.067+0600] {logging_mixin.py:190} INFO - [2024-12-21T18:42:16.067+0600] {override.py:1911} INFO - Created Permission View: can read on DAG Run:consume_1_or_2_with_dataset_expressions
[2024-12-21T18:42:16.077+0600] {logging_mixin.py:190} INFO - [2024-12-21T18:42:16.077+0600] {override.py:1911} INFO - Created Permission View: can create on DAG Run:consume_1_or_2_with_dataset_expressions
[2024-12-21T18:42:16.088+0600] {logging_mixin.py:190} INFO - [2024-12-21T18:42:16.087+0600] {override.py:1911} INFO - Created Permission View: can delete on DAG Run:consume_1_or_2_with_dataset_expressions
[2024-12-21T18:42:16.098+0600] {logging_mixin.py:190} INFO - [2024-12-21T18:42:16.097+0600] {override.py:1911} INFO - Created Permission View: menu access on DAG Run:consume_1_or_2_with_dataset_expressions
[2024-12-21T18:42:16.117+0600] {logging_mixin.py:190} INFO - [2024-12-21T18:42:16.116+0600] {override.py:1911} INFO - Created Permission View: can read on DAG:dataset_consumes_1_and_2
[2024-12-21T18:42:16.127+0600] {logging_mixin.py:190} INFO - [2024-12-21T18:42:16.126+0600] {override.py:1911} INFO - Created Permission View: can delete on DAG:dataset_consumes_1_and_2
[2024-12-21T18:42:16.137+0600] {logging_mixin.py:190} INFO - [2024-12-21T18:42:16.136+0600] {override.py:1911} INFO - Created Permission View: can edit on DAG:dataset_consumes_1_and_2
[2024-12-21T18:42:16.149+0600] {logging_mixin.py:190} INFO - [2024-12-21T18:42:16.149+0600] {override.py:1911} INFO - Created Permission View: can read on DAG Run:dataset_consumes_1_and_2
[2024-12-21T18:42:16.159+0600] {logging_mixin.py:190} INFO - [2024-12-21T18:42:16.159+0600] {override.py:1911} INFO - Created Permission View: can create on DAG Run:dataset_consumes_1_and_2
[2024-12-21T18:42:16.169+0600] {logging_mixin.py:190} INFO - [2024-12-21T18:42:16.169+0600] {override.py:1911} INFO - Created Permission View: can delete on DAG Run:dataset_consumes_1_and_2
[2024-12-21T18:42:16.179+0600] {logging_mixin.py:190} INFO - [2024-12-21T18:42:16.178+0600] {override.py:1911} INFO - Created Permission View: menu access on DAG Run:dataset_consumes_1_and_2
[2024-12-21T18:42:16.200+0600] {logging_mixin.py:190} INFO - [2024-12-21T18:42:16.199+0600] {override.py:1911} INFO - Created Permission View: can read on DAG:conditional_dataset_and_time_based_timetable
[2024-12-21T18:42:16.209+0600] {logging_mixin.py:190} INFO - [2024-12-21T18:42:16.209+0600] {override.py:1911} INFO - Created Permission View: can delete on DAG:conditional_dataset_and_time_based_timetable
[2024-12-21T18:42:16.219+0600] {logging_mixin.py:190} INFO - [2024-12-21T18:42:16.219+0600] {override.py:1911} INFO - Created Permission View: can edit on DAG:conditional_dataset_and_time_based_timetable
[2024-12-21T18:42:16.232+0600] {logging_mixin.py:190} INFO - [2024-12-21T18:42:16.231+0600] {override.py:1911} INFO - Created Permission View: can read on DAG Run:conditional_dataset_and_time_based_timetable
[2024-12-21T18:42:16.242+0600] {logging_mixin.py:190} INFO - [2024-12-21T18:42:16.242+0600] {override.py:1911} INFO - Created Permission View: can create on DAG Run:conditional_dataset_and_time_based_timetable
[2024-12-21T18:42:16.252+0600] {logging_mixin.py:190} INFO - [2024-12-21T18:42:16.251+0600] {override.py:1911} INFO - Created Permission View: can delete on DAG Run:conditional_dataset_and_time_based_timetable
[2024-12-21T18:42:16.262+0600] {logging_mixin.py:190} INFO - [2024-12-21T18:42:16.261+0600] {override.py:1911} INFO - Created Permission View: menu access on DAG Run:conditional_dataset_and_time_based_timetable
[2024-12-21T18:42:16.281+0600] {logging_mixin.py:190} INFO - [2024-12-21T18:42:16.281+0600] {override.py:1911} INFO - Created Permission View: can read on DAG:dataset_produces_1
[2024-12-21T18:42:16.291+0600] {logging_mixin.py:190} INFO - [2024-12-21T18:42:16.290+0600] {override.py:1911} INFO - Created Permission View: can delete on DAG:dataset_produces_1
[2024-12-21T18:42:16.300+0600] {logging_mixin.py:190} INFO - [2024-12-21T18:42:16.300+0600] {override.py:1911} INFO - Created Permission View: can edit on DAG:dataset_produces_1
[2024-12-21T18:42:16.312+0600] {logging_mixin.py:190} INFO - [2024-12-21T18:42:16.312+0600] {override.py:1911} INFO - Created Permission View: can read on DAG Run:dataset_produces_1
[2024-12-21T18:42:16.322+0600] {logging_mixin.py:190} INFO - [2024-12-21T18:42:16.322+0600] {override.py:1911} INFO - Created Permission View: can create on DAG Run:dataset_produces_1
[2024-12-21T18:42:16.333+0600] {logging_mixin.py:190} INFO - [2024-12-21T18:42:16.333+0600] {override.py:1911} INFO - Created Permission View: can delete on DAG Run:dataset_produces_1
[2024-12-21T18:42:16.343+0600] {logging_mixin.py:190} INFO - [2024-12-21T18:42:16.343+0600] {override.py:1911} INFO - Created Permission View: menu access on DAG Run:dataset_produces_1
[2024-12-21T18:42:16.362+0600] {logging_mixin.py:190} INFO - [2024-12-21T18:42:16.361+0600] {override.py:1911} INFO - Created Permission View: can read on DAG:dataset_produces_2
[2024-12-21T18:42:16.371+0600] {logging_mixin.py:190} INFO - [2024-12-21T18:42:16.371+0600] {override.py:1911} INFO - Created Permission View: can delete on DAG:dataset_produces_2
[2024-12-21T18:42:16.381+0600] {logging_mixin.py:190} INFO - [2024-12-21T18:42:16.380+0600] {override.py:1911} INFO - Created Permission View: can edit on DAG:dataset_produces_2
[2024-12-21T18:42:16.393+0600] {logging_mixin.py:190} INFO - [2024-12-21T18:42:16.392+0600] {override.py:1911} INFO - Created Permission View: can read on DAG Run:dataset_produces_2
[2024-12-21T18:42:16.402+0600] {logging_mixin.py:190} INFO - [2024-12-21T18:42:16.401+0600] {override.py:1911} INFO - Created Permission View: can create on DAG Run:dataset_produces_2
[2024-12-21T18:42:16.412+0600] {logging_mixin.py:190} INFO - [2024-12-21T18:42:16.411+0600] {override.py:1911} INFO - Created Permission View: can delete on DAG Run:dataset_produces_2
[2024-12-21T18:42:16.421+0600] {logging_mixin.py:190} INFO - [2024-12-21T18:42:16.421+0600] {override.py:1911} INFO - Created Permission View: menu access on DAG Run:dataset_produces_2
[2024-12-21T18:42:16.440+0600] {logging_mixin.py:190} INFO - [2024-12-21T18:42:16.440+0600] {override.py:1911} INFO - Created Permission View: can read on DAG:consume_1_or_both_2_and_3_with_dataset_expressions
[2024-12-21T18:42:16.451+0600] {logging_mixin.py:190} INFO - [2024-12-21T18:42:16.450+0600] {override.py:1911} INFO - Created Permission View: can delete on DAG:consume_1_or_both_2_and_3_with_dataset_expressions
[2024-12-21T18:42:16.461+0600] {logging_mixin.py:190} INFO - [2024-12-21T18:42:16.460+0600] {override.py:1911} INFO - Created Permission View: can edit on DAG:consume_1_or_both_2_and_3_with_dataset_expressions
[2024-12-21T18:42:16.475+0600] {logging_mixin.py:190} INFO - [2024-12-21T18:42:16.475+0600] {override.py:1911} INFO - Created Permission View: can read on DAG Run:consume_1_or_both_2_and_3_with_dataset_expressions
[2024-12-21T18:42:16.485+0600] {logging_mixin.py:190} INFO - [2024-12-21T18:42:16.484+0600] {override.py:1911} INFO - Created Permission View: can create on DAG Run:consume_1_or_both_2_and_3_with_dataset_expressions
[2024-12-21T18:42:16.494+0600] {logging_mixin.py:190} INFO - [2024-12-21T18:42:16.493+0600] {override.py:1911} INFO - Created Permission View: can delete on DAG Run:consume_1_or_both_2_and_3_with_dataset_expressions
[2024-12-21T18:42:16.503+0600] {logging_mixin.py:190} INFO - [2024-12-21T18:42:16.503+0600] {override.py:1911} INFO - Created Permission View: menu access on DAG Run:consume_1_or_both_2_and_3_with_dataset_expressions
[2024-12-21T18:42:16.523+0600] {logging_mixin.py:190} INFO - [2024-12-21T18:42:16.522+0600] {override.py:1911} INFO - Created Permission View: can read on DAG:consume_1_and_2_with_dataset_expressions
[2024-12-21T18:42:16.532+0600] {logging_mixin.py:190} INFO - [2024-12-21T18:42:16.531+0600] {override.py:1911} INFO - Created Permission View: can delete on DAG:consume_1_and_2_with_dataset_expressions
[2024-12-21T18:42:16.541+0600] {logging_mixin.py:190} INFO - [2024-12-21T18:42:16.541+0600] {override.py:1911} INFO - Created Permission View: can edit on DAG:consume_1_and_2_with_dataset_expressions
[2024-12-21T18:42:16.554+0600] {logging_mixin.py:190} INFO - [2024-12-21T18:42:16.553+0600] {override.py:1911} INFO - Created Permission View: can read on DAG Run:consume_1_and_2_with_dataset_expressions
[2024-12-21T18:42:16.564+0600] {logging_mixin.py:190} INFO - [2024-12-21T18:42:16.563+0600] {override.py:1911} INFO - Created Permission View: can create on DAG Run:consume_1_and_2_with_dataset_expressions
[2024-12-21T18:42:16.573+0600] {logging_mixin.py:190} INFO - [2024-12-21T18:42:16.572+0600] {override.py:1911} INFO - Created Permission View: can delete on DAG Run:consume_1_and_2_with_dataset_expressions
[2024-12-21T18:42:16.583+0600] {logging_mixin.py:190} INFO - [2024-12-21T18:42:16.582+0600] {override.py:1911} INFO - Created Permission View: menu access on DAG Run:consume_1_and_2_with_dataset_expressions
[2024-12-21T18:42:16.602+0600] {logging_mixin.py:190} INFO - [2024-12-21T18:42:16.602+0600] {override.py:1911} INFO - Created Permission View: can read on DAG:dataset_consumes_unknown_never_scheduled
[2024-12-21T18:42:16.613+0600] {logging_mixin.py:190} INFO - [2024-12-21T18:42:16.613+0600] {override.py:1911} INFO - Created Permission View: can delete on DAG:dataset_consumes_unknown_never_scheduled
[2024-12-21T18:42:16.623+0600] {logging_mixin.py:190} INFO - [2024-12-21T18:42:16.623+0600] {override.py:1911} INFO - Created Permission View: can edit on DAG:dataset_consumes_unknown_never_scheduled
[2024-12-21T18:42:16.636+0600] {logging_mixin.py:190} INFO - [2024-12-21T18:42:16.635+0600] {override.py:1911} INFO - Created Permission View: can read on DAG Run:dataset_consumes_unknown_never_scheduled
[2024-12-21T18:42:16.645+0600] {logging_mixin.py:190} INFO - [2024-12-21T18:42:16.645+0600] {override.py:1911} INFO - Created Permission View: can create on DAG Run:dataset_consumes_unknown_never_scheduled
[2024-12-21T18:42:16.654+0600] {logging_mixin.py:190} INFO - [2024-12-21T18:42:16.654+0600] {override.py:1911} INFO - Created Permission View: can delete on DAG Run:dataset_consumes_unknown_never_scheduled
[2024-12-21T18:42:16.664+0600] {logging_mixin.py:190} INFO - [2024-12-21T18:42:16.664+0600] {override.py:1911} INFO - Created Permission View: menu access on DAG Run:dataset_consumes_unknown_never_scheduled
[2024-12-21T18:42:16.664+0600] {logging_mixin.py:190} INFO - [2024-12-21T18:42:16.664+0600] {dag.py:3239} INFO - Sync 10 DAGs
[2024-12-21T18:42:16.682+0600] {logging_mixin.py:190} INFO - [2024-12-21T18:42:16.682+0600] {dag.py:3262} INFO - Creating ORM DAG for dataset_produces_2
[2024-12-21T18:42:16.683+0600] {logging_mixin.py:190} INFO - [2024-12-21T18:42:16.683+0600] {dag.py:3262} INFO - Creating ORM DAG for dataset_produces_1
[2024-12-21T18:42:16.684+0600] {logging_mixin.py:190} INFO - [2024-12-21T18:42:16.684+0600] {dag.py:3262} INFO - Creating ORM DAG for consume_1_or_both_2_and_3_with_dataset_expressions
[2024-12-21T18:42:16.685+0600] {logging_mixin.py:190} INFO - [2024-12-21T18:42:16.685+0600] {dag.py:3262} INFO - Creating ORM DAG for conditional_dataset_and_time_based_timetable
[2024-12-21T18:42:16.686+0600] {logging_mixin.py:190} INFO - [2024-12-21T18:42:16.685+0600] {dag.py:3262} INFO - Creating ORM DAG for dataset_consumes_unknown_never_scheduled
[2024-12-21T18:42:16.686+0600] {logging_mixin.py:190} INFO - [2024-12-21T18:42:16.686+0600] {dag.py:3262} INFO - Creating ORM DAG for dataset_consumes_1_and_2
[2024-12-21T18:42:16.687+0600] {logging_mixin.py:190} INFO - [2024-12-21T18:42:16.687+0600] {dag.py:3262} INFO - Creating ORM DAG for dataset_consumes_1
[2024-12-21T18:42:16.688+0600] {logging_mixin.py:190} INFO - [2024-12-21T18:42:16.688+0600] {dag.py:3262} INFO - Creating ORM DAG for dataset_consumes_1_never_scheduled
[2024-12-21T18:42:16.689+0600] {logging_mixin.py:190} INFO - [2024-12-21T18:42:16.688+0600] {dag.py:3262} INFO - Creating ORM DAG for consume_1_and_2_with_dataset_expressions
[2024-12-21T18:42:16.689+0600] {logging_mixin.py:190} INFO - [2024-12-21T18:42:16.689+0600] {dag.py:3262} INFO - Creating ORM DAG for consume_1_or_2_with_dataset_expressions
[2024-12-21T18:42:16.703+0600] {logging_mixin.py:190} INFO - [2024-12-21T18:42:16.703+0600] {dag.py:4180} INFO - Setting next_dagrun for conditional_dataset_and_time_based_timetable to 2024-12-18 01:00:00+00:00, run_after=2024-12-18 01:00:00+00:00
[2024-12-21T18:42:16.704+0600] {logging_mixin.py:190} INFO - [2024-12-21T18:42:16.704+0600] {dag.py:4180} INFO - Setting next_dagrun for consume_1_and_2_with_dataset_expressions to None, run_after=None
[2024-12-21T18:42:16.705+0600] {logging_mixin.py:190} INFO - [2024-12-21T18:42:16.705+0600] {dag.py:4180} INFO - Setting next_dagrun for consume_1_or_2_with_dataset_expressions to None, run_after=None
[2024-12-21T18:42:16.705+0600] {logging_mixin.py:190} INFO - [2024-12-21T18:42:16.705+0600] {dag.py:4180} INFO - Setting next_dagrun for consume_1_or_both_2_and_3_with_dataset_expressions to None, run_after=None
[2024-12-21T18:42:16.706+0600] {logging_mixin.py:190} INFO - [2024-12-21T18:42:16.706+0600] {dag.py:4180} INFO - Setting next_dagrun for dataset_consumes_1 to None, run_after=None
[2024-12-21T18:42:16.707+0600] {logging_mixin.py:190} INFO - [2024-12-21T18:42:16.706+0600] {dag.py:4180} INFO - Setting next_dagrun for dataset_consumes_1_and_2 to None, run_after=None
[2024-12-21T18:42:16.707+0600] {logging_mixin.py:190} INFO - [2024-12-21T18:42:16.707+0600] {dag.py:4180} INFO - Setting next_dagrun for dataset_consumes_1_never_scheduled to None, run_after=None
[2024-12-21T18:42:16.708+0600] {logging_mixin.py:190} INFO - [2024-12-21T18:42:16.708+0600] {dag.py:4180} INFO - Setting next_dagrun for dataset_consumes_unknown_never_scheduled to None, run_after=None
[2024-12-21T18:42:16.711+0600] {logging_mixin.py:190} INFO - [2024-12-21T18:42:16.711+0600] {dag.py:4180} INFO - Setting next_dagrun for dataset_produces_1 to 2024-12-20 00:00:00+00:00, run_after=2024-12-21 00:00:00+00:00
[2024-12-21T18:42:16.712+0600] {logging_mixin.py:190} INFO - [2024-12-21T18:42:16.712+0600] {dag.py:4180} INFO - Setting next_dagrun for dataset_produces_2 to None, run_after=None
[2024-12-21T18:42:16.772+0600] {processor.py:208} INFO - Processing /home/abr/.local/lib/python3.10/site-packages/airflow/example_dags/example_datasets.py took 1.106 seconds
[2024-12-21T18:43:38.273+0600] {processor.py:186} INFO - Started process (PID=6131) to work on /home/abr/.local/lib/python3.10/site-packages/airflow/example_dags/example_datasets.py
[2024-12-21T18:43:38.275+0600] {processor.py:914} INFO - Processing file /home/abr/.local/lib/python3.10/site-packages/airflow/example_dags/example_datasets.py for tasks to queue
[2024-12-21T18:43:38.278+0600] {logging_mixin.py:190} INFO - [2024-12-21T18:43:38.278+0600] {dagbag.py:588} INFO - Filling up the DagBag from /home/abr/.local/lib/python3.10/site-packages/airflow/example_dags/example_datasets.py
[2024-12-21T18:43:38.305+0600] {processor.py:925} INFO - DAG(s) 'consume_1_or_2_with_dataset_expressions', 'dataset_produces_1', 'dataset_consumes_1_never_scheduled', 'consume_1_or_both_2_and_3_with_dataset_expressions', 'dataset_consumes_unknown_never_scheduled', 'conditional_dataset_and_time_based_timetable', 'dataset_consumes_1', 'consume_1_and_2_with_dataset_expressions', 'dataset_produces_2', 'dataset_consumes_1_and_2' retrieved from /home/abr/.local/lib/python3.10/site-packages/airflow/example_dags/example_datasets.py
[2024-12-21T18:43:38.365+0600] {logging_mixin.py:190} INFO - [2024-12-21T18:43:38.365+0600] {dag.py:3239} INFO - Sync 10 DAGs
[2024-12-21T18:43:38.402+0600] {logging_mixin.py:190} INFO - [2024-12-21T18:43:38.402+0600] {dag.py:4180} INFO - Setting next_dagrun for conditional_dataset_and_time_based_timetable to 2024-12-18 01:00:00+00:00, run_after=2024-12-18 01:00:00+00:00
[2024-12-21T18:43:38.407+0600] {logging_mixin.py:190} INFO - [2024-12-21T18:43:38.407+0600] {dag.py:4180} INFO - Setting next_dagrun for consume_1_and_2_with_dataset_expressions to None, run_after=None
[2024-12-21T18:43:38.409+0600] {logging_mixin.py:190} INFO - [2024-12-21T18:43:38.409+0600] {dag.py:4180} INFO - Setting next_dagrun for consume_1_or_2_with_dataset_expressions to None, run_after=None
[2024-12-21T18:43:38.410+0600] {logging_mixin.py:190} INFO - [2024-12-21T18:43:38.410+0600] {dag.py:4180} INFO - Setting next_dagrun for consume_1_or_both_2_and_3_with_dataset_expressions to None, run_after=None
[2024-12-21T18:43:38.412+0600] {logging_mixin.py:190} INFO - [2024-12-21T18:43:38.412+0600] {dag.py:4180} INFO - Setting next_dagrun for dataset_consumes_1 to None, run_after=None
[2024-12-21T18:43:38.413+0600] {logging_mixin.py:190} INFO - [2024-12-21T18:43:38.413+0600] {dag.py:4180} INFO - Setting next_dagrun for dataset_consumes_1_and_2 to None, run_after=None
[2024-12-21T18:43:38.415+0600] {logging_mixin.py:190} INFO - [2024-12-21T18:43:38.415+0600] {dag.py:4180} INFO - Setting next_dagrun for dataset_consumes_1_never_scheduled to None, run_after=None
[2024-12-21T18:43:38.416+0600] {logging_mixin.py:190} INFO - [2024-12-21T18:43:38.416+0600] {dag.py:4180} INFO - Setting next_dagrun for dataset_consumes_unknown_never_scheduled to None, run_after=None
[2024-12-21T18:43:38.420+0600] {logging_mixin.py:190} INFO - [2024-12-21T18:43:38.420+0600] {dag.py:4180} INFO - Setting next_dagrun for dataset_produces_1 to 2024-12-20 00:00:00+00:00, run_after=2024-12-21 00:00:00+00:00
[2024-12-21T18:43:38.422+0600] {logging_mixin.py:190} INFO - [2024-12-21T18:43:38.421+0600] {dag.py:4180} INFO - Setting next_dagrun for dataset_produces_2 to None, run_after=None
[2024-12-21T18:43:38.473+0600] {processor.py:208} INFO - Processing /home/abr/.local/lib/python3.10/site-packages/airflow/example_dags/example_datasets.py took 0.210 seconds
[2024-12-21T18:44:51.188+0600] {processor.py:186} INFO - Started process (PID=6263) to work on /home/abr/.local/lib/python3.10/site-packages/airflow/example_dags/example_datasets.py
[2024-12-21T18:44:51.194+0600] {processor.py:914} INFO - Processing file /home/abr/.local/lib/python3.10/site-packages/airflow/example_dags/example_datasets.py for tasks to queue
[2024-12-21T18:44:51.197+0600] {logging_mixin.py:190} INFO - [2024-12-21T18:44:51.197+0600] {dagbag.py:588} INFO - Filling up the DagBag from /home/abr/.local/lib/python3.10/site-packages/airflow/example_dags/example_datasets.py
[2024-12-21T18:44:51.223+0600] {processor.py:925} INFO - DAG(s) 'dataset_consumes_1_never_scheduled', 'dataset_consumes_1', 'consume_1_or_2_with_dataset_expressions', 'dataset_produces_1', 'conditional_dataset_and_time_based_timetable', 'dataset_produces_2', 'dataset_consumes_unknown_never_scheduled', 'consume_1_or_both_2_and_3_with_dataset_expressions', 'consume_1_and_2_with_dataset_expressions', 'dataset_consumes_1_and_2' retrieved from /home/abr/.local/lib/python3.10/site-packages/airflow/example_dags/example_datasets.py
[2024-12-21T18:44:51.278+0600] {logging_mixin.py:190} INFO - [2024-12-21T18:44:51.278+0600] {dag.py:3239} INFO - Sync 10 DAGs
[2024-12-21T18:44:51.314+0600] {logging_mixin.py:190} INFO - [2024-12-21T18:44:51.313+0600] {dag.py:4180} INFO - Setting next_dagrun for conditional_dataset_and_time_based_timetable to 2024-12-18 01:00:00+00:00, run_after=2024-12-18 01:00:00+00:00
[2024-12-21T18:44:51.319+0600] {logging_mixin.py:190} INFO - [2024-12-21T18:44:51.318+0600] {dag.py:4180} INFO - Setting next_dagrun for consume_1_and_2_with_dataset_expressions to None, run_after=None
[2024-12-21T18:44:51.320+0600] {logging_mixin.py:190} INFO - [2024-12-21T18:44:51.320+0600] {dag.py:4180} INFO - Setting next_dagrun for consume_1_or_2_with_dataset_expressions to None, run_after=None
[2024-12-21T18:44:51.321+0600] {logging_mixin.py:190} INFO - [2024-12-21T18:44:51.321+0600] {dag.py:4180} INFO - Setting next_dagrun for consume_1_or_both_2_and_3_with_dataset_expressions to None, run_after=None
[2024-12-21T18:44:51.323+0600] {logging_mixin.py:190} INFO - [2024-12-21T18:44:51.323+0600] {dag.py:4180} INFO - Setting next_dagrun for dataset_consumes_1 to None, run_after=None
[2024-12-21T18:44:51.324+0600] {logging_mixin.py:190} INFO - [2024-12-21T18:44:51.324+0600] {dag.py:4180} INFO - Setting next_dagrun for dataset_consumes_1_and_2 to None, run_after=None
[2024-12-21T18:44:51.325+0600] {logging_mixin.py:190} INFO - [2024-12-21T18:44:51.325+0600] {dag.py:4180} INFO - Setting next_dagrun for dataset_consumes_1_never_scheduled to None, run_after=None
[2024-12-21T18:44:51.327+0600] {logging_mixin.py:190} INFO - [2024-12-21T18:44:51.326+0600] {dag.py:4180} INFO - Setting next_dagrun for dataset_consumes_unknown_never_scheduled to None, run_after=None
[2024-12-21T18:44:51.330+0600] {logging_mixin.py:190} INFO - [2024-12-21T18:44:51.330+0600] {dag.py:4180} INFO - Setting next_dagrun for dataset_produces_1 to 2024-12-20 00:00:00+00:00, run_after=2024-12-21 00:00:00+00:00
[2024-12-21T18:44:51.332+0600] {logging_mixin.py:190} INFO - [2024-12-21T18:44:51.331+0600] {dag.py:4180} INFO - Setting next_dagrun for dataset_produces_2 to None, run_after=None
[2024-12-21T18:44:51.382+0600] {processor.py:208} INFO - Processing /home/abr/.local/lib/python3.10/site-packages/airflow/example_dags/example_datasets.py took 0.203 seconds
[2024-12-21T18:45:55.453+0600] {processor.py:186} INFO - Started process (PID=6387) to work on /home/abr/.local/lib/python3.10/site-packages/airflow/example_dags/example_datasets.py
[2024-12-21T18:45:55.455+0600] {processor.py:914} INFO - Processing file /home/abr/.local/lib/python3.10/site-packages/airflow/example_dags/example_datasets.py for tasks to queue
[2024-12-21T18:45:55.458+0600] {logging_mixin.py:190} INFO - [2024-12-21T18:45:55.458+0600] {dagbag.py:588} INFO - Filling up the DagBag from /home/abr/.local/lib/python3.10/site-packages/airflow/example_dags/example_datasets.py
[2024-12-21T18:45:55.485+0600] {processor.py:925} INFO - DAG(s) 'dataset_consumes_1_and_2', 'dataset_consumes_1', 'consume_1_or_2_with_dataset_expressions', 'dataset_consumes_unknown_never_scheduled', 'dataset_consumes_1_never_scheduled', 'dataset_produces_2', 'conditional_dataset_and_time_based_timetable', 'consume_1_and_2_with_dataset_expressions', 'dataset_produces_1', 'consume_1_or_both_2_and_3_with_dataset_expressions' retrieved from /home/abr/.local/lib/python3.10/site-packages/airflow/example_dags/example_datasets.py
[2024-12-21T18:45:55.545+0600] {logging_mixin.py:190} INFO - [2024-12-21T18:45:55.544+0600] {dag.py:3239} INFO - Sync 10 DAGs
[2024-12-21T18:45:55.582+0600] {logging_mixin.py:190} INFO - [2024-12-21T18:45:55.582+0600] {dag.py:4180} INFO - Setting next_dagrun for conditional_dataset_and_time_based_timetable to 2024-12-18 01:00:00+00:00, run_after=2024-12-18 01:00:00+00:00
[2024-12-21T18:45:55.588+0600] {logging_mixin.py:190} INFO - [2024-12-21T18:45:55.587+0600] {dag.py:4180} INFO - Setting next_dagrun for consume_1_and_2_with_dataset_expressions to None, run_after=None
[2024-12-21T18:45:55.589+0600] {logging_mixin.py:190} INFO - [2024-12-21T18:45:55.589+0600] {dag.py:4180} INFO - Setting next_dagrun for consume_1_or_2_with_dataset_expressions to None, run_after=None
[2024-12-21T18:45:55.591+0600] {logging_mixin.py:190} INFO - [2024-12-21T18:45:55.591+0600] {dag.py:4180} INFO - Setting next_dagrun for consume_1_or_both_2_and_3_with_dataset_expressions to None, run_after=None
[2024-12-21T18:45:55.592+0600] {logging_mixin.py:190} INFO - [2024-12-21T18:45:55.592+0600] {dag.py:4180} INFO - Setting next_dagrun for dataset_consumes_1 to None, run_after=None
[2024-12-21T18:45:55.594+0600] {logging_mixin.py:190} INFO - [2024-12-21T18:45:55.594+0600] {dag.py:4180} INFO - Setting next_dagrun for dataset_consumes_1_and_2 to None, run_after=None
[2024-12-21T18:45:55.596+0600] {logging_mixin.py:190} INFO - [2024-12-21T18:45:55.595+0600] {dag.py:4180} INFO - Setting next_dagrun for dataset_consumes_1_never_scheduled to None, run_after=None
[2024-12-21T18:45:55.597+0600] {logging_mixin.py:190} INFO - [2024-12-21T18:45:55.597+0600] {dag.py:4180} INFO - Setting next_dagrun for dataset_consumes_unknown_never_scheduled to None, run_after=None
[2024-12-21T18:45:55.601+0600] {logging_mixin.py:190} INFO - [2024-12-21T18:45:55.601+0600] {dag.py:4180} INFO - Setting next_dagrun for dataset_produces_1 to 2024-12-20 00:00:00+00:00, run_after=2024-12-21 00:00:00+00:00
[2024-12-21T18:45:55.603+0600] {logging_mixin.py:190} INFO - [2024-12-21T18:45:55.603+0600] {dag.py:4180} INFO - Setting next_dagrun for dataset_produces_2 to None, run_after=None
[2024-12-21T18:45:55.655+0600] {processor.py:208} INFO - Processing /home/abr/.local/lib/python3.10/site-packages/airflow/example_dags/example_datasets.py took 0.212 seconds
[2024-12-21T18:46:59.028+0600] {processor.py:186} INFO - Started process (PID=6531) to work on /home/abr/.local/lib/python3.10/site-packages/airflow/example_dags/example_datasets.py
[2024-12-21T18:46:59.034+0600] {processor.py:914} INFO - Processing file /home/abr/.local/lib/python3.10/site-packages/airflow/example_dags/example_datasets.py for tasks to queue
[2024-12-21T18:46:59.038+0600] {logging_mixin.py:190} INFO - [2024-12-21T18:46:59.037+0600] {dagbag.py:588} INFO - Filling up the DagBag from /home/abr/.local/lib/python3.10/site-packages/airflow/example_dags/example_datasets.py
[2024-12-21T18:46:59.063+0600] {processor.py:925} INFO - DAG(s) 'consume_1_and_2_with_dataset_expressions', 'dataset_consumes_1_and_2', 'dataset_produces_1', 'dataset_consumes_unknown_never_scheduled', 'dataset_produces_2', 'dataset_consumes_1', 'conditional_dataset_and_time_based_timetable', 'dataset_consumes_1_never_scheduled', 'consume_1_or_2_with_dataset_expressions', 'consume_1_or_both_2_and_3_with_dataset_expressions' retrieved from /home/abr/.local/lib/python3.10/site-packages/airflow/example_dags/example_datasets.py
[2024-12-21T18:46:59.119+0600] {logging_mixin.py:190} INFO - [2024-12-21T18:46:59.119+0600] {dag.py:3239} INFO - Sync 10 DAGs
[2024-12-21T18:46:59.154+0600] {logging_mixin.py:190} INFO - [2024-12-21T18:46:59.154+0600] {dag.py:4180} INFO - Setting next_dagrun for conditional_dataset_and_time_based_timetable to 2024-12-18 01:00:00+00:00, run_after=2024-12-18 01:00:00+00:00
[2024-12-21T18:46:59.160+0600] {logging_mixin.py:190} INFO - [2024-12-21T18:46:59.159+0600] {dag.py:4180} INFO - Setting next_dagrun for consume_1_and_2_with_dataset_expressions to None, run_after=None
[2024-12-21T18:46:59.161+0600] {logging_mixin.py:190} INFO - [2024-12-21T18:46:59.161+0600] {dag.py:4180} INFO - Setting next_dagrun for consume_1_or_2_with_dataset_expressions to None, run_after=None
[2024-12-21T18:46:59.163+0600] {logging_mixin.py:190} INFO - [2024-12-21T18:46:59.163+0600] {dag.py:4180} INFO - Setting next_dagrun for consume_1_or_both_2_and_3_with_dataset_expressions to None, run_after=None
[2024-12-21T18:46:59.164+0600] {logging_mixin.py:190} INFO - [2024-12-21T18:46:59.164+0600] {dag.py:4180} INFO - Setting next_dagrun for dataset_consumes_1 to None, run_after=None
[2024-12-21T18:46:59.165+0600] {logging_mixin.py:190} INFO - [2024-12-21T18:46:59.165+0600] {dag.py:4180} INFO - Setting next_dagrun for dataset_consumes_1_and_2 to None, run_after=None
[2024-12-21T18:46:59.167+0600] {logging_mixin.py:190} INFO - [2024-12-21T18:46:59.167+0600] {dag.py:4180} INFO - Setting next_dagrun for dataset_consumes_1_never_scheduled to None, run_after=None
[2024-12-21T18:46:59.168+0600] {logging_mixin.py:190} INFO - [2024-12-21T18:46:59.168+0600] {dag.py:4180} INFO - Setting next_dagrun for dataset_consumes_unknown_never_scheduled to None, run_after=None
[2024-12-21T18:46:59.172+0600] {logging_mixin.py:190} INFO - [2024-12-21T18:46:59.172+0600] {dag.py:4180} INFO - Setting next_dagrun for dataset_produces_1 to 2024-12-20 00:00:00+00:00, run_after=2024-12-21 00:00:00+00:00
[2024-12-21T18:46:59.174+0600] {logging_mixin.py:190} INFO - [2024-12-21T18:46:59.173+0600] {dag.py:4180} INFO - Setting next_dagrun for dataset_produces_2 to None, run_after=None
[2024-12-21T18:46:59.224+0600] {processor.py:208} INFO - Processing /home/abr/.local/lib/python3.10/site-packages/airflow/example_dags/example_datasets.py took 0.206 seconds
[2024-12-21T18:48:05.521+0600] {processor.py:186} INFO - Started process (PID=6614) to work on /home/abr/.local/lib/python3.10/site-packages/airflow/example_dags/example_datasets.py
[2024-12-21T18:48:05.528+0600] {processor.py:914} INFO - Processing file /home/abr/.local/lib/python3.10/site-packages/airflow/example_dags/example_datasets.py for tasks to queue
[2024-12-21T18:48:05.531+0600] {logging_mixin.py:190} INFO - [2024-12-21T18:48:05.531+0600] {dagbag.py:588} INFO - Filling up the DagBag from /home/abr/.local/lib/python3.10/site-packages/airflow/example_dags/example_datasets.py
[2024-12-21T18:48:05.557+0600] {processor.py:925} INFO - DAG(s) 'dataset_produces_1', 'dataset_consumes_1_and_2', 'dataset_produces_2', 'dataset_consumes_unknown_never_scheduled', 'conditional_dataset_and_time_based_timetable', 'consume_1_and_2_with_dataset_expressions', 'dataset_consumes_1_never_scheduled', 'consume_1_or_both_2_and_3_with_dataset_expressions', 'dataset_consumes_1', 'consume_1_or_2_with_dataset_expressions' retrieved from /home/abr/.local/lib/python3.10/site-packages/airflow/example_dags/example_datasets.py
[2024-12-21T18:48:05.616+0600] {logging_mixin.py:190} INFO - [2024-12-21T18:48:05.616+0600] {dag.py:3239} INFO - Sync 10 DAGs
[2024-12-21T18:48:05.651+0600] {logging_mixin.py:190} INFO - [2024-12-21T18:48:05.651+0600] {dag.py:4180} INFO - Setting next_dagrun for conditional_dataset_and_time_based_timetable to 2024-12-18 01:00:00+00:00, run_after=2024-12-18 01:00:00+00:00
[2024-12-21T18:48:05.657+0600] {logging_mixin.py:190} INFO - [2024-12-21T18:48:05.657+0600] {dag.py:4180} INFO - Setting next_dagrun for consume_1_and_2_with_dataset_expressions to None, run_after=None
[2024-12-21T18:48:05.659+0600] {logging_mixin.py:190} INFO - [2024-12-21T18:48:05.658+0600] {dag.py:4180} INFO - Setting next_dagrun for consume_1_or_2_with_dataset_expressions to None, run_after=None
[2024-12-21T18:48:05.660+0600] {logging_mixin.py:190} INFO - [2024-12-21T18:48:05.660+0600] {dag.py:4180} INFO - Setting next_dagrun for consume_1_or_both_2_and_3_with_dataset_expressions to None, run_after=None
[2024-12-21T18:48:05.662+0600] {logging_mixin.py:190} INFO - [2024-12-21T18:48:05.661+0600] {dag.py:4180} INFO - Setting next_dagrun for dataset_consumes_1 to None, run_after=None
[2024-12-21T18:48:05.663+0600] {logging_mixin.py:190} INFO - [2024-12-21T18:48:05.663+0600] {dag.py:4180} INFO - Setting next_dagrun for dataset_consumes_1_and_2 to None, run_after=None
[2024-12-21T18:48:05.664+0600] {logging_mixin.py:190} INFO - [2024-12-21T18:48:05.664+0600] {dag.py:4180} INFO - Setting next_dagrun for dataset_consumes_1_never_scheduled to None, run_after=None
[2024-12-21T18:48:05.666+0600] {logging_mixin.py:190} INFO - [2024-12-21T18:48:05.666+0600] {dag.py:4180} INFO - Setting next_dagrun for dataset_consumes_unknown_never_scheduled to None, run_after=None
[2024-12-21T18:48:05.670+0600] {logging_mixin.py:190} INFO - [2024-12-21T18:48:05.669+0600] {dag.py:4180} INFO - Setting next_dagrun for dataset_produces_1 to 2024-12-20 00:00:00+00:00, run_after=2024-12-21 00:00:00+00:00
[2024-12-21T18:48:05.671+0600] {logging_mixin.py:190} INFO - [2024-12-21T18:48:05.671+0600] {dag.py:4180} INFO - Setting next_dagrun for dataset_produces_2 to None, run_after=None
[2024-12-21T18:48:05.726+0600] {processor.py:208} INFO - Processing /home/abr/.local/lib/python3.10/site-packages/airflow/example_dags/example_datasets.py took 0.215 seconds
[2024-12-21T18:49:08.387+0600] {processor.py:186} INFO - Started process (PID=6698) to work on /home/abr/.local/lib/python3.10/site-packages/airflow/example_dags/example_datasets.py
[2024-12-21T18:49:08.394+0600] {processor.py:914} INFO - Processing file /home/abr/.local/lib/python3.10/site-packages/airflow/example_dags/example_datasets.py for tasks to queue
[2024-12-21T18:49:08.397+0600] {logging_mixin.py:190} INFO - [2024-12-21T18:49:08.396+0600] {dagbag.py:588} INFO - Filling up the DagBag from /home/abr/.local/lib/python3.10/site-packages/airflow/example_dags/example_datasets.py
[2024-12-21T18:49:08.423+0600] {processor.py:925} INFO - DAG(s) 'conditional_dataset_and_time_based_timetable', 'dataset_consumes_1', 'dataset_consumes_unknown_never_scheduled', 'dataset_consumes_1_and_2', 'consume_1_or_both_2_and_3_with_dataset_expressions', 'dataset_produces_2', 'consume_1_and_2_with_dataset_expressions', 'consume_1_or_2_with_dataset_expressions', 'dataset_produces_1', 'dataset_consumes_1_never_scheduled' retrieved from /home/abr/.local/lib/python3.10/site-packages/airflow/example_dags/example_datasets.py
[2024-12-21T18:49:08.481+0600] {logging_mixin.py:190} INFO - [2024-12-21T18:49:08.481+0600] {dag.py:3239} INFO - Sync 10 DAGs
[2024-12-21T18:49:08.518+0600] {logging_mixin.py:190} INFO - [2024-12-21T18:49:08.518+0600] {dag.py:4180} INFO - Setting next_dagrun for conditional_dataset_and_time_based_timetable to 2024-12-18 01:00:00+00:00, run_after=2024-12-18 01:00:00+00:00
[2024-12-21T18:49:08.524+0600] {logging_mixin.py:190} INFO - [2024-12-21T18:49:08.523+0600] {dag.py:4180} INFO - Setting next_dagrun for consume_1_and_2_with_dataset_expressions to None, run_after=None
[2024-12-21T18:49:08.525+0600] {logging_mixin.py:190} INFO - [2024-12-21T18:49:08.525+0600] {dag.py:4180} INFO - Setting next_dagrun for consume_1_or_2_with_dataset_expressions to None, run_after=None
[2024-12-21T18:49:08.527+0600] {logging_mixin.py:190} INFO - [2024-12-21T18:49:08.527+0600] {dag.py:4180} INFO - Setting next_dagrun for consume_1_or_both_2_and_3_with_dataset_expressions to None, run_after=None
[2024-12-21T18:49:08.528+0600] {logging_mixin.py:190} INFO - [2024-12-21T18:49:08.528+0600] {dag.py:4180} INFO - Setting next_dagrun for dataset_consumes_1 to None, run_after=None
[2024-12-21T18:49:08.530+0600] {logging_mixin.py:190} INFO - [2024-12-21T18:49:08.530+0600] {dag.py:4180} INFO - Setting next_dagrun for dataset_consumes_1_and_2 to None, run_after=None
[2024-12-21T18:49:08.532+0600] {logging_mixin.py:190} INFO - [2024-12-21T18:49:08.531+0600] {dag.py:4180} INFO - Setting next_dagrun for dataset_consumes_1_never_scheduled to None, run_after=None
[2024-12-21T18:49:08.533+0600] {logging_mixin.py:190} INFO - [2024-12-21T18:49:08.533+0600] {dag.py:4180} INFO - Setting next_dagrun for dataset_consumes_unknown_never_scheduled to None, run_after=None
[2024-12-21T18:49:08.537+0600] {logging_mixin.py:190} INFO - [2024-12-21T18:49:08.537+0600] {dag.py:4180} INFO - Setting next_dagrun for dataset_produces_1 to 2024-12-20 00:00:00+00:00, run_after=2024-12-21 00:00:00+00:00
[2024-12-21T18:49:08.538+0600] {logging_mixin.py:190} INFO - [2024-12-21T18:49:08.538+0600] {dag.py:4180} INFO - Setting next_dagrun for dataset_produces_2 to None, run_after=None
[2024-12-21T18:49:08.590+0600] {processor.py:208} INFO - Processing /home/abr/.local/lib/python3.10/site-packages/airflow/example_dags/example_datasets.py took 0.213 seconds
[2024-12-21T18:50:10.897+0600] {processor.py:186} INFO - Started process (PID=6816) to work on /home/abr/.local/lib/python3.10/site-packages/airflow/example_dags/example_datasets.py
[2024-12-21T18:50:10.904+0600] {processor.py:914} INFO - Processing file /home/abr/.local/lib/python3.10/site-packages/airflow/example_dags/example_datasets.py for tasks to queue
[2024-12-21T18:50:10.907+0600] {logging_mixin.py:190} INFO - [2024-12-21T18:50:10.906+0600] {dagbag.py:588} INFO - Filling up the DagBag from /home/abr/.local/lib/python3.10/site-packages/airflow/example_dags/example_datasets.py
[2024-12-21T18:50:10.933+0600] {processor.py:925} INFO - DAG(s) 'dataset_produces_1', 'consume_1_or_2_with_dataset_expressions', 'dataset_consumes_unknown_never_scheduled', 'consume_1_and_2_with_dataset_expressions', 'dataset_consumes_1_never_scheduled', 'dataset_consumes_1_and_2', 'conditional_dataset_and_time_based_timetable', 'dataset_produces_2', 'dataset_consumes_1', 'consume_1_or_both_2_and_3_with_dataset_expressions' retrieved from /home/abr/.local/lib/python3.10/site-packages/airflow/example_dags/example_datasets.py
[2024-12-21T18:50:10.990+0600] {logging_mixin.py:190} INFO - [2024-12-21T18:50:10.990+0600] {dag.py:3239} INFO - Sync 10 DAGs
[2024-12-21T18:50:11.027+0600] {logging_mixin.py:190} INFO - [2024-12-21T18:50:11.027+0600] {dag.py:4180} INFO - Setting next_dagrun for conditional_dataset_and_time_based_timetable to 2024-12-18 01:00:00+00:00, run_after=2024-12-18 01:00:00+00:00
[2024-12-21T18:50:11.033+0600] {logging_mixin.py:190} INFO - [2024-12-21T18:50:11.032+0600] {dag.py:4180} INFO - Setting next_dagrun for consume_1_and_2_with_dataset_expressions to None, run_after=None
[2024-12-21T18:50:11.034+0600] {logging_mixin.py:190} INFO - [2024-12-21T18:50:11.034+0600] {dag.py:4180} INFO - Setting next_dagrun for consume_1_or_2_with_dataset_expressions to None, run_after=None
[2024-12-21T18:50:11.036+0600] {logging_mixin.py:190} INFO - [2024-12-21T18:50:11.036+0600] {dag.py:4180} INFO - Setting next_dagrun for consume_1_or_both_2_and_3_with_dataset_expressions to None, run_after=None
[2024-12-21T18:50:11.037+0600] {logging_mixin.py:190} INFO - [2024-12-21T18:50:11.037+0600] {dag.py:4180} INFO - Setting next_dagrun for dataset_consumes_1 to None, run_after=None
[2024-12-21T18:50:11.039+0600] {logging_mixin.py:190} INFO - [2024-12-21T18:50:11.039+0600] {dag.py:4180} INFO - Setting next_dagrun for dataset_consumes_1_and_2 to None, run_after=None
[2024-12-21T18:50:11.041+0600] {logging_mixin.py:190} INFO - [2024-12-21T18:50:11.040+0600] {dag.py:4180} INFO - Setting next_dagrun for dataset_consumes_1_never_scheduled to None, run_after=None
[2024-12-21T18:50:11.042+0600] {logging_mixin.py:190} INFO - [2024-12-21T18:50:11.042+0600] {dag.py:4180} INFO - Setting next_dagrun for dataset_consumes_unknown_never_scheduled to None, run_after=None
[2024-12-21T18:50:11.045+0600] {logging_mixin.py:190} INFO - [2024-12-21T18:50:11.045+0600] {dag.py:4180} INFO - Setting next_dagrun for dataset_produces_1 to 2024-12-20 00:00:00+00:00, run_after=2024-12-21 00:00:00+00:00
[2024-12-21T18:50:11.047+0600] {logging_mixin.py:190} INFO - [2024-12-21T18:50:11.046+0600] {dag.py:4180} INFO - Setting next_dagrun for dataset_produces_2 to None, run_after=None
[2024-12-21T18:50:11.097+0600] {processor.py:208} INFO - Processing /home/abr/.local/lib/python3.10/site-packages/airflow/example_dags/example_datasets.py took 0.210 seconds
[2024-12-21T18:51:13.663+0600] {processor.py:186} INFO - Started process (PID=6920) to work on /home/abr/.local/lib/python3.10/site-packages/airflow/example_dags/example_datasets.py
[2024-12-21T18:51:13.670+0600] {processor.py:914} INFO - Processing file /home/abr/.local/lib/python3.10/site-packages/airflow/example_dags/example_datasets.py for tasks to queue
[2024-12-21T18:51:13.673+0600] {logging_mixin.py:190} INFO - [2024-12-21T18:51:13.672+0600] {dagbag.py:588} INFO - Filling up the DagBag from /home/abr/.local/lib/python3.10/site-packages/airflow/example_dags/example_datasets.py
[2024-12-21T18:51:13.699+0600] {processor.py:925} INFO - DAG(s) 'dataset_consumes_1', 'consume_1_and_2_with_dataset_expressions', 'dataset_consumes_1_never_scheduled', 'dataset_consumes_unknown_never_scheduled', 'consume_1_or_both_2_and_3_with_dataset_expressions', 'dataset_consumes_1_and_2', 'consume_1_or_2_with_dataset_expressions', 'dataset_produces_1', 'dataset_produces_2', 'conditional_dataset_and_time_based_timetable' retrieved from /home/abr/.local/lib/python3.10/site-packages/airflow/example_dags/example_datasets.py
[2024-12-21T18:51:13.755+0600] {logging_mixin.py:190} INFO - [2024-12-21T18:51:13.755+0600] {dag.py:3239} INFO - Sync 10 DAGs
[2024-12-21T18:51:13.793+0600] {logging_mixin.py:190} INFO - [2024-12-21T18:51:13.793+0600] {dag.py:4180} INFO - Setting next_dagrun for conditional_dataset_and_time_based_timetable to 2024-12-18 01:00:00+00:00, run_after=2024-12-18 01:00:00+00:00
[2024-12-21T18:51:13.798+0600] {logging_mixin.py:190} INFO - [2024-12-21T18:51:13.798+0600] {dag.py:4180} INFO - Setting next_dagrun for consume_1_and_2_with_dataset_expressions to None, run_after=None
[2024-12-21T18:51:13.800+0600] {logging_mixin.py:190} INFO - [2024-12-21T18:51:13.800+0600] {dag.py:4180} INFO - Setting next_dagrun for consume_1_or_2_with_dataset_expressions to None, run_after=None
[2024-12-21T18:51:13.801+0600] {logging_mixin.py:190} INFO - [2024-12-21T18:51:13.801+0600] {dag.py:4180} INFO - Setting next_dagrun for consume_1_or_both_2_and_3_with_dataset_expressions to None, run_after=None
[2024-12-21T18:51:13.803+0600] {logging_mixin.py:190} INFO - [2024-12-21T18:51:13.802+0600] {dag.py:4180} INFO - Setting next_dagrun for dataset_consumes_1 to None, run_after=None
[2024-12-21T18:51:13.804+0600] {logging_mixin.py:190} INFO - [2024-12-21T18:51:13.804+0600] {dag.py:4180} INFO - Setting next_dagrun for dataset_consumes_1_and_2 to None, run_after=None
[2024-12-21T18:51:13.805+0600] {logging_mixin.py:190} INFO - [2024-12-21T18:51:13.805+0600] {dag.py:4180} INFO - Setting next_dagrun for dataset_consumes_1_never_scheduled to None, run_after=None
[2024-12-21T18:51:13.807+0600] {logging_mixin.py:190} INFO - [2024-12-21T18:51:13.807+0600] {dag.py:4180} INFO - Setting next_dagrun for dataset_consumes_unknown_never_scheduled to None, run_after=None
[2024-12-21T18:51:13.811+0600] {logging_mixin.py:190} INFO - [2024-12-21T18:51:13.810+0600] {dag.py:4180} INFO - Setting next_dagrun for dataset_produces_1 to 2024-12-20 00:00:00+00:00, run_after=2024-12-21 00:00:00+00:00
[2024-12-21T18:51:13.812+0600] {logging_mixin.py:190} INFO - [2024-12-21T18:51:13.812+0600] {dag.py:4180} INFO - Setting next_dagrun for dataset_produces_2 to None, run_after=None
[2024-12-21T18:51:13.859+0600] {processor.py:208} INFO - Processing /home/abr/.local/lib/python3.10/site-packages/airflow/example_dags/example_datasets.py took 0.205 seconds
[2024-12-21T18:52:16.089+0600] {processor.py:186} INFO - Started process (PID=7018) to work on /home/abr/.local/lib/python3.10/site-packages/airflow/example_dags/example_datasets.py
[2024-12-21T18:52:16.096+0600] {processor.py:914} INFO - Processing file /home/abr/.local/lib/python3.10/site-packages/airflow/example_dags/example_datasets.py for tasks to queue
[2024-12-21T18:52:16.099+0600] {logging_mixin.py:190} INFO - [2024-12-21T18:52:16.098+0600] {dagbag.py:588} INFO - Filling up the DagBag from /home/abr/.local/lib/python3.10/site-packages/airflow/example_dags/example_datasets.py
[2024-12-21T18:52:16.125+0600] {processor.py:925} INFO - DAG(s) 'dataset_produces_2', 'dataset_consumes_1', 'consume_1_and_2_with_dataset_expressions', 'conditional_dataset_and_time_based_timetable', 'dataset_consumes_1_never_scheduled', 'dataset_consumes_1_and_2', 'consume_1_or_2_with_dataset_expressions', 'consume_1_or_both_2_and_3_with_dataset_expressions', 'dataset_consumes_unknown_never_scheduled', 'dataset_produces_1' retrieved from /home/abr/.local/lib/python3.10/site-packages/airflow/example_dags/example_datasets.py
[2024-12-21T18:52:16.183+0600] {logging_mixin.py:190} INFO - [2024-12-21T18:52:16.183+0600] {dag.py:3239} INFO - Sync 10 DAGs
[2024-12-21T18:52:16.221+0600] {logging_mixin.py:190} INFO - [2024-12-21T18:52:16.221+0600] {dag.py:4180} INFO - Setting next_dagrun for conditional_dataset_and_time_based_timetable to 2024-12-18 01:00:00+00:00, run_after=2024-12-18 01:00:00+00:00
[2024-12-21T18:52:16.226+0600] {logging_mixin.py:190} INFO - [2024-12-21T18:52:16.226+0600] {dag.py:4180} INFO - Setting next_dagrun for consume_1_and_2_with_dataset_expressions to None, run_after=None
[2024-12-21T18:52:16.228+0600] {logging_mixin.py:190} INFO - [2024-12-21T18:52:16.227+0600] {dag.py:4180} INFO - Setting next_dagrun for consume_1_or_2_with_dataset_expressions to None, run_after=None
[2024-12-21T18:52:16.229+0600] {logging_mixin.py:190} INFO - [2024-12-21T18:52:16.229+0600] {dag.py:4180} INFO - Setting next_dagrun for consume_1_or_both_2_and_3_with_dataset_expressions to None, run_after=None
[2024-12-21T18:52:16.231+0600] {logging_mixin.py:190} INFO - [2024-12-21T18:52:16.231+0600] {dag.py:4180} INFO - Setting next_dagrun for dataset_consumes_1 to None, run_after=None
[2024-12-21T18:52:16.232+0600] {logging_mixin.py:190} INFO - [2024-12-21T18:52:16.232+0600] {dag.py:4180} INFO - Setting next_dagrun for dataset_consumes_1_and_2 to None, run_after=None
[2024-12-21T18:52:16.234+0600] {logging_mixin.py:190} INFO - [2024-12-21T18:52:16.234+0600] {dag.py:4180} INFO - Setting next_dagrun for dataset_consumes_1_never_scheduled to None, run_after=None
[2024-12-21T18:52:16.235+0600] {logging_mixin.py:190} INFO - [2024-12-21T18:52:16.235+0600] {dag.py:4180} INFO - Setting next_dagrun for dataset_consumes_unknown_never_scheduled to None, run_after=None
[2024-12-21T18:52:16.239+0600] {logging_mixin.py:190} INFO - [2024-12-21T18:52:16.239+0600] {dag.py:4180} INFO - Setting next_dagrun for dataset_produces_1 to 2024-12-20 00:00:00+00:00, run_after=2024-12-21 00:00:00+00:00
[2024-12-21T18:52:16.241+0600] {logging_mixin.py:190} INFO - [2024-12-21T18:52:16.241+0600] {dag.py:4180} INFO - Setting next_dagrun for dataset_produces_2 to None, run_after=None
[2024-12-21T18:52:16.292+0600] {processor.py:208} INFO - Processing /home/abr/.local/lib/python3.10/site-packages/airflow/example_dags/example_datasets.py took 0.213 seconds
[2024-12-21T18:53:28.553+0600] {processor.py:186} INFO - Started process (PID=7119) to work on /home/abr/.local/lib/python3.10/site-packages/airflow/example_dags/example_datasets.py
[2024-12-21T18:53:28.559+0600] {processor.py:914} INFO - Processing file /home/abr/.local/lib/python3.10/site-packages/airflow/example_dags/example_datasets.py for tasks to queue
[2024-12-21T18:53:28.563+0600] {logging_mixin.py:190} INFO - [2024-12-21T18:53:28.562+0600] {dagbag.py:588} INFO - Filling up the DagBag from /home/abr/.local/lib/python3.10/site-packages/airflow/example_dags/example_datasets.py
[2024-12-21T18:53:28.589+0600] {processor.py:925} INFO - DAG(s) 'conditional_dataset_and_time_based_timetable', 'consume_1_or_both_2_and_3_with_dataset_expressions', 'dataset_consumes_unknown_never_scheduled', 'dataset_consumes_1_never_scheduled', 'dataset_produces_1', 'consume_1_and_2_with_dataset_expressions', 'dataset_consumes_1_and_2', 'dataset_produces_2', 'consume_1_or_2_with_dataset_expressions', 'dataset_consumes_1' retrieved from /home/abr/.local/lib/python3.10/site-packages/airflow/example_dags/example_datasets.py
[2024-12-21T18:53:28.647+0600] {logging_mixin.py:190} INFO - [2024-12-21T18:53:28.646+0600] {dag.py:3239} INFO - Sync 10 DAGs
[2024-12-21T18:53:28.684+0600] {logging_mixin.py:190} INFO - [2024-12-21T18:53:28.683+0600] {dag.py:4180} INFO - Setting next_dagrun for conditional_dataset_and_time_based_timetable to 2024-12-18 01:00:00+00:00, run_after=2024-12-18 01:00:00+00:00
[2024-12-21T18:53:28.689+0600] {logging_mixin.py:190} INFO - [2024-12-21T18:53:28.689+0600] {dag.py:4180} INFO - Setting next_dagrun for consume_1_and_2_with_dataset_expressions to None, run_after=None
[2024-12-21T18:53:28.691+0600] {logging_mixin.py:190} INFO - [2024-12-21T18:53:28.690+0600] {dag.py:4180} INFO - Setting next_dagrun for consume_1_or_2_with_dataset_expressions to None, run_after=None
[2024-12-21T18:53:28.692+0600] {logging_mixin.py:190} INFO - [2024-12-21T18:53:28.692+0600] {dag.py:4180} INFO - Setting next_dagrun for consume_1_or_both_2_and_3_with_dataset_expressions to None, run_after=None
[2024-12-21T18:53:28.694+0600] {logging_mixin.py:190} INFO - [2024-12-21T18:53:28.694+0600] {dag.py:4180} INFO - Setting next_dagrun for dataset_consumes_1 to None, run_after=None
[2024-12-21T18:53:28.696+0600] {logging_mixin.py:190} INFO - [2024-12-21T18:53:28.695+0600] {dag.py:4180} INFO - Setting next_dagrun for dataset_consumes_1_and_2 to None, run_after=None
[2024-12-21T18:53:28.697+0600] {logging_mixin.py:190} INFO - [2024-12-21T18:53:28.697+0600] {dag.py:4180} INFO - Setting next_dagrun for dataset_consumes_1_never_scheduled to None, run_after=None
[2024-12-21T18:53:28.698+0600] {logging_mixin.py:190} INFO - [2024-12-21T18:53:28.698+0600] {dag.py:4180} INFO - Setting next_dagrun for dataset_consumes_unknown_never_scheduled to None, run_after=None
[2024-12-21T18:53:28.702+0600] {logging_mixin.py:190} INFO - [2024-12-21T18:53:28.702+0600] {dag.py:4180} INFO - Setting next_dagrun for dataset_produces_1 to 2024-12-20 00:00:00+00:00, run_after=2024-12-21 00:00:00+00:00
[2024-12-21T18:53:28.704+0600] {logging_mixin.py:190} INFO - [2024-12-21T18:53:28.703+0600] {dag.py:4180} INFO - Setting next_dagrun for dataset_produces_2 to None, run_after=None
[2024-12-21T18:53:28.755+0600] {processor.py:208} INFO - Processing /home/abr/.local/lib/python3.10/site-packages/airflow/example_dags/example_datasets.py took 0.212 seconds
