[2024-12-21T18:42:19.621+0600] {processor.py:186} INFO - Started process (PID=6017) to work on /home/abr/.local/lib/python3.10/site-packages/airflow/example_dags/example_display_name.py
[2024-12-21T18:42:19.623+0600] {processor.py:914} INFO - Processing file /home/abr/.local/lib/python3.10/site-packages/airflow/example_dags/example_display_name.py for tasks to queue
[2024-12-21T18:42:19.626+0600] {logging_mixin.py:190} INFO - [2024-12-21T18:42:19.625+0600] {dagbag.py:588} INFO - Filling up the DagBag from /home/abr/.local/lib/python3.10/site-packages/airflow/example_dags/example_display_name.py
[2024-12-21T18:42:19.638+0600] {processor.py:925} INFO - DAG(s) 'example_display_name' retrieved from /home/abr/.local/lib/python3.10/site-packages/airflow/example_dags/example_display_name.py
[2024-12-21T18:42:19.788+0600] {logging_mixin.py:190} INFO - [2024-12-21T18:42:19.787+0600] {override.py:1911} INFO - Created Permission View: can read on DAG:example_display_name
[2024-12-21T18:42:19.805+0600] {logging_mixin.py:190} INFO - [2024-12-21T18:42:19.804+0600] {override.py:1911} INFO - Created Permission View: can delete on DAG:example_display_name
[2024-12-21T18:42:19.815+0600] {logging_mixin.py:190} INFO - [2024-12-21T18:42:19.815+0600] {override.py:1911} INFO - Created Permission View: can edit on DAG:example_display_name
[2024-12-21T18:42:19.829+0600] {logging_mixin.py:190} INFO - [2024-12-21T18:42:19.828+0600] {override.py:1911} INFO - Created Permission View: can read on DAG Run:example_display_name
[2024-12-21T18:42:19.839+0600] {logging_mixin.py:190} INFO - [2024-12-21T18:42:19.838+0600] {override.py:1911} INFO - Created Permission View: can create on DAG Run:example_display_name
[2024-12-21T18:42:19.849+0600] {logging_mixin.py:190} INFO - [2024-12-21T18:42:19.849+0600] {override.py:1911} INFO - Created Permission View: can delete on DAG Run:example_display_name
[2024-12-21T18:42:19.861+0600] {logging_mixin.py:190} INFO - [2024-12-21T18:42:19.860+0600] {override.py:1911} INFO - Created Permission View: menu access on DAG Run:example_display_name
[2024-12-21T18:42:19.861+0600] {logging_mixin.py:190} INFO - [2024-12-21T18:42:19.861+0600] {dag.py:3239} INFO - Sync 1 DAGs
[2024-12-21T18:42:19.879+0600] {logging_mixin.py:190} INFO - [2024-12-21T18:42:19.879+0600] {dag.py:3262} INFO - Creating ORM DAG for example_display_name
[2024-12-21T18:42:19.880+0600] {logging_mixin.py:190} INFO - [2024-12-21T18:42:19.880+0600] {dag.py:4180} INFO - Setting next_dagrun for example_display_name to None, run_after=None
[2024-12-21T18:42:19.913+0600] {processor.py:208} INFO - Processing /home/abr/.local/lib/python3.10/site-packages/airflow/example_dags/example_display_name.py took 0.302 seconds
[2024-12-21T18:43:40.342+0600] {processor.py:186} INFO - Started process (PID=6133) to work on /home/abr/.local/lib/python3.10/site-packages/airflow/example_dags/example_display_name.py
[2024-12-21T18:43:40.349+0600] {processor.py:914} INFO - Processing file /home/abr/.local/lib/python3.10/site-packages/airflow/example_dags/example_display_name.py for tasks to queue
[2024-12-21T18:43:40.352+0600] {logging_mixin.py:190} INFO - [2024-12-21T18:43:40.352+0600] {dagbag.py:588} INFO - Filling up the DagBag from /home/abr/.local/lib/python3.10/site-packages/airflow/example_dags/example_display_name.py
[2024-12-21T18:43:40.366+0600] {processor.py:925} INFO - DAG(s) 'example_display_name' retrieved from /home/abr/.local/lib/python3.10/site-packages/airflow/example_dags/example_display_name.py
[2024-12-21T18:43:40.390+0600] {logging_mixin.py:190} INFO - [2024-12-21T18:43:40.390+0600] {dag.py:3239} INFO - Sync 1 DAGs
[2024-12-21T18:43:40.411+0600] {logging_mixin.py:190} INFO - [2024-12-21T18:43:40.410+0600] {dag.py:4180} INFO - Setting next_dagrun for example_display_name to None, run_after=None
[2024-12-21T18:43:40.443+0600] {processor.py:208} INFO - Processing /home/abr/.local/lib/python3.10/site-packages/airflow/example_dags/example_display_name.py took 0.111 seconds
[2024-12-21T18:44:53.821+0600] {processor.py:186} INFO - Started process (PID=6265) to work on /home/abr/.local/lib/python3.10/site-packages/airflow/example_dags/example_display_name.py
[2024-12-21T18:44:53.827+0600] {processor.py:914} INFO - Processing file /home/abr/.local/lib/python3.10/site-packages/airflow/example_dags/example_display_name.py for tasks to queue
[2024-12-21T18:44:53.830+0600] {logging_mixin.py:190} INFO - [2024-12-21T18:44:53.830+0600] {dagbag.py:588} INFO - Filling up the DagBag from /home/abr/.local/lib/python3.10/site-packages/airflow/example_dags/example_display_name.py
[2024-12-21T18:44:53.843+0600] {processor.py:925} INFO - DAG(s) 'example_display_name' retrieved from /home/abr/.local/lib/python3.10/site-packages/airflow/example_dags/example_display_name.py
[2024-12-21T18:44:53.867+0600] {logging_mixin.py:190} INFO - [2024-12-21T18:44:53.867+0600] {dag.py:3239} INFO - Sync 1 DAGs
[2024-12-21T18:44:53.888+0600] {logging_mixin.py:190} INFO - [2024-12-21T18:44:53.887+0600] {dag.py:4180} INFO - Setting next_dagrun for example_display_name to None, run_after=None
[2024-12-21T18:44:53.919+0600] {processor.py:208} INFO - Processing /home/abr/.local/lib/python3.10/site-packages/airflow/example_dags/example_display_name.py took 0.108 seconds
[2024-12-21T18:45:57.576+0600] {processor.py:186} INFO - Started process (PID=6390) to work on /home/abr/.local/lib/python3.10/site-packages/airflow/example_dags/example_display_name.py
[2024-12-21T18:45:57.583+0600] {processor.py:914} INFO - Processing file /home/abr/.local/lib/python3.10/site-packages/airflow/example_dags/example_display_name.py for tasks to queue
[2024-12-21T18:45:57.586+0600] {logging_mixin.py:190} INFO - [2024-12-21T18:45:57.586+0600] {dagbag.py:588} INFO - Filling up the DagBag from /home/abr/.local/lib/python3.10/site-packages/airflow/example_dags/example_display_name.py
[2024-12-21T18:45:57.599+0600] {processor.py:925} INFO - DAG(s) 'example_display_name' retrieved from /home/abr/.local/lib/python3.10/site-packages/airflow/example_dags/example_display_name.py
[2024-12-21T18:45:57.623+0600] {logging_mixin.py:190} INFO - [2024-12-21T18:45:57.623+0600] {dag.py:3239} INFO - Sync 1 DAGs
[2024-12-21T18:45:57.643+0600] {logging_mixin.py:190} INFO - [2024-12-21T18:45:57.643+0600] {dag.py:4180} INFO - Setting next_dagrun for example_display_name to None, run_after=None
[2024-12-21T18:45:57.674+0600] {processor.py:208} INFO - Processing /home/abr/.local/lib/python3.10/site-packages/airflow/example_dags/example_display_name.py took 0.108 seconds
[2024-12-21T18:47:01.654+0600] {processor.py:186} INFO - Started process (PID=6533) to work on /home/abr/.local/lib/python3.10/site-packages/airflow/example_dags/example_display_name.py
[2024-12-21T18:47:01.661+0600] {processor.py:914} INFO - Processing file /home/abr/.local/lib/python3.10/site-packages/airflow/example_dags/example_display_name.py for tasks to queue
[2024-12-21T18:47:01.664+0600] {logging_mixin.py:190} INFO - [2024-12-21T18:47:01.664+0600] {dagbag.py:588} INFO - Filling up the DagBag from /home/abr/.local/lib/python3.10/site-packages/airflow/example_dags/example_display_name.py
[2024-12-21T18:47:01.677+0600] {processor.py:925} INFO - DAG(s) 'example_display_name' retrieved from /home/abr/.local/lib/python3.10/site-packages/airflow/example_dags/example_display_name.py
[2024-12-21T18:47:01.700+0600] {logging_mixin.py:190} INFO - [2024-12-21T18:47:01.700+0600] {dag.py:3239} INFO - Sync 1 DAGs
[2024-12-21T18:47:01.721+0600] {logging_mixin.py:190} INFO - [2024-12-21T18:47:01.721+0600] {dag.py:4180} INFO - Setting next_dagrun for example_display_name to None, run_after=None
[2024-12-21T18:47:01.753+0600] {processor.py:208} INFO - Processing /home/abr/.local/lib/python3.10/site-packages/airflow/example_dags/example_display_name.py took 0.109 seconds
[2024-12-21T18:48:08.158+0600] {processor.py:186} INFO - Started process (PID=6616) to work on /home/abr/.local/lib/python3.10/site-packages/airflow/example_dags/example_display_name.py
[2024-12-21T18:48:08.165+0600] {processor.py:914} INFO - Processing file /home/abr/.local/lib/python3.10/site-packages/airflow/example_dags/example_display_name.py for tasks to queue
[2024-12-21T18:48:08.168+0600] {logging_mixin.py:190} INFO - [2024-12-21T18:48:08.168+0600] {dagbag.py:588} INFO - Filling up the DagBag from /home/abr/.local/lib/python3.10/site-packages/airflow/example_dags/example_display_name.py
[2024-12-21T18:48:08.181+0600] {processor.py:925} INFO - DAG(s) 'example_display_name' retrieved from /home/abr/.local/lib/python3.10/site-packages/airflow/example_dags/example_display_name.py
[2024-12-21T18:48:08.205+0600] {logging_mixin.py:190} INFO - [2024-12-21T18:48:08.205+0600] {dag.py:3239} INFO - Sync 1 DAGs
[2024-12-21T18:48:08.226+0600] {logging_mixin.py:190} INFO - [2024-12-21T18:48:08.225+0600] {dag.py:4180} INFO - Setting next_dagrun for example_display_name to None, run_after=None
[2024-12-21T18:48:08.256+0600] {processor.py:208} INFO - Processing /home/abr/.local/lib/python3.10/site-packages/airflow/example_dags/example_display_name.py took 0.108 seconds
[2024-12-21T18:49:11.030+0600] {processor.py:186} INFO - Started process (PID=6700) to work on /home/abr/.local/lib/python3.10/site-packages/airflow/example_dags/example_display_name.py
[2024-12-21T18:49:11.036+0600] {processor.py:914} INFO - Processing file /home/abr/.local/lib/python3.10/site-packages/airflow/example_dags/example_display_name.py for tasks to queue
[2024-12-21T18:49:11.040+0600] {logging_mixin.py:190} INFO - [2024-12-21T18:49:11.039+0600] {dagbag.py:588} INFO - Filling up the DagBag from /home/abr/.local/lib/python3.10/site-packages/airflow/example_dags/example_display_name.py
[2024-12-21T18:49:11.054+0600] {processor.py:925} INFO - DAG(s) 'example_display_name' retrieved from /home/abr/.local/lib/python3.10/site-packages/airflow/example_dags/example_display_name.py
[2024-12-21T18:49:11.082+0600] {logging_mixin.py:190} INFO - [2024-12-21T18:49:11.082+0600] {dag.py:3239} INFO - Sync 1 DAGs
[2024-12-21T18:49:11.102+0600] {logging_mixin.py:190} INFO - [2024-12-21T18:49:11.101+0600] {dag.py:4180} INFO - Setting next_dagrun for example_display_name to None, run_after=None
[2024-12-21T18:49:11.132+0600] {processor.py:208} INFO - Processing /home/abr/.local/lib/python3.10/site-packages/airflow/example_dags/example_display_name.py took 0.112 seconds
[2024-12-21T18:50:13.534+0600] {processor.py:186} INFO - Started process (PID=6818) to work on /home/abr/.local/lib/python3.10/site-packages/airflow/example_dags/example_display_name.py
[2024-12-21T18:50:13.541+0600] {processor.py:914} INFO - Processing file /home/abr/.local/lib/python3.10/site-packages/airflow/example_dags/example_display_name.py for tasks to queue
[2024-12-21T18:50:13.545+0600] {logging_mixin.py:190} INFO - [2024-12-21T18:50:13.544+0600] {dagbag.py:588} INFO - Filling up the DagBag from /home/abr/.local/lib/python3.10/site-packages/airflow/example_dags/example_display_name.py
[2024-12-21T18:50:13.558+0600] {processor.py:925} INFO - DAG(s) 'example_display_name' retrieved from /home/abr/.local/lib/python3.10/site-packages/airflow/example_dags/example_display_name.py
[2024-12-21T18:50:13.582+0600] {logging_mixin.py:190} INFO - [2024-12-21T18:50:13.582+0600] {dag.py:3239} INFO - Sync 1 DAGs
[2024-12-21T18:50:13.603+0600] {logging_mixin.py:190} INFO - [2024-12-21T18:50:13.603+0600] {dag.py:4180} INFO - Setting next_dagrun for example_display_name to None, run_after=None
[2024-12-21T18:50:13.635+0600] {processor.py:208} INFO - Processing /home/abr/.local/lib/python3.10/site-packages/airflow/example_dags/example_display_name.py took 0.112 seconds
[2024-12-21T18:51:15.677+0600] {processor.py:186} INFO - Started process (PID=6922) to work on /home/abr/.local/lib/python3.10/site-packages/airflow/example_dags/example_display_name.py
[2024-12-21T18:51:15.683+0600] {processor.py:914} INFO - Processing file /home/abr/.local/lib/python3.10/site-packages/airflow/example_dags/example_display_name.py for tasks to queue
[2024-12-21T18:51:15.687+0600] {logging_mixin.py:190} INFO - [2024-12-21T18:51:15.686+0600] {dagbag.py:588} INFO - Filling up the DagBag from /home/abr/.local/lib/python3.10/site-packages/airflow/example_dags/example_display_name.py
[2024-12-21T18:51:15.699+0600] {processor.py:925} INFO - DAG(s) 'example_display_name' retrieved from /home/abr/.local/lib/python3.10/site-packages/airflow/example_dags/example_display_name.py
[2024-12-21T18:51:15.723+0600] {logging_mixin.py:190} INFO - [2024-12-21T18:51:15.723+0600] {dag.py:3239} INFO - Sync 1 DAGs
[2024-12-21T18:51:15.743+0600] {logging_mixin.py:190} INFO - [2024-12-21T18:51:15.742+0600] {dag.py:4180} INFO - Setting next_dagrun for example_display_name to None, run_after=None
[2024-12-21T18:51:15.776+0600] {processor.py:208} INFO - Processing /home/abr/.local/lib/python3.10/site-packages/airflow/example_dags/example_display_name.py took 0.110 seconds
[2024-12-21T18:52:17.806+0600] {processor.py:186} INFO - Started process (PID=7021) to work on /home/abr/.local/lib/python3.10/site-packages/airflow/example_dags/example_display_name.py
[2024-12-21T18:52:17.813+0600] {processor.py:914} INFO - Processing file /home/abr/.local/lib/python3.10/site-packages/airflow/example_dags/example_display_name.py for tasks to queue
[2024-12-21T18:52:17.816+0600] {logging_mixin.py:190} INFO - [2024-12-21T18:52:17.815+0600] {dagbag.py:588} INFO - Filling up the DagBag from /home/abr/.local/lib/python3.10/site-packages/airflow/example_dags/example_display_name.py
[2024-12-21T18:52:17.829+0600] {processor.py:925} INFO - DAG(s) 'example_display_name' retrieved from /home/abr/.local/lib/python3.10/site-packages/airflow/example_dags/example_display_name.py
[2024-12-21T18:52:17.852+0600] {logging_mixin.py:190} INFO - [2024-12-21T18:52:17.852+0600] {dag.py:3239} INFO - Sync 1 DAGs
[2024-12-21T18:52:17.872+0600] {logging_mixin.py:190} INFO - [2024-12-21T18:52:17.872+0600] {dag.py:4180} INFO - Setting next_dagrun for example_display_name to None, run_after=None
[2024-12-21T18:52:17.904+0600] {processor.py:208} INFO - Processing /home/abr/.local/lib/python3.10/site-packages/airflow/example_dags/example_display_name.py took 0.109 seconds
