[2024-12-21T18:42:32.003+0600] {processor.py:186} INFO - Started process (PID=6036) to work on /home/abr/.local/lib/python3.10/site-packages/airflow/example_dags/example_branch_day_of_week_operator.py
[2024-12-21T18:42:32.004+0600] {processor.py:914} INFO - Processing file /home/abr/.local/lib/python3.10/site-packages/airflow/example_dags/example_branch_day_of_week_operator.py for tasks to queue
[2024-12-21T18:42:32.007+0600] {logging_mixin.py:190} INFO - [2024-12-21T18:42:32.007+0600] {dagbag.py:588} INFO - Filling up the DagBag from /home/abr/.local/lib/python3.10/site-packages/airflow/example_dags/example_branch_day_of_week_operator.py
[2024-12-21T18:42:32.024+0600] {processor.py:925} INFO - DAG(s) 'example_weekday_branch_operator' retrieved from /home/abr/.local/lib/python3.10/site-packages/airflow/example_dags/example_branch_day_of_week_operator.py
[2024-12-21T18:42:32.182+0600] {logging_mixin.py:190} INFO - [2024-12-21T18:42:32.181+0600] {override.py:1911} INFO - Created Permission View: can read on DAG:example_weekday_branch_operator
[2024-12-21T18:42:32.198+0600] {logging_mixin.py:190} INFO - [2024-12-21T18:42:32.197+0600] {override.py:1911} INFO - Created Permission View: can delete on DAG:example_weekday_branch_operator
[2024-12-21T18:42:32.208+0600] {logging_mixin.py:190} INFO - [2024-12-21T18:42:32.207+0600] {override.py:1911} INFO - Created Permission View: can edit on DAG:example_weekday_branch_operator
[2024-12-21T18:42:32.221+0600] {logging_mixin.py:190} INFO - [2024-12-21T18:42:32.220+0600] {override.py:1911} INFO - Created Permission View: can read on DAG Run:example_weekday_branch_operator
[2024-12-21T18:42:32.231+0600] {logging_mixin.py:190} INFO - [2024-12-21T18:42:32.230+0600] {override.py:1911} INFO - Created Permission View: can create on DAG Run:example_weekday_branch_operator
[2024-12-21T18:42:32.241+0600] {logging_mixin.py:190} INFO - [2024-12-21T18:42:32.240+0600] {override.py:1911} INFO - Created Permission View: can delete on DAG Run:example_weekday_branch_operator
[2024-12-21T18:42:32.251+0600] {logging_mixin.py:190} INFO - [2024-12-21T18:42:32.251+0600] {override.py:1911} INFO - Created Permission View: menu access on DAG Run:example_weekday_branch_operator
[2024-12-21T18:42:32.252+0600] {logging_mixin.py:190} INFO - [2024-12-21T18:42:32.252+0600] {dag.py:3239} INFO - Sync 1 DAGs
[2024-12-21T18:42:32.270+0600] {logging_mixin.py:190} INFO - [2024-12-21T18:42:32.270+0600] {dag.py:3262} INFO - Creating ORM DAG for example_weekday_branch_operator
[2024-12-21T18:42:32.285+0600] {logging_mixin.py:190} INFO - [2024-12-21T18:42:32.284+0600] {dag.py:4180} INFO - Setting next_dagrun for example_weekday_branch_operator to 2024-12-20 00:00:00+00:00, run_after=2024-12-21 00:00:00+00:00
[2024-12-21T18:42:32.321+0600] {processor.py:208} INFO - Processing /home/abr/.local/lib/python3.10/site-packages/airflow/example_dags/example_branch_day_of_week_operator.py took 0.329 seconds
[2024-12-21T18:43:50.785+0600] {processor.py:186} INFO - Started process (PID=6148) to work on /home/abr/.local/lib/python3.10/site-packages/airflow/example_dags/example_branch_day_of_week_operator.py
[2024-12-21T18:43:50.791+0600] {processor.py:914} INFO - Processing file /home/abr/.local/lib/python3.10/site-packages/airflow/example_dags/example_branch_day_of_week_operator.py for tasks to queue
[2024-12-21T18:43:50.795+0600] {logging_mixin.py:190} INFO - [2024-12-21T18:43:50.794+0600] {dagbag.py:588} INFO - Filling up the DagBag from /home/abr/.local/lib/python3.10/site-packages/airflow/example_dags/example_branch_day_of_week_operator.py
[2024-12-21T18:43:50.812+0600] {processor.py:925} INFO - DAG(s) 'example_weekday_branch_operator' retrieved from /home/abr/.local/lib/python3.10/site-packages/airflow/example_dags/example_branch_day_of_week_operator.py
[2024-12-21T18:43:50.838+0600] {logging_mixin.py:190} INFO - [2024-12-21T18:43:50.838+0600] {dag.py:3239} INFO - Sync 1 DAGs
[2024-12-21T18:43:50.872+0600] {logging_mixin.py:190} INFO - [2024-12-21T18:43:50.871+0600] {dag.py:4180} INFO - Setting next_dagrun for example_weekday_branch_operator to 2024-12-20 00:00:00+00:00, run_after=2024-12-21 00:00:00+00:00
[2024-12-21T18:43:50.903+0600] {processor.py:208} INFO - Processing /home/abr/.local/lib/python3.10/site-packages/airflow/example_dags/example_branch_day_of_week_operator.py took 0.129 seconds
[2024-12-21T18:45:02.979+0600] {processor.py:186} INFO - Started process (PID=6302) to work on /home/abr/.local/lib/python3.10/site-packages/airflow/example_dags/example_branch_day_of_week_operator.py
[2024-12-21T18:45:02.986+0600] {processor.py:914} INFO - Processing file /home/abr/.local/lib/python3.10/site-packages/airflow/example_dags/example_branch_day_of_week_operator.py for tasks to queue
[2024-12-21T18:45:02.990+0600] {logging_mixin.py:190} INFO - [2024-12-21T18:45:02.989+0600] {dagbag.py:588} INFO - Filling up the DagBag from /home/abr/.local/lib/python3.10/site-packages/airflow/example_dags/example_branch_day_of_week_operator.py
[2024-12-21T18:45:03.007+0600] {processor.py:925} INFO - DAG(s) 'example_weekday_branch_operator' retrieved from /home/abr/.local/lib/python3.10/site-packages/airflow/example_dags/example_branch_day_of_week_operator.py
[2024-12-21T18:45:03.034+0600] {logging_mixin.py:190} INFO - [2024-12-21T18:45:03.034+0600] {dag.py:3239} INFO - Sync 1 DAGs
[2024-12-21T18:45:03.066+0600] {logging_mixin.py:190} INFO - [2024-12-21T18:45:03.066+0600] {dag.py:4180} INFO - Setting next_dagrun for example_weekday_branch_operator to 2024-12-20 00:00:00+00:00, run_after=2024-12-21 00:00:00+00:00
[2024-12-21T18:45:03.098+0600] {processor.py:208} INFO - Processing /home/abr/.local/lib/python3.10/site-packages/airflow/example_dags/example_branch_day_of_week_operator.py took 0.129 seconds
[2024-12-21T18:46:07.842+0600] {processor.py:186} INFO - Started process (PID=6409) to work on /home/abr/.local/lib/python3.10/site-packages/airflow/example_dags/example_branch_day_of_week_operator.py
[2024-12-21T18:46:07.849+0600] {processor.py:914} INFO - Processing file /home/abr/.local/lib/python3.10/site-packages/airflow/example_dags/example_branch_day_of_week_operator.py for tasks to queue
[2024-12-21T18:46:07.852+0600] {logging_mixin.py:190} INFO - [2024-12-21T18:46:07.851+0600] {dagbag.py:588} INFO - Filling up the DagBag from /home/abr/.local/lib/python3.10/site-packages/airflow/example_dags/example_branch_day_of_week_operator.py
[2024-12-21T18:46:07.869+0600] {processor.py:925} INFO - DAG(s) 'example_weekday_branch_operator' retrieved from /home/abr/.local/lib/python3.10/site-packages/airflow/example_dags/example_branch_day_of_week_operator.py
[2024-12-21T18:46:07.896+0600] {logging_mixin.py:190} INFO - [2024-12-21T18:46:07.895+0600] {dag.py:3239} INFO - Sync 1 DAGs
[2024-12-21T18:46:07.928+0600] {logging_mixin.py:190} INFO - [2024-12-21T18:46:07.928+0600] {dag.py:4180} INFO - Setting next_dagrun for example_weekday_branch_operator to 2024-12-20 00:00:00+00:00, run_after=2024-12-21 00:00:00+00:00
[2024-12-21T18:46:07.958+0600] {processor.py:208} INFO - Processing /home/abr/.local/lib/python3.10/site-packages/airflow/example_dags/example_branch_day_of_week_operator.py took 0.126 seconds
[2024-12-21T18:47:12.717+0600] {processor.py:186} INFO - Started process (PID=6543) to work on /home/abr/.local/lib/python3.10/site-packages/airflow/example_dags/example_branch_day_of_week_operator.py
[2024-12-21T18:47:12.718+0600] {processor.py:914} INFO - Processing file /home/abr/.local/lib/python3.10/site-packages/airflow/example_dags/example_branch_day_of_week_operator.py for tasks to queue
[2024-12-21T18:47:12.722+0600] {logging_mixin.py:190} INFO - [2024-12-21T18:47:12.721+0600] {dagbag.py:588} INFO - Filling up the DagBag from /home/abr/.local/lib/python3.10/site-packages/airflow/example_dags/example_branch_day_of_week_operator.py
[2024-12-21T18:47:12.739+0600] {processor.py:925} INFO - DAG(s) 'example_weekday_branch_operator' retrieved from /home/abr/.local/lib/python3.10/site-packages/airflow/example_dags/example_branch_day_of_week_operator.py
[2024-12-21T18:47:12.765+0600] {logging_mixin.py:190} INFO - [2024-12-21T18:47:12.765+0600] {dag.py:3239} INFO - Sync 1 DAGs
[2024-12-21T18:47:12.799+0600] {logging_mixin.py:190} INFO - [2024-12-21T18:47:12.799+0600] {dag.py:4180} INFO - Setting next_dagrun for example_weekday_branch_operator to 2024-12-20 00:00:00+00:00, run_after=2024-12-21 00:00:00+00:00
[2024-12-21T18:47:12.829+0600] {processor.py:208} INFO - Processing /home/abr/.local/lib/python3.10/site-packages/airflow/example_dags/example_branch_day_of_week_operator.py took 0.123 seconds
[2024-12-21T18:48:17.450+0600] {processor.py:186} INFO - Started process (PID=6626) to work on /home/abr/.local/lib/python3.10/site-packages/airflow/example_dags/example_branch_day_of_week_operator.py
[2024-12-21T18:48:17.456+0600] {processor.py:914} INFO - Processing file /home/abr/.local/lib/python3.10/site-packages/airflow/example_dags/example_branch_day_of_week_operator.py for tasks to queue
[2024-12-21T18:48:17.460+0600] {logging_mixin.py:190} INFO - [2024-12-21T18:48:17.459+0600] {dagbag.py:588} INFO - Filling up the DagBag from /home/abr/.local/lib/python3.10/site-packages/airflow/example_dags/example_branch_day_of_week_operator.py
[2024-12-21T18:48:17.477+0600] {processor.py:925} INFO - DAG(s) 'example_weekday_branch_operator' retrieved from /home/abr/.local/lib/python3.10/site-packages/airflow/example_dags/example_branch_day_of_week_operator.py
[2024-12-21T18:48:17.504+0600] {logging_mixin.py:190} INFO - [2024-12-21T18:48:17.504+0600] {dag.py:3239} INFO - Sync 1 DAGs
[2024-12-21T18:48:17.537+0600] {logging_mixin.py:190} INFO - [2024-12-21T18:48:17.536+0600] {dag.py:4180} INFO - Setting next_dagrun for example_weekday_branch_operator to 2024-12-20 00:00:00+00:00, run_after=2024-12-21 00:00:00+00:00
[2024-12-21T18:48:17.567+0600] {processor.py:208} INFO - Processing /home/abr/.local/lib/python3.10/site-packages/airflow/example_dags/example_branch_day_of_week_operator.py took 0.128 seconds
[2024-12-21T18:49:21.386+0600] {processor.py:186} INFO - Started process (PID=6709) to work on /home/abr/.local/lib/python3.10/site-packages/airflow/example_dags/example_branch_day_of_week_operator.py
[2024-12-21T18:49:21.392+0600] {processor.py:914} INFO - Processing file /home/abr/.local/lib/python3.10/site-packages/airflow/example_dags/example_branch_day_of_week_operator.py for tasks to queue
[2024-12-21T18:49:21.395+0600] {logging_mixin.py:190} INFO - [2024-12-21T18:49:21.395+0600] {dagbag.py:588} INFO - Filling up the DagBag from /home/abr/.local/lib/python3.10/site-packages/airflow/example_dags/example_branch_day_of_week_operator.py
[2024-12-21T18:49:21.412+0600] {processor.py:925} INFO - DAG(s) 'example_weekday_branch_operator' retrieved from /home/abr/.local/lib/python3.10/site-packages/airflow/example_dags/example_branch_day_of_week_operator.py
[2024-12-21T18:49:21.439+0600] {logging_mixin.py:190} INFO - [2024-12-21T18:49:21.438+0600] {dag.py:3239} INFO - Sync 1 DAGs
[2024-12-21T18:49:21.472+0600] {logging_mixin.py:190} INFO - [2024-12-21T18:49:21.471+0600] {dag.py:4180} INFO - Setting next_dagrun for example_weekday_branch_operator to 2024-12-20 00:00:00+00:00, run_after=2024-12-21 00:00:00+00:00
[2024-12-21T18:49:21.502+0600] {processor.py:208} INFO - Processing /home/abr/.local/lib/python3.10/site-packages/airflow/example_dags/example_branch_day_of_week_operator.py took 0.126 seconds
[2024-12-21T18:50:23.034+0600] {processor.py:186} INFO - Started process (PID=6834) to work on /home/abr/.local/lib/python3.10/site-packages/airflow/example_dags/example_branch_day_of_week_operator.py
[2024-12-21T18:50:23.036+0600] {processor.py:914} INFO - Processing file /home/abr/.local/lib/python3.10/site-packages/airflow/example_dags/example_branch_day_of_week_operator.py for tasks to queue
[2024-12-21T18:50:23.040+0600] {logging_mixin.py:190} INFO - [2024-12-21T18:50:23.039+0600] {dagbag.py:588} INFO - Filling up the DagBag from /home/abr/.local/lib/python3.10/site-packages/airflow/example_dags/example_branch_day_of_week_operator.py
[2024-12-21T18:50:23.056+0600] {processor.py:925} INFO - DAG(s) 'example_weekday_branch_operator' retrieved from /home/abr/.local/lib/python3.10/site-packages/airflow/example_dags/example_branch_day_of_week_operator.py
[2024-12-21T18:50:23.081+0600] {logging_mixin.py:190} INFO - [2024-12-21T18:50:23.081+0600] {dag.py:3239} INFO - Sync 1 DAGs
[2024-12-21T18:50:23.113+0600] {logging_mixin.py:190} INFO - [2024-12-21T18:50:23.113+0600] {dag.py:4180} INFO - Setting next_dagrun for example_weekday_branch_operator to 2024-12-20 00:00:00+00:00, run_after=2024-12-21 00:00:00+00:00
[2024-12-21T18:50:23.144+0600] {processor.py:208} INFO - Processing /home/abr/.local/lib/python3.10/site-packages/airflow/example_dags/example_branch_day_of_week_operator.py took 0.120 seconds
[2024-12-21T18:51:25.313+0600] {processor.py:186} INFO - Started process (PID=6932) to work on /home/abr/.local/lib/python3.10/site-packages/airflow/example_dags/example_branch_day_of_week_operator.py
[2024-12-21T18:51:25.320+0600] {processor.py:914} INFO - Processing file /home/abr/.local/lib/python3.10/site-packages/airflow/example_dags/example_branch_day_of_week_operator.py for tasks to queue
[2024-12-21T18:51:25.323+0600] {logging_mixin.py:190} INFO - [2024-12-21T18:51:25.322+0600] {dagbag.py:588} INFO - Filling up the DagBag from /home/abr/.local/lib/python3.10/site-packages/airflow/example_dags/example_branch_day_of_week_operator.py
[2024-12-21T18:51:25.339+0600] {processor.py:925} INFO - DAG(s) 'example_weekday_branch_operator' retrieved from /home/abr/.local/lib/python3.10/site-packages/airflow/example_dags/example_branch_day_of_week_operator.py
[2024-12-21T18:51:25.366+0600] {logging_mixin.py:190} INFO - [2024-12-21T18:51:25.366+0600] {dag.py:3239} INFO - Sync 1 DAGs
[2024-12-21T18:51:25.399+0600] {logging_mixin.py:190} INFO - [2024-12-21T18:51:25.398+0600] {dag.py:4180} INFO - Setting next_dagrun for example_weekday_branch_operator to 2024-12-20 00:00:00+00:00, run_after=2024-12-21 00:00:00+00:00
[2024-12-21T18:51:25.430+0600] {processor.py:208} INFO - Processing /home/abr/.local/lib/python3.10/site-packages/airflow/example_dags/example_branch_day_of_week_operator.py took 0.127 seconds
[2024-12-21T18:52:28.027+0600] {processor.py:186} INFO - Started process (PID=7030) to work on /home/abr/.local/lib/python3.10/site-packages/airflow/example_dags/example_branch_day_of_week_operator.py
[2024-12-21T18:52:28.034+0600] {processor.py:914} INFO - Processing file /home/abr/.local/lib/python3.10/site-packages/airflow/example_dags/example_branch_day_of_week_operator.py for tasks to queue
[2024-12-21T18:52:28.037+0600] {logging_mixin.py:190} INFO - [2024-12-21T18:52:28.036+0600] {dagbag.py:588} INFO - Filling up the DagBag from /home/abr/.local/lib/python3.10/site-packages/airflow/example_dags/example_branch_day_of_week_operator.py
[2024-12-21T18:52:28.053+0600] {processor.py:925} INFO - DAG(s) 'example_weekday_branch_operator' retrieved from /home/abr/.local/lib/python3.10/site-packages/airflow/example_dags/example_branch_day_of_week_operator.py
[2024-12-21T18:52:28.079+0600] {logging_mixin.py:190} INFO - [2024-12-21T18:52:28.079+0600] {dag.py:3239} INFO - Sync 1 DAGs
[2024-12-21T18:52:28.113+0600] {logging_mixin.py:190} INFO - [2024-12-21T18:52:28.112+0600] {dag.py:4180} INFO - Setting next_dagrun for example_weekday_branch_operator to 2024-12-20 00:00:00+00:00, run_after=2024-12-21 00:00:00+00:00
[2024-12-21T18:52:28.144+0600] {processor.py:208} INFO - Processing /home/abr/.local/lib/python3.10/site-packages/airflow/example_dags/example_branch_day_of_week_operator.py took 0.127 seconds
